Mon Aug  7 14:47:27 PDT 2023
;; 1. Based on: 121
$PROBLEM    rabbit plasma PK
$INPUT      ID OLDID=DROP WT DAT2=DROP TIME EVID DOSE_MGKG AMT TAD DV
            NGML CMPD STUDY=DROP CMT BLQ DV_ZERO
$DATA      all_TBAJ-876_plasma_studies_wCMT_BLQ_M3.csv IGNORE=@
            IGNORE(ID.LT.12) IGNORE(BLQ.EQ.1)
$SUBROUTINE ADVAN6 TOL=5
$MODEL      NCOMP=6 COMP=(ABS,DEFDOSE) COMP=(CENTRAL,DEFOBS)
            COMP=(PERIPH) COMP(CMPD) COMP(TRANSIT1) COMP(TRANSIT2)
$PK       
CL = THETA(3)*EXP(ETA(1))
V  = THETA(4)*EXP(ETA(2))
KE = CL/V
KA = THETA(5)*EXP(ETA(3))
V2 = THETA(6)
Q = THETA(7)
K12 = Q/V
K21 = Q/V2
Fm = 1
S2=V
;Fm=THETA(13) ; fraction of drug metabolized

KM   = THETA(8)
VMAX = KM*CL

; M3 CL, CLm
TVCLm=THETA(9)
CLm=TVCLm*EXP(ETA(4))

; M3 V, Vm
TVVm=THETA(10)
Vm=TVVm*EXP(ETA(5))

;TRANSIT MODEL PARAMETER
MTT =THETA(13)*EXP(ETA(6))
N=2
KTR=N/MTT; transit rate constant

$DES  
DADT(1)= -KTR*A(1)
;DADT(1)=-KA*A(1)    
DADT(2)=A(6)*KA-(VMAX*A(2)/V)/(KM+A(2)/V)-A(2)*K12+A(3)*K21
DADT(3)=A(2)*K12-A(3)*K21
DADT(4) = Fm*(CL/V)*A(2) - (CLm/Vm)*A(4) 
DADT(5)=KTR*A(1)-KTR*A(5)
DADT(6)=KTR*A(5)-KA*A(6) 

$ERROR  
CP = A(2)/V
CM = A(4)/Vm      
IF(CMT.EQ.2) IPRED=A(2)/V
IF(CMT.EQ.4) IPRED=A(4)/Vm

PROPm=THETA(11) ; Prop metabolite
ADDm=THETA(12)  ; add metabolite
WA=THETA(2) ; additive error
WP=THETA(1) ; proportional error

IF(CMT.EQ.2) W = SQRT(WA**2+(WP*IPRED)**2)
IF(CMT.EQ.4) W = SQRT(ADDm**2+PROPm**2*IPRED**2)
IF(W.EQ.0) W = 1

IRES=DV-IPRED 
IWRES=IRES/W 
Y = IPRED + W*EPS(1)        

$THETA  (0,0.520144) ; 1 Prop error
 (0,5E-05) FIX ; 2 Add error Error.
 (0,37.8745) ; 3 CL L/h
 (0,186.01) ; 4 V L
 (0,0.786354,65) ; 5 KA 1/h
 (0,1363) ; V2
 (0,42.1526) ; Q
 (0,0.186557) ; KM
 (0,60.2439) ; 6 CLm
 (0,593.81) ; 7 Vm
 (0,0.200932) ; PROPm
 0 FIX ; ADDm
 (0,1.27175) ; MTT
;(0,0.367475,1) ; Fm
$OMEGA  0.0929047  ;     CL IIV
 0  FIX  ;      V IIV
 0  FIX  ;     KA IIV
 0.125286  ;    CLm IIV
 0  FIX  ;     Vm IIV
 0  FIX
$SIGMA  1  FIX  ; eps residual variance
$ESTIMATION METHOD=1 INTERACTION PRINT=5 SIG=3 MAXEVAL=9999 NOABORT
$COVARIANCE UNCONDITIONAL
$TABLE      ID TIME IPRED PRED DV AMT WRES IWRES CWRES EVID TAD CMPD
            CP CM CMT NOPRINT ONEHEADER FILE=sdtab134
$TABLE      ID CL V KA KE CLm Vm NOPRINT ONEHEADER FILE=patab134
$TABLE      ID WT NOPRINT ONEHEADER FILE=cotab134


NM-TRAN MESSAGES
  
 WARNINGS AND ERRORS (IF ANY) FOR PROBLEM    1
             
 (WARNING  2) NM-TRAN INFERS THAT THE DATA ARE POPULATION.
             
 (WARNING  3) THERE MAY BE AN ERROR IN THE ABBREVIATED CODE. THE FOLLOWING
 ONE OR MORE RANDOM VARIABLES ARE DEFINED WITH "IF" STATEMENTS THAT DO NOT
 PROVIDE DEFINITIONS FOR BOTH THE "THEN" AND "ELSE" CASES. IF ALL
 CONDITIONS FAIL, THE VALUES OF THESE VARIABLES WILL BE ZERO.
  
   IPRED W


License Registered to: UCSF Rada Savic
Expiration Date:    14 APR 2024
Current Date:        7 AUG 2023
Days until program expires : 252
1NONLINEAR MIXED EFFECTS MODEL PROGRAM (NONMEM) VERSION 7.5.0
 ORIGINALLY DEVELOPED BY STUART BEAL, LEWIS SHEINER, AND ALISON BOECKMANN
 CURRENT DEVELOPERS ARE ROBERT BAUER, ICON DEVELOPMENT SOLUTIONS,
 AND ALISON BOECKMANN. IMPLEMENTATION, EFFICIENCY, AND STANDARDIZATION
 PERFORMED BY NOUS INFOSYSTEMS.

 PROBLEM NO.:         1
 rabbit plasma PK
0DATA CHECKOUT RUN:              NO
 DATA SET LOCATED ON UNIT NO.:    2
 THIS UNIT TO BE REWOUND:        NO
 NO. OF DATA RECS IN DATA SET:      781
 NO. OF DATA ITEMS IN DATA SET:  14
 ID DATA ITEM IS DATA ITEM NO.:   1
 DEP VARIABLE IS DATA ITEM NO.:   8
 MDV DATA ITEM IS DATA ITEM NO.: 14
0INDICES PASSED TO SUBROUTINE PRED:
   4   3   6   0   0   0  11   0   0   0   0
0LABELS FOR DATA ITEMS:
 ID WT TIME EVID DOSE_MGKG AMT TAD DV NGML CMPD CMT BLQ DV_ZERO MDV
0(NONBLANK) LABELS FOR PRED-DEFINED ITEMS:
 CL V KE KA CLm Vm CP CM IPRED IWRES
0FORMAT FOR DATA:
 (E2.0,E4.0,E7.0,E1.0,E18.0,E6.0,E19.0,E18.0/E5.0,3E1.0,E18.0,1F2.0)

 TOT. NO. OF OBS RECS:      391
 TOT. NO. OF INDIVIDUALS:       31
0LENGTH OF THETA:  13
0DEFAULT THETA BOUNDARY TEST OMITTED:    NO
0OMEGA HAS BLOCK FORM:
  1
  0  2
  0  0  3
  0  0  0  4
  0  0  0  0  5
  0  0  0  0  0  6
0DEFAULT OMEGA BOUNDARY TEST OMITTED:    NO
0SIGMA HAS SIMPLE DIAGONAL FORM WITH DIMENSION:   1
0DEFAULT SIGMA BOUNDARY TEST OMITTED:    NO
0INITIAL ESTIMATE OF THETA:
 LOWER BOUND    INITIAL EST    UPPER BOUND
  0.0000E+00     0.5201E+00     0.1000E+07
  0.5000E-04     0.5000E-04     0.5000E-04
  0.0000E+00     0.3787E+02     0.1000E+07
  0.0000E+00     0.1860E+03     0.1000E+07
  0.0000E+00     0.7864E+00     0.6500E+02
  0.0000E+00     0.1363E+04     0.1000E+07
  0.0000E+00     0.4215E+02     0.1000E+07
  0.0000E+00     0.1866E+00     0.1000E+07
  0.0000E+00     0.6024E+02     0.1000E+07
  0.0000E+00     0.5938E+03     0.1000E+07
  0.0000E+00     0.2009E+00     0.1000E+07
  0.0000E+00     0.0000E+00     0.0000E+00
  0.0000E+00     0.1272E+01     0.1000E+07
0INITIAL ESTIMATE OF OMEGA:
 BLOCK SET NO.   BLOCK                                                                    FIXED
        1                                                                                   NO
                  0.9290E-01
        2                                                                                  YES
                  0.0000E+00
        3                                                                                  YES
                  0.0000E+00
        4                                                                                   NO
                  0.1253E+00
        5                                                                                  YES
                  0.0000E+00
        6                                                                                  YES
                  0.0000E+00
0INITIAL ESTIMATE OF SIGMA:
 0.1000E+01
0SIGMA CONSTRAINED TO BE THIS INITIAL ESTIMATE
0COVARIANCE STEP OMITTED:        NO
 EIGENVLS. PRINTED:              NO
 SPECIAL COMPUTATION:            NO
 COMPRESSED FORMAT:              NO
 GRADIENT METHOD USED:     NOSLOW
 SIGDIGITS ETAHAT (SIGLO):                  -1
 SIGDIGITS GRADIENTS (SIGL):                -1
 EXCLUDE COV FOR FOCE (NOFCOV):              NO
 Cholesky Transposition of R Matrix (CHOLROFF):0
 KNUTHSUMOFF:                                -1
 RESUME COV ANALYSIS (RESUME):               NO
 SIR SAMPLE SIZE (SIRSAMPLE):
 NON-LINEARLY TRANSFORM THETAS DURING COV (THBND): 1
 PRECONDTIONING CYCLES (PRECOND):        0
 PRECONDTIONING TYPES (PRECONDS):        TOS
 FORCED PRECONDTIONING CYCLES (PFCOND):0
 PRECONDTIONING TYPE (PRETYPE):        0
 FORCED POS. DEFINITE SETTING DURING PRECONDITIONING: (FPOSDEF):0
 SIMPLE POS. DEFINITE SETTING: (POSDEF):-1
0TABLES STEP OMITTED:    NO
 NO. OF TABLES:           3
 SEED NUMBER (SEED):    11456
 RANMETHOD:             3U
 MC SAMPLES (ESAMPLE):    300
 WRES SQUARE ROOT TYPE (WRESCHOL): EIGENVALUE
0-- TABLE   1 --
0RECORDS ONLY:    ALL
04 COLUMNS APPENDED:    YES
 PRINTED:                NO
 HEADER:                YES
 FILE TO BE FORWARDED:   NO
 FORMAT:                S1PE11.4
 IDFORMAT:
 LFORMAT:
 RFORMAT:
 FIXED_EFFECT_ETAS:
0USER-CHOSEN ITEMS:
 ID TIME IPRED DV AMT IWRES CWRES EVID TAD CMPD CP CM CMT
0-- TABLE   2 --
0RECORDS ONLY:    ALL
04 COLUMNS APPENDED:    YES
 PRINTED:                NO
 HEADER:                YES
 FILE TO BE FORWARDED:   NO
 FORMAT:                S1PE11.4
 IDFORMAT:
 LFORMAT:
 RFORMAT:
 FIXED_EFFECT_ETAS:
0USER-CHOSEN ITEMS:
 ID CL V KA KE CLm Vm
0-- TABLE   3 --
0RECORDS ONLY:    ALL
04 COLUMNS APPENDED:    YES
 PRINTED:                NO
 HEADER:                YES
 FILE TO BE FORWARDED:   NO
 FORMAT:                S1PE11.4
 IDFORMAT:
 LFORMAT:
 RFORMAT:
 FIXED_EFFECT_ETAS:
0USER-CHOSEN ITEMS:
 ID WT
1DOUBLE PRECISION PREDPP VERSION 7.5.0

 GENERAL NONLINEAR KINETICS MODEL (DVERK1, ADVAN6)
0MODEL SUBROUTINE USER-SUPPLIED - ID NO. 9999
0MAXIMUM NO. OF BASIC PK PARAMETERS:  11
0COMPARTMENT ATTRIBUTES
 COMPT. NO.   FUNCTION   INITIAL    ON/OFF      DOSE      DEFAULT    DEFAULT
                         STATUS     ALLOWED    ALLOWED    FOR DOSE   FOR OBS.
    1         ABS          ON         YES        YES        YES        NO
    2         CENTRAL      ON         YES        YES        NO         YES
    3         PERIPH       ON         YES        YES        NO         NO
    4         CMPD         ON         YES        YES        NO         NO
    5         TRANSIT1     ON         YES        YES        NO         NO
    6         TRANSIT2     ON         YES        YES        NO         NO
    7         OUTPUT       OFF        YES        NO         NO         NO
 INITIAL (BASE) TOLERANCE SETTINGS:
 NRD (RELATIVE) VALUE OF TOLERANCE:   5
 ANRD (ABSOLUTE) VALUE OF TOLERANCE:  12
1
 ADDITIONAL PK PARAMETERS - ASSIGNMENT OF ROWS IN GG
 COMPT. NO.                             INDICES
              SCALE      BIOAVAIL.   ZERO-ORDER  ZERO-ORDER  ABSORB
                         FRACTION    RATE        DURATION    LAG
    1            *           *           *           *           *
    2           12           *           *           *           *
    3            *           *           *           *           *
    4            *           *           *           *           *
    5            *           *           *           *           *
    6            *           *           *           *           *
    7            *           -           -           -           -
             - PARAMETER IS NOT ALLOWED FOR THIS MODEL
             * PARAMETER IS NOT SUPPLIED BY PK SUBROUTINE;
               WILL DEFAULT TO ONE IF APPLICABLE
0DATA ITEM INDICES USED BY PRED ARE:
   EVENT ID DATA ITEM IS DATA ITEM NO.:      4
   TIME DATA ITEM IS DATA ITEM NO.:          3
   DOSE AMOUNT DATA ITEM IS DATA ITEM NO.:   6
   COMPT. NO. DATA ITEM IS DATA ITEM NO.:   11

0PK SUBROUTINE CALLED WITH EVERY EVENT RECORD.
 PK SUBROUTINE NOT CALLED AT NONEVENT (ADDITIONAL OR LAGGED) DOSE TIMES.
0ERROR SUBROUTINE CALLED WITH EVERY EVENT RECORD.
0ERROR SUBROUTINE INDICATES THAT DERIVATIVES OF COMPARTMENT AMOUNTS ARE USED.
0DES SUBROUTINE USES COMPACT STORAGE MODE.
1


 #TBLN:      1
 #METH: First Order Conditional Estimation with Interaction

 ESTIMATION STEP OMITTED:                 NO
 ANALYSIS TYPE:                           POPULATION
 NUMBER OF SADDLE POINT RESET ITERATIONS:      0
 GRADIENT METHOD USED:               NOSLOW
 CONDITIONAL ESTIMATES USED:              YES
 CENTERED ETA:                            NO
 EPS-ETA INTERACTION:                     YES
 LAPLACIAN OBJ. FUNC.:                    NO
 NO. OF FUNCT. EVALS. ALLOWED:            9999
 NO. OF SIG. FIGURES REQUIRED:            3
 INTERMEDIATE PRINTOUT:                   YES
 ESTIMATE OUTPUT TO MSF:                  NO
 ABORT WITH PRED EXIT CODE 1:             NO
 IND. OBJ. FUNC. VALUES SORTED:           NO
 NUMERICAL DERIVATIVE
       FILE REQUEST (NUMDER):               NONE
 MAP (ETAHAT) ESTIMATION METHOD (OPTMAP):   0
 ETA HESSIAN EVALUATION METHOD (ETADER):    0
 INITIAL ETA FOR MAP ESTIMATION (MCETA):    0
 SIGDIGITS FOR MAP ESTIMATION (SIGLO):      100
 GRADIENT SIGDIGITS OF
       FIXED EFFECTS PARAMETERS (SIGL):     100
 NOPRIOR SETTING (NOPRIOR):                 0
 NOCOV SETTING (NOCOV):                     OFF
 DERCONT SETTING (DERCONT):                 OFF
 FINAL ETA RE-EVALUATION (FNLETA):          1
 EXCLUDE NON-INFLUENTIAL (NON-INFL.) ETAS
       IN SHRINKAGE (ETASTYPE):             NO
 NON-INFL. ETA CORRECTION (NONINFETA):      0
 RAW OUTPUT FILE (FILE): psn.ext
 EXCLUDE TITLE (NOTITLE):                   NO
 EXCLUDE COLUMN LABELS (NOLABEL):           NO
 FORMAT FOR ADDITIONAL FILES (FORMAT):      S1PE12.5
 PARAMETER ORDER FOR OUTPUTS (ORDER):       TSOL
 KNUTHSUMOFF:                               0
 INCLUDE LNTWOPI:                           NO
 INCLUDE CONSTANT TERM TO PRIOR (PRIORC):   NO
 INCLUDE CONSTANT TERM TO OMEGA (ETA) (OLNTWOPI):NO
 ADDITIONAL CONVERGENCE TEST (CTYPE=4)?:    NO
 EM OR BAYESIAN METHOD USED:                 NONE

 TOLERANCES FOR ESTIMATION/EVALUATION STEP:
 NRD (RELATIVE) VALUE OF TOLERANCE:   5
 ANRD (ABSOLUTE) VALUE OF TOLERANCE:  12
 TOLERANCES FOR COVARIANCE STEP:
 NRD (RELATIVE) VALUE OF TOLERANCE:   5
 ANRD (ABSOLUTE) VALUE OF TOLERANCE:  12
 TOLERANCES FOR TABLE/SCATTER STEP:
 NRD (RELATIVE) VALUE OF TOLERANCE:   5
 ANRD (ABSOLUTE) VALUE OF TOLERANCE:  12

 THE FOLLOWING LABELS ARE EQUIVALENT
 PRED=PREDI
 RES=RESI
 WRES=WRESI
 IWRS=IWRESI
 IPRD=IPREDI
 IRS=IRESI

 MONITORING OF SEARCH:


0ITERATION NO.:    0    OBJECTIVE VALUE:  -2745.45329327310        NO. OF FUNC. EVALS.:  13
 CUMULATIVE NO. OF FUNC. EVALS.:       13
 NPARAMETR:  5.2014E-01  3.7874E+01  1.8601E+02  7.8635E-01  1.3630E+03  4.2153E+01  1.8656E-01  6.0244E+01  5.9381E+02  2.0093E-01
             1.2717E+00  9.2905E-02  1.2529E-01
 PARAMETER:  1.0000E-01  1.0000E-01  1.0000E-01  1.0000E-01  1.0000E-01  1.0000E-01  1.0000E-01  1.0000E-01  1.0000E-01  1.0000E-01
             1.0000E-01  1.0000E-01  1.0000E-01
 GRADIENT:   1.6698E+00 -2.0551E+00  3.3257E+01 -3.6365E+01  8.2263E+00 -2.1450E+01 -2.2021E-01 -6.2356E-01  9.4408E+00 -1.3040E+01
             4.9189E+01  8.0959E-01  5.3766E-01

0ITERATION NO.:    5    OBJECTIVE VALUE:  -2748.32614395180        NO. OF FUNC. EVALS.:  74
 CUMULATIVE NO. OF FUNC. EVALS.:       87
 NPARAMETR:  5.1822E-01  3.7470E+01  2.0257E+02  8.8216E-01  1.2662E+03  4.0766E+01  1.9333E-01  6.1340E+01  6.3418E+02  1.9548E-01
             1.1043E+00  9.1176E-02  1.2250E-01
 PARAMETER:  9.6292E-02  8.9262E-02  1.8528E-01  2.1646E-01  2.6301E-02  6.6561E-02  1.3568E-01  1.1803E-01  1.6577E-01  7.2489E-02
            -4.1138E-02  9.0607E-02  8.8752E-02
 GRADIENT:  -1.7942E-01 -8.3870E+00  1.7021E+01 -9.4177E+00 -6.2639E+00  3.0959E+00  1.9739E+00  1.1902E+00  1.6038E+01 -1.2317E+01
             6.8463E+00  1.0507E+00  7.9045E-03

0ITERATION NO.:   10    OBJECTIVE VALUE:  -2748.53486011331        NO. OF FUNC. EVALS.:  72
 CUMULATIVE NO. OF FUNC. EVALS.:      159
 NPARAMETR:  5.1544E-01  3.6528E+01  2.0536E+02  1.1444E+00  1.2505E+03  3.9792E+01  2.1345E-01  6.0473E+01  6.2596E+02  1.9676E-01
             1.3081E+00  9.4282E-02  1.1998E-01
 PARAMETER:  9.0918E-02  6.3791E-02  1.9898E-01  4.8082E-01  1.3816E-02  4.2366E-02  2.3465E-01  1.0379E-01  1.5273E-01  7.9020E-02
             1.2818E-01  1.0736E-01  7.8343E-02
 GRADIENT:  -2.4664E+00 -9.7255E+00  2.1250E+01 -9.3706E+00 -3.4236E+00  2.0016E+00  4.7716E+00  4.3003E+00  1.8917E+01 -1.2327E+01
             1.4199E+01  2.2504E+00 -1.6280E-01

0ITERATION NO.:   15    OBJECTIVE VALUE:  -2749.38094788963        NO. OF FUNC. EVALS.:  72
 CUMULATIVE NO. OF FUNC. EVALS.:      231
 NPARAMETR:  5.1477E-01  3.7240E+01  2.0535E+02  1.1246E+00  1.3234E+03  4.0519E+01  1.9626E-01  6.0089E+01  6.0607E+02  2.0077E-01
             1.2913E+00  8.9157E-02  1.2294E-01
 PARAMETER:  8.9617E-02  8.3106E-02  1.9891E-01  4.6306E-01  7.0531E-02  6.0476E-02  1.5069E-01  9.7417E-02  1.2044E-01  9.9197E-02
             1.1529E-01  7.9411E-02  9.0535E-02
 GRADIENT:  -5.8167E-01  3.2597E-01  1.4008E+00 -1.5591E+00  4.5705E-01 -6.2668E-01  1.7399E-01 -1.0449E-01  6.0791E-01 -1.6385E-01
             1.5888E+00 -2.1481E-01 -1.1534E-01

0ITERATION NO.:   20    OBJECTIVE VALUE:  -2749.44973377673        NO. OF FUNC. EVALS.:  71
 CUMULATIVE NO. OF FUNC. EVALS.:      302
 NPARAMETR:  5.1511E-01  3.7168E+01  2.0706E+02  1.3461E+00  1.3226E+03  4.0390E+01  1.9645E-01  6.0093E+01  6.0651E+02  2.0054E-01
             1.4107E+00  8.9475E-02  1.2327E-01
 PARAMETER:  9.0271E-02  8.1170E-02  2.0723E-01  6.4631E-01  6.9936E-02  5.7277E-02  1.5167E-01  9.7490E-02  1.2117E-01  9.8056E-02
             2.0373E-01  8.1192E-02  9.1882E-02
 GRADIENT:  -3.2765E-02 -1.2301E-01  4.2213E-01 -2.1983E-01  8.7211E-03 -1.2239E-01  1.6308E-02 -1.2008E-02  2.0386E-01 -9.0166E-02
             4.4249E-01  6.1761E-03 -8.5572E-03

0ITERATION NO.:   25    OBJECTIVE VALUE:  -2749.45198334735        NO. OF FUNC. EVALS.: 113
 CUMULATIVE NO. OF FUNC. EVALS.:      415
 NPARAMETR:  5.1526E-01  3.7245E+01  2.0717E+02  1.3710E+00  1.3235E+03  4.0420E+01  1.9525E-01  6.0249E+01  6.0776E+02  2.0052E-01
             1.4224E+00  8.9336E-02  1.2346E-01
 PARAMETER:  9.0562E-02  8.3240E-02  2.0774E-01  6.6507E-01  7.0593E-02  5.8039E-02  1.4554E-01  1.0008E-01  1.2322E-01  9.7941E-02
             2.1192E-01  8.0413E-02  9.2664E-02
 GRADIENT:  -5.2593E-02 -2.5081E-02  5.8949E-02 -5.9935E-02  1.8079E-02 -1.0893E-02  1.5915E-02 -9.0111E-02  5.3993E-02 -5.5080E-02
             4.0054E-02 -4.7840E-03  2.4491E-03

0ITERATION NO.:   29    OBJECTIVE VALUE:  -2749.45236651434        NO. OF FUNC. EVALS.: 127
 CUMULATIVE NO. OF FUNC. EVALS.:      542
 NPARAMETR:  5.1530E-01  3.7260E+01  2.0720E+02  1.3945E+00  1.3236E+03  4.0429E+01  1.9495E-01  6.0287E+01  6.0795E+02  2.0053E-01
             1.4343E+00  8.9316E-02  1.2349E-01
 PARAMETER:  9.0650E-02  8.3654E-02  2.0791E-01  6.8238E-01  7.0665E-02  5.8252E-02  1.4399E-01  1.0072E-01  1.2353E-01  9.8010E-02
             2.2028E-01  8.0301E-02  9.2781E-02
 GRADIENT:  -2.2353E-05  5.3763E-04  1.7130E-04 -8.6488E-06  3.3413E-05  7.1577E-05  1.2762E-04  8.4299E-04  9.1604E-05  1.0391E-06
             7.2144E-05 -1.6384E-04 -7.7860E-05

 #TERM:
0MINIMIZATION SUCCESSFUL
 NO. OF FUNCTION EVALUATIONS USED:      542
 NO. OF SIG. DIGITS IN FINAL EST.:  4.1

 ETABAR IS THE ARITHMETIC MEAN OF THE ETA-ESTIMATES,
 AND THE P-VALUE IS GIVEN FOR THE NULL HYPOTHESIS THAT THE TRUE MEAN IS 0.

 ETABAR:         5.5811E-03  0.0000E+00  0.0000E+00  7.0742E-04  0.0000E+00  0.0000E+00
 SE:             4.9407E-02  0.0000E+00  0.0000E+00  5.5843E-02  0.0000E+00  0.0000E+00
 N:                      31          31          31          31          31          31

 P VAL.:         9.1006E-01  1.0000E+00  1.0000E+00  9.8989E-01  1.0000E+00  1.0000E+00

 ETASHRINKSD(%)  6.4329E+00  0.0000E+00  0.0000E+00  1.0060E+01  0.0000E+00  0.0000E+00
 ETASHRINKVR(%)  1.2452E+01  0.0000E+00  0.0000E+00  1.9107E+01  0.0000E+00  0.0000E+00
 EBVSHRINKSD(%)  7.8731E+00  0.0000E+00  0.0000E+00  1.1232E+01  0.0000E+00  0.0000E+00
 EBVSHRINKVR(%)  1.5126E+01  0.0000E+00  0.0000E+00  2.1202E+01  0.0000E+00  0.0000E+00
 RELATIVEINF(%)  8.4861E+01  0.0000E+00  0.0000E+00  7.8786E+01  0.0000E+00  0.0000E+00
 EPSSHRINKSD(%)  5.1275E+00
 EPSSHRINKVR(%)  9.9921E+00

  
 TOTAL DATA POINTS NORMALLY DISTRIBUTED (N):          391
 N*LOG(2PI) CONSTANT TO OBJECTIVE FUNCTION:    718.60993296605398     
 OBJECTIVE FUNCTION VALUE WITHOUT CONSTANT:   -2749.4523665143388     
 OBJECTIVE FUNCTION VALUE WITH CONSTANT:      -2030.8424335482848     
 REPORTED OBJECTIVE FUNCTION DOES NOT CONTAIN CONSTANT
  
 TOTAL EFFECTIVE ETAS (NIND*NETA):                            58
  
 #TERE:
 Elapsed estimation  time in seconds:   168.83
 Elapsed covariance  time in seconds:   234.90
 Elapsed postprocess time in seconds:     1.06
1
 
 
 
 
 
 
 
 
 
 
 
 
 
 
 
 
 
 
 
 
 ************************************************************************************************************************
 ********************                                                                                ********************
 ********************               FIRST ORDER CONDITIONAL ESTIMATION WITH INTERACTION              ********************
 #OBJT:**************                       MINIMUM VALUE OF OBJECTIVE FUNCTION                      ********************
 ********************                                                                                ********************
 ************************************************************************************************************************
 





 #OBJV:********************************************    -2749.452       **************************************************
1
 ************************************************************************************************************************
 ********************                                                                                ********************
 ********************               FIRST ORDER CONDITIONAL ESTIMATION WITH INTERACTION              ********************
 ********************                             FINAL PARAMETER ESTIMATE                           ********************
 ********************                                                                                ********************
 ************************************************************************************************************************
 


 THETA - VECTOR OF FIXED EFFECTS PARAMETERS   *********


         TH 1      TH 2      TH 3      TH 4      TH 5      TH 6      TH 7      TH 8      TH 9      TH10      TH11      TH12     
          TH13     
 
         5.15E-01  5.00E-05  3.73E+01  2.07E+02  1.39E+00  1.32E+03  4.04E+01  1.95E-01  6.03E+01  6.08E+02  2.01E-01  0.00E+00
          1.43E+00
 


 OMEGA - COV MATRIX FOR RANDOM EFFECTS - ETAS  ********


         ETA1      ETA2      ETA3      ETA4      ETA5      ETA6     
 
 ETA1
+        8.93E-02
 
 ETA2
+        0.00E+00  0.00E+00
 
 ETA3
+        0.00E+00  0.00E+00  0.00E+00
 
 ETA4
+        0.00E+00  0.00E+00  0.00E+00  1.23E-01
 
 ETA5
+        0.00E+00  0.00E+00  0.00E+00  0.00E+00  0.00E+00
 
 ETA6
+        0.00E+00  0.00E+00  0.00E+00  0.00E+00  0.00E+00  0.00E+00
 


 SIGMA - COV MATRIX FOR RANDOM EFFECTS - EPSILONS  ****


         EPS1     
 
 EPS1
+        1.00E+00
 
1


 OMEGA - CORR MATRIX FOR RANDOM EFFECTS - ETAS  *******


         ETA1      ETA2      ETA3      ETA4      ETA5      ETA6     
 
 ETA1
+        2.99E-01
 
 ETA2
+        0.00E+00  0.00E+00
 
 ETA3
+        0.00E+00  0.00E+00  0.00E+00
 
 ETA4
+        0.00E+00  0.00E+00  0.00E+00  3.51E-01
 
 ETA5
+        0.00E+00  0.00E+00  0.00E+00  0.00E+00  0.00E+00
 
 ETA6
+        0.00E+00  0.00E+00  0.00E+00  0.00E+00  0.00E+00  0.00E+00
 


 SIGMA - CORR MATRIX FOR RANDOM EFFECTS - EPSILONS  ***


         EPS1     
 
 EPS1
+        1.00E+00
 
1
 ************************************************************************************************************************
 ********************                                                                                ********************
 ********************               FIRST ORDER CONDITIONAL ESTIMATION WITH INTERACTION              ********************
 ********************                            STANDARD ERROR OF ESTIMATE                          ********************
 ********************                                                                                ********************
 ************************************************************************************************************************
 


 THETA - VECTOR OF FIXED EFFECTS PARAMETERS   *********


         TH 1      TH 2      TH 3      TH 4      TH 5      TH 6      TH 7      TH 8      TH 9      TH10      TH11      TH12     
          TH13     
 
         5.27E-02 .........  3.97E+00  3.83E+01  2.88E-01  2.95E+02  4.24E+00  7.68E-02  7.36E+00  7.53E+01  1.58E-02 .........
          1.47E-01
 


 OMEGA - COV MATRIX FOR RANDOM EFFECTS - ETAS  ********


         ETA1      ETA2      ETA3      ETA4      ETA5      ETA6     
 
 ETA1
+        2.76E-02
 
 ETA2
+       ......... .........
 
 ETA3
+       ......... ......... .........
 
 ETA4
+       ......... ......... .........  3.38E-02
 
 ETA5
+       ......... ......... ......... ......... .........
 
 ETA6
+       ......... ......... ......... ......... ......... .........
 


 SIGMA - COV MATRIX FOR RANDOM EFFECTS - EPSILONS  ****


         EPS1     
 
 EPS1
+       .........
 
1


 OMEGA - CORR MATRIX FOR RANDOM EFFECTS - ETAS  *******


         ETA1      ETA2      ETA3      ETA4      ETA5      ETA6     
 
 ETA1
+        4.61E-02
 
 ETA2
+       ......... .........
 
 ETA3
+       ......... ......... .........
 
 ETA4
+       ......... ......... .........  4.81E-02
 
 ETA5
+       ......... ......... ......... ......... .........
 
 ETA6
+       ......... ......... ......... ......... ......... .........
 


 SIGMA - CORR MATRIX FOR RANDOM EFFECTS - EPSILONS  ***


         EPS1     
 
 EPS1
+       .........
 
1
 ************************************************************************************************************************
 ********************                                                                                ********************
 ********************               FIRST ORDER CONDITIONAL ESTIMATION WITH INTERACTION              ********************
 ********************                          COVARIANCE MATRIX OF ESTIMATE                         ********************
 ********************                                                                                ********************
 ************************************************************************************************************************
 

            TH 1      TH 2      TH 3      TH 4      TH 5      TH 6      TH 7      TH 8      TH 9      TH10      TH11      TH12  
             TH13      OM11      OM12      OM13      OM14      OM15      OM16      OM22      OM23      OM24      OM25      OM26  
            OM33      OM34      OM35      OM36      OM44      OM45      OM46      OM55      OM56      OM66      SG11  
 
 TH 1
+        2.77E-03
 
 TH 2
+       ......... .........
 
 TH 3
+        3.19E-02 .........  1.57E+01
 
 TH 4
+        1.06E+00 .........  1.91E+01  1.47E+03
 
 TH 5
+        1.13E-02 .........  2.56E-01  5.18E+00  8.27E-02
 
 TH 6
+        7.60E+00 .........  8.06E+01  6.35E+03  5.59E+01  8.70E+04
 
 TH 7
+        1.03E-01 .........  6.84E+00  9.07E+01  2.24E-01  4.64E+02  1.79E+01
 
 TH 8
+       -1.97E-03 ......... -1.96E-01 -6.18E-01 -1.68E-02 -1.40E+01 -1.08E-01  5.90E-03
 
 TH 9
+        1.03E-01 .........  2.29E+01 -3.56E-01  4.90E-01  2.79E+01  1.03E+01 -3.54E-01  5.41E+01
 
 TH10
+       -7.97E-01 .........  1.79E+02  5.46E+02  6.98E-01  4.28E+03  5.23E+01 -2.33E+00  2.64E+02  5.68E+03
 
 TH11
+        3.36E-05 .........  1.96E-02 -1.95E-01  6.20E-04 -6.39E-01 -1.44E-02 -2.36E-04  4.77E-02  1.39E-03  2.51E-04
 
 TH12
+       ......... ......... ......... ......... ......... ......... ......... ......... ......... ......... ......... .........
 
 TH13
+       -3.33E-03 .........  8.63E-02 -1.45E+00 -3.10E-02 -6.88E+00  1.63E-01  2.84E-03  1.90E-01  1.89E+00  9.00E-05 .........
          2.17E-02
 
 OM11
+        7.21E-04 ......... -1.77E-02  2.72E-01  2.97E-03  3.70E+00  3.96E-02 -6.19E-04 -2.21E-03 -5.14E-01 -1.18E-04 .........
         -5.04E-04  7.59E-04
 
 OM12
+       ......... ......... ......... ......... ......... ......... ......... ......... ......... ......... ......... .........
         ......... ......... .........
 
 OM13
+       ......... ......... ......... ......... ......... ......... ......... ......... ......... ......... ......... .........
         ......... ......... ......... .........
 
 OM14
+       ......... ......... ......... ......... ......... ......... ......... ......... ......... ......... ......... .........
         ......... ......... ......... ......... .........
 
 OM15
+       ......... ......... ......... ......... ......... ......... ......... ......... ......... ......... ......... .........
         ......... ......... ......... ......... ......... .........
 
 OM16
+       ......... ......... ......... ......... ......... ......... ......... ......... ......... ......... ......... .........
         ......... ......... ......... ......... ......... ......... .........
 
1

            TH 1      TH 2      TH 3      TH 4      TH 5      TH 6      TH 7      TH 8      TH 9      TH10      TH11      TH12  
             TH13      OM11      OM12      OM13      OM14      OM15      OM16      OM22      OM23      OM24      OM25      OM26  
            OM33      OM34      OM35      OM36      OM44      OM45      OM46      OM55      OM56      OM66      SG11  
 
 OM22
+       ......... ......... ......... ......... ......... ......... ......... ......... ......... ......... ......... .........
         ......... ......... ......... ......... ......... ......... ......... .........
 
 OM23
+       ......... ......... ......... ......... ......... ......... ......... ......... ......... ......... ......... .........
         ......... ......... ......... ......... ......... ......... ......... ......... .........
 
 OM24
+       ......... ......... ......... ......... ......... ......... ......... ......... ......... ......... ......... .........
         ......... ......... ......... ......... ......... ......... ......... ......... ......... .........
 
 OM25
+       ......... ......... ......... ......... ......... ......... ......... ......... ......... ......... ......... .........
         ......... ......... ......... ......... ......... ......... ......... ......... ......... ......... .........
 
 OM26
+       ......... ......... ......... ......... ......... ......... ......... ......... ......... ......... ......... .........
         ......... ......... ......... ......... ......... ......... ......... ......... ......... ......... ......... .........
 
 OM33
+       ......... ......... ......... ......... ......... ......... ......... ......... ......... ......... ......... .........
         ......... ......... ......... ......... ......... ......... ......... ......... ......... ......... ......... .........
        .........
 
 OM34
+       ......... ......... ......... ......... ......... ......... ......... ......... ......... ......... ......... .........
         ......... ......... ......... ......... ......... ......... ......... ......... ......... ......... ......... .........
        ......... .........
 
 OM35
+       ......... ......... ......... ......... ......... ......... ......... ......... ......... ......... ......... .........
         ......... ......... ......... ......... ......... ......... ......... ......... ......... ......... ......... .........
        ......... ......... .........
 
 OM36
+       ......... ......... ......... ......... ......... ......... ......... ......... ......... ......... ......... .........
         ......... ......... ......... ......... ......... ......... ......... ......... ......... ......... ......... .........
        ......... ......... ......... .........
 
 OM44
+        6.98E-04 ......... -2.17E-03  1.36E-01  3.48E-03  4.24E+00  2.25E-02 -9.26E-04  6.71E-02  2.54E-01  2.25E-05 .........
         -3.89E-04  4.29E-04 ......... ......... ......... ......... ......... ......... ......... ......... ......... .........
        ......... ......... ......... .........  1.14E-03
 
 OM45
+       ......... ......... ......... ......... ......... ......... ......... ......... ......... ......... ......... .........
         ......... ......... ......... ......... ......... ......... ......... ......... ......... ......... ......... .........
        ......... ......... ......... ......... ......... .........
 
 OM46
+       ......... ......... ......... ......... ......... ......... ......... ......... ......... ......... ......... .........
         ......... ......... ......... ......... ......... ......... ......... ......... ......... ......... ......... .........
        ......... ......... ......... ......... ......... ......... .........
 
 OM55
+       ......... ......... ......... ......... ......... ......... ......... ......... ......... ......... ......... .........
         ......... ......... ......... ......... ......... ......... ......... ......... ......... ......... ......... .........
        ......... ......... ......... ......... ......... ......... ......... .........
 
 OM56
+       ......... ......... ......... ......... ......... ......... ......... ......... ......... ......... ......... .........
         ......... ......... ......... ......... ......... ......... ......... ......... ......... ......... ......... .........
        ......... ......... ......... ......... ......... ......... ......... ......... .........
 
1

            TH 1      TH 2      TH 3      TH 4      TH 5      TH 6      TH 7      TH 8      TH 9      TH10      TH11      TH12  
             TH13      OM11      OM12      OM13      OM14      OM15      OM16      OM22      OM23      OM24      OM25      OM26  
            OM33      OM34      OM35      OM36      OM44      OM45      OM46      OM55      OM56      OM66      SG11  
 
 OM66
+       ......... ......... ......... ......... ......... ......... ......... ......... ......... ......... ......... .........
         ......... ......... ......... ......... ......... ......... ......... ......... ......... ......... ......... .........
        ......... ......... ......... ......... ......... ......... ......... ......... ......... .........
 
 SG11
+       ......... ......... ......... ......... ......... ......... ......... ......... ......... ......... ......... .........
         ......... ......... ......... ......... ......... ......... ......... ......... ......... ......... ......... .........
        ......... ......... ......... ......... ......... ......... ......... ......... ......... ......... .........
 
1
 ************************************************************************************************************************
 ********************                                                                                ********************
 ********************               FIRST ORDER CONDITIONAL ESTIMATION WITH INTERACTION              ********************
 ********************                          CORRELATION MATRIX OF ESTIMATE                        ********************
 ********************                                                                                ********************
 ************************************************************************************************************************
 

            TH 1      TH 2      TH 3      TH 4      TH 5      TH 6      TH 7      TH 8      TH 9      TH10      TH11      TH12  
             TH13      OM11      OM12      OM13      OM14      OM15      OM16      OM22      OM23      OM24      OM25      OM26  
            OM33      OM34      OM35      OM36      OM44      OM45      OM46      OM55      OM56      OM66      SG11  
 
 TH 1
+        5.27E-02
 
 TH 2
+       ......... .........
 
 TH 3
+        1.52E-01 .........  3.97E+00
 
 TH 4
+        5.27E-01 .........  1.26E-01  3.83E+01
 
 TH 5
+        7.49E-01 .........  2.25E-01  4.70E-01  2.88E-01
 
 TH 6
+        4.89E-01 .........  6.89E-02  5.62E-01  6.60E-01  2.95E+02
 
 TH 7
+        4.62E-01 .........  4.07E-01  5.59E-01  1.84E-01  3.71E-01  4.24E+00
 
 TH 8
+       -4.88E-01 ......... -6.43E-01 -2.10E-01 -7.59E-01 -6.18E-01 -3.32E-01  7.68E-02
 
 TH 9
+        2.66E-01 .........  7.84E-01 -1.26E-03  2.31E-01  1.29E-02  3.31E-01 -6.27E-01  7.36E+00
 
 TH10
+       -2.01E-01 .........  5.97E-01  1.89E-01  3.22E-02  1.93E-01  1.64E-01 -4.02E-01  4.76E-01  7.53E+01
 
 TH11
+        4.03E-02 .........  3.12E-01 -3.22E-01  1.36E-01 -1.37E-01 -2.14E-01 -1.94E-01  4.09E-01  1.16E-03  1.58E-02
 
 TH12
+       ......... ......... ......... ......... ......... ......... ......... ......... ......... ......... ......... .........
 
 TH13
+       -4.30E-01 .........  1.48E-01 -2.56E-01 -7.32E-01 -1.58E-01  2.62E-01  2.51E-01  1.75E-01  1.70E-01  3.85E-02 .........
          1.47E-01
 
 OM11
+        4.97E-01 ......... -1.62E-01  2.58E-01  3.74E-01  4.55E-01  3.39E-01 -2.93E-01 -1.09E-02 -2.48E-01 -2.71E-01 .........
         -1.24E-01  2.76E-02
 
 OM12
+       ......... ......... ......... ......... ......... ......... ......... ......... ......... ......... ......... .........
         ......... ......... .........
 
 OM13
+       ......... ......... ......... ......... ......... ......... ......... ......... ......... ......... ......... .........
         ......... ......... ......... .........
 
 OM14
+       ......... ......... ......... ......... ......... ......... ......... ......... ......... ......... ......... .........
         ......... ......... ......... ......... .........
 
 OM15
+       ......... ......... ......... ......... ......... ......... ......... ......... ......... ......... ......... .........
         ......... ......... ......... ......... ......... .........
 
 OM16
+       ......... ......... ......... ......... ......... ......... ......... ......... ......... ......... ......... .........
         ......... ......... ......... ......... ......... ......... .........
 
1

            TH 1      TH 2      TH 3      TH 4      TH 5      TH 6      TH 7      TH 8      TH 9      TH10      TH11      TH12  
             TH13      OM11      OM12      OM13      OM14      OM15      OM16      OM22      OM23      OM24      OM25      OM26  
            OM33      OM34      OM35      OM36      OM44      OM45      OM46      OM55      OM56      OM66      SG11  
 
 OM22
+       ......... ......... ......... ......... ......... ......... ......... ......... ......... ......... ......... .........
         ......... ......... ......... ......... ......... ......... ......... .........
 
 OM23
+       ......... ......... ......... ......... ......... ......... ......... ......... ......... ......... ......... .........
         ......... ......... ......... ......... ......... ......... ......... ......... .........
 
 OM24
+       ......... ......... ......... ......... ......... ......... ......... ......... ......... ......... ......... .........
         ......... ......... ......... ......... ......... ......... ......... ......... ......... .........
 
 OM25
+       ......... ......... ......... ......... ......... ......... ......... ......... ......... ......... ......... .........
         ......... ......... ......... ......... ......... ......... ......... ......... ......... ......... .........
 
 OM26
+       ......... ......... ......... ......... ......... ......... ......... ......... ......... ......... ......... .........
         ......... ......... ......... ......... ......... ......... ......... ......... ......... ......... ......... .........
 
 OM33
+       ......... ......... ......... ......... ......... ......... ......... ......... ......... ......... ......... .........
         ......... ......... ......... ......... ......... ......... ......... ......... ......... ......... ......... .........
        .........
 
 OM34
+       ......... ......... ......... ......... ......... ......... ......... ......... ......... ......... ......... .........
         ......... ......... ......... ......... ......... ......... ......... ......... ......... ......... ......... .........
        ......... .........
 
 OM35
+       ......... ......... ......... ......... ......... ......... ......... ......... ......... ......... ......... .........
         ......... ......... ......... ......... ......... ......... ......... ......... ......... ......... ......... .........
        ......... ......... .........
 
 OM36
+       ......... ......... ......... ......... ......... ......... ......... ......... ......... ......... ......... .........
         ......... ......... ......... ......... ......... ......... ......... ......... ......... ......... ......... .........
        ......... ......... ......... .........
 
 OM44
+        3.92E-01 ......... -1.62E-02  1.05E-01  3.58E-01  4.26E-01  1.57E-01 -3.57E-01  2.70E-01  9.97E-02  4.20E-02 .........
         -7.83E-02  4.61E-01 ......... ......... ......... ......... ......... ......... ......... ......... ......... .........
        ......... ......... ......... .........  3.38E-02
 
 OM45
+       ......... ......... ......... ......... ......... ......... ......... ......... ......... ......... ......... .........
         ......... ......... ......... ......... ......... ......... ......... ......... ......... ......... ......... .........
        ......... ......... ......... ......... ......... .........
 
 OM46
+       ......... ......... ......... ......... ......... ......... ......... ......... ......... ......... ......... .........
         ......... ......... ......... ......... ......... ......... ......... ......... ......... ......... ......... .........
        ......... ......... ......... ......... ......... ......... .........
 
 OM55
+       ......... ......... ......... ......... ......... ......... ......... ......... ......... ......... ......... .........
         ......... ......... ......... ......... ......... ......... ......... ......... ......... ......... ......... .........
        ......... ......... ......... ......... ......... ......... ......... .........
 
 OM56
+       ......... ......... ......... ......... ......... ......... ......... ......... ......... ......... ......... .........
         ......... ......... ......... ......... ......... ......... ......... ......... ......... ......... ......... .........
        ......... ......... ......... ......... ......... ......... ......... ......... .........
 
1

            TH 1      TH 2      TH 3      TH 4      TH 5      TH 6      TH 7      TH 8      TH 9      TH10      TH11      TH12  
             TH13      OM11      OM12      OM13      OM14      OM15      OM16      OM22      OM23      OM24      OM25      OM26  
            OM33      OM34      OM35      OM36      OM44      OM45      OM46      OM55      OM56      OM66      SG11  
 
 OM66
+       ......... ......... ......... ......... ......... ......... ......... ......... ......... ......... ......... .........
         ......... ......... ......... ......... ......... ......... ......... ......... ......... ......... ......... .........
        ......... ......... ......... ......... ......... ......... ......... ......... ......... .........
 
 SG11
+       ......... ......... ......... ......... ......... ......... ......... ......... ......... ......... ......... .........
         ......... ......... ......... ......... ......... ......... ......... ......... ......... ......... ......... .........
        ......... ......... ......... ......... ......... ......... ......... ......... ......... ......... .........
 
1
 ************************************************************************************************************************
 ********************                                                                                ********************
 ********************               FIRST ORDER CONDITIONAL ESTIMATION WITH INTERACTION              ********************
 ********************                      INVERSE COVARIANCE MATRIX OF ESTIMATE                     ********************
 ********************                                                                                ********************
 ************************************************************************************************************************
 

            TH 1      TH 2      TH 3      TH 4      TH 5      TH 6      TH 7      TH 8      TH 9      TH10      TH11      TH12  
             TH13      OM11      OM12      OM13      OM14      OM15      OM16      OM22      OM23      OM24      OM25      OM26  
            OM33      OM34      OM35      OM36      OM44      OM45      OM46      OM55      OM56      OM66      SG11  
 
 TH 1
+        1.10E+08
 
 TH 2
+       ......... .........
 
 TH 3
+       -5.74E+05 .........  3.00E+03
 
 TH 4
+        1.36E+05 ......... -7.13E+02  1.70E+02
 
 TH 5
+       -1.75E+08 .........  9.15E+05 -2.18E+05  2.80E+08
 
 TH 6
+        4.18E+04 ......... -2.18E+02  5.20E+01 -6.67E+04  1.59E+01
 
 TH 7
+        4.26E+05 ......... -2.23E+03  5.30E+02 -6.80E+05  1.62E+02  1.66E+03
 
 TH 8
+       -2.58E+08 .........  1.35E+06 -3.20E+05  4.11E+08 -9.81E+04 -1.00E+06  6.04E+08
 
 TH 9
+        3.15E+05 ......... -1.64E+03  3.91E+02 -5.02E+05  1.20E+02  1.22E+03 -7.38E+05  9.02E+02
 
 TH10
+       -5.47E+04 .........  2.86E+02 -6.80E+01  8.74E+04 -2.09E+01 -2.13E+02  1.28E+05 -1.57E+02  2.73E+01
 
 TH11
+        4.61E+08 ......... -2.41E+06  5.73E+05 -7.36E+08  1.76E+05  1.79E+06 -1.08E+09  1.32E+06 -2.30E+05  1.94E+09
 
 TH12
+       ......... ......... ......... ......... ......... ......... ......... ......... ......... ......... ......... .........
 
 TH13
+       -1.78E+08 .........  9.32E+05 -2.22E+05  2.85E+08 -6.80E+04 -6.93E+05  4.19E+08 -5.11E+05  8.90E+04 -7.50E+08 .........
          2.90E+08
 
 OM11
+       -3.48E+05 .........  1.83E+03 -4.32E+02  5.54E+05 -1.32E+02 -1.35E+03  8.16E+05 -9.91E+02  1.74E+02 -1.46E+06 .........
          5.64E+05  4.27E+03
 
 OM12
+       ......... ......... ......... ......... ......... ......... ......... ......... ......... ......... ......... .........
         ......... ......... .........
 
 OM13
+       ......... ......... ......... ......... ......... ......... ......... ......... ......... ......... ......... .........
         ......... ......... ......... .........
 
 OM14
+       ......... ......... ......... ......... ......... ......... ......... ......... ......... ......... ......... .........
         ......... ......... ......... ......... .........
 
 OM15
+       ......... ......... ......... ......... ......... ......... ......... ......... ......... ......... ......... .........
         ......... ......... ......... ......... ......... .........
 
 OM16
+       ......... ......... ......... ......... ......... ......... ......... ......... ......... ......... ......... .........
         ......... ......... ......... ......... ......... ......... .........
 
1

            TH 1      TH 2      TH 3      TH 4      TH 5      TH 6      TH 7      TH 8      TH 9      TH10      TH11      TH12  
             TH13      OM11      OM12      OM13      OM14      OM15      OM16      OM22      OM23      OM24      OM25      OM26  
            OM33      OM34      OM35      OM36      OM44      OM45      OM46      OM55      OM56      OM66      SG11  
 
 OM22
+       ......... ......... ......... ......... ......... ......... ......... ......... ......... ......... ......... .........
         ......... ......... ......... ......... ......... ......... ......... .........
 
 OM23
+       ......... ......... ......... ......... ......... ......... ......... ......... ......... ......... ......... .........
         ......... ......... ......... ......... ......... ......... ......... ......... .........
 
 OM24
+       ......... ......... ......... ......... ......... ......... ......... ......... ......... ......... ......... .........
         ......... ......... ......... ......... ......... ......... ......... ......... ......... .........
 
 OM25
+       ......... ......... ......... ......... ......... ......... ......... ......... ......... ......... ......... .........
         ......... ......... ......... ......... ......... ......... ......... ......... ......... ......... .........
 
 OM26
+       ......... ......... ......... ......... ......... ......... ......... ......... ......... ......... ......... .........
         ......... ......... ......... ......... ......... ......... ......... ......... ......... ......... ......... .........
 
 OM33
+       ......... ......... ......... ......... ......... ......... ......... ......... ......... ......... ......... .........
         ......... ......... ......... ......... ......... ......... ......... ......... ......... ......... ......... .........
        .........
 
 OM34
+       ......... ......... ......... ......... ......... ......... ......... ......... ......... ......... ......... .........
         ......... ......... ......... ......... ......... ......... ......... ......... ......... ......... ......... .........
        ......... .........
 
 OM35
+       ......... ......... ......... ......... ......... ......... ......... ......... ......... ......... ......... .........
         ......... ......... ......... ......... ......... ......... ......... ......... ......... ......... ......... .........
        ......... ......... .........
 
 OM36
+       ......... ......... ......... ......... ......... ......... ......... ......... ......... ......... ......... .........
         ......... ......... ......... ......... ......... ......... ......... ......... ......... ......... ......... .........
        ......... ......... ......... .........
 
 OM44
+        1.89E+05 ......... -9.88E+02  2.37E+02 -3.02E+05  7.19E+01  7.33E+02 -4.45E+05  5.34E+02 -9.47E+01  7.96E+05 .........
         -3.08E+05 -1.42E+03 ......... ......... ......... ......... ......... ......... ......... ......... ......... .........
        ......... ......... ......... .........  2.28E+03
 
 OM45
+       ......... ......... ......... ......... ......... ......... ......... ......... ......... ......... ......... .........
         ......... ......... ......... ......... ......... ......... ......... ......... ......... ......... ......... .........
        ......... ......... ......... ......... ......... .........
 
 OM46
+       ......... ......... ......... ......... ......... ......... ......... ......... ......... ......... ......... .........
         ......... ......... ......... ......... ......... ......... ......... ......... ......... ......... ......... .........
        ......... ......... ......... ......... ......... ......... .........
 
 OM55
+       ......... ......... ......... ......... ......... ......... ......... ......... ......... ......... ......... .........
         ......... ......... ......... ......... ......... ......... ......... ......... ......... ......... ......... .........
        ......... ......... ......... ......... ......... ......... ......... .........
 
 OM56
+       ......... ......... ......... ......... ......... ......... ......... ......... ......... ......... ......... .........
         ......... ......... ......... ......... ......... ......... ......... ......... ......... ......... ......... .........
        ......... ......... ......... ......... ......... ......... ......... ......... .........
 
1

            TH 1      TH 2      TH 3      TH 4      TH 5      TH 6      TH 7      TH 8      TH 9      TH10      TH11      TH12  
             TH13      OM11      OM12      OM13      OM14      OM15      OM16      OM22      OM23      OM24      OM25      OM26  
            OM33      OM34      OM35      OM36      OM44      OM45      OM46      OM55      OM56      OM66      SG11  
 
 OM66
+       ......... ......... ......... ......... ......... ......... ......... ......... ......... ......... ......... .........
         ......... ......... ......... ......... ......... ......... ......... ......... ......... ......... ......... .........
        ......... ......... ......... ......... ......... ......... ......... ......... ......... .........
 
 SG11
+       ......... ......... ......... ......... ......... ......... ......... ......... ......... ......... ......... .........
         ......... ......... ......... ......... ......... ......... ......... ......... ......... ......... ......... .........
        ......... ......... ......... ......... ......... ......... ......... ......... ......... ......... .........
 
 Elapsed finaloutput time in seconds:     0.05
 #CPUT: Total CPU Time in Seconds,      404.034
Stop Time:
Mon Aug  7 14:54:18 PDT 2023
