Tue May  7 15:14:52 PDT 2024
;; 1. Based on: run59.mod (2023_04_19)
;; x1. Author: aebustion
$PROBLEM    rabbit lesion spatiotemporal modeling
$INPUT      ID OLDID=DROP WT DAT2=DROP TIME TAD EVID AMT DVN BLQ DIST
            CMPD DOSE_FACTOR iCL iCLm DV NDOSES HW
$DATA      TBAJ876_restructured_ids_distance.csv IGNORE=@
            IGNORE(CMPD.EQ.1) IGNORE(BLQ.EQ.1)
$SUBROUTINE ADVAN13 TOL=9
$MODEL      NCOMP=8 COMP=(ABS,DEFDOSE) COMP=(CENTRAL,DEFOBS)
            COMP=(PERIPH) COMP(CMPD) COMP(TRANSIT1) COMP(TRANSIT2)
            COMP=(PLESION) COMP=(MLESION)
$PK  
IF(CMPD.EQ.1) L2 = 1
IF(CMPD.EQ.2) L2 = 2

TVCL = 37.26
CL=TVCL*EXP(ETA(1))
V  = THETA(3)
KE = CL/V
KA = THETA(4)
S2 = V
V2 = THETA(5)
Q = THETA(6)
K12 = Q/V
K21 = Q/V2
Fm = THETA(7)
KM   = THETA(8)
VMAX = KM*CL

TVCLm=60.29
CLm=TVCLm*EXP(ETA(2))
Vm=THETA(9)

MTT =THETA(10)
N=2
KTR=N/MTT; transit rate constant

; not sure if I need this following block yet... 
; update: trouble with integration without it but how is 10 decided, and does NM consider '.' less than 10?
IF(DIST.LE.10) THEN 
DISTN = 10
ELSE
DISTN = DIST
ENDIF

;DISTCOV = THETA(14)
DISTCOVGAMMA = THETA(11)
TVKPL6 = THETA(12) 
KPL6 = TVKPL6
;IF(DISTN.LE.150) TVPC6 = DISTCOV
TVPC6 = EXP(THETA(13))/DISTN**DISTCOVGAMMA
PC6 = TVPC6

;DISTCOVM = THETA(18)
DISTCOVGAMMAM = THETA(14)
TVKPL7 = THETA(15) 
KPL7 = TVKPL7
;IF(DISTN.LE.150) TVPC7 = DISTCOV
TVPC7 = EXP(THETA(16))/DISTN**DISTCOVGAMMAM
PC7 = TVPC7

$DES  
DADT(1)= -KTR*A(1)
;DADT(1)=-KA*A(1)    
DADT(2)=A(6)*KA-(VMAX*A(2)/V)/(KM+A(2)/V)-A(2)*K12+A(3)*K21
DADT(3)=A(2)*K12-A(3)*K21
DADT(4) = Fm*(CL/V)*A(2) - (CLm/Vm)*A(4) 
DADT(5)=KTR*A(1)-KTR*A(5)
DADT(6)=KTR*A(5)-KA*A(6) 
DADT(7)=KPL6 * (PC6*A(2)/V - A(7))  ; dCp,site/dt = KPL(PC * Cp,plasma - Csite)
DADT(8)=KPL7 * (PC7*A(4)/Vm - A(8))

$ERROR         
CP=A(2)/V
CM=A(4)/Vm ; metabolite prediction

DEL = 1E-12
IPRED=LOG(A(7)+DEL) ; parent lesion
IF(L2.EQ.2) IPRED=LOG(A(8)+DEL) ; metabolite lesion

A6 = A(7)
A7 = A(8)

W = SQRT((THETA(1)/EXP(IPRED))**2 + THETA(2))
IF(L2.EQ.2) W = SQRT((THETA(17)/EXP(IPRED))**2 + THETA(18))
IF(W.EQ.0) W = 1

IRES=DV-IPRED 
IWRES=IRES/W 

;Y = IPRED + W*EPS(1) + EPS(2)
;IF(L2.EQ.2) Y = IPRED+W*EPS(3) + EPS(4)

;M3 method
LLOQ=LOG(1/1000)
IF(CMPD.EQ.2) LLOQ=LOG(10/1000)
DUM  = (LLOQ-IPRED)/W
CUMD = PHI(DUM)
IF (BLQ.EQ.0) THEN
  F_FLAG = 0
  Y = IPRED + W*ERR(1)
ENDIF

IF(BLQ.EQ.1) THEN
  F_FLAG = 1
  Y = CUMD
ENDIF

$THETA  (0,0.005) FIX ; 1 Prop error
 (0,2.25373) FIX ; 2 Add error Error.
 (0,207.2) FIX ; 3 V L
 (0,1.394) FIX ; 4 KA 1/h
 (0,1324) FIX ; 5 V2
 (0,40.43) FIX ; 6 Q
 (0,1) FIX ; 7 Fm
 (0,0.1949) FIX ; 8 KM
 (0,607.9) FIX ; 9 Vm
 (0,1.434) FIX ; 10 MTT
 (0,2.56575) FIX ; 11 DISTCOVGAMMA
 (0,0.468236,10) FIX ; 12 KPL6
 (0,15.7545) FIX ; 13 MAXPC
 (0,2.4225) ; 14 DISTCOVGAMMAM
 (0,0.399534,10) ; 15 KPL7
 (0,15.3478) ; 16 MAXPC7
 (0,0) FIX ; 17 prop error metabolite
 (0,1.21301) ; 17 additive error metabolite
$OMEGA  0.089401  FIX
 0.123201  FIX
$SIGMA  1  FIX
;$SIM (12345) (54321) ONLYSIM NSUB=500
$ESTIMATION METHOD=1 INTERACTION LAPLACIAN PRINT=1 NSIG=3 SIGL=9
            MAXEVAL=9999 NOABORT
$COVARIANCE UNCONDITIONAL
$TABLE      ID TIME TAD DIST CMPD DOSE_FACTOR IPRED PRED DV CP CM A6
            A7 iCL WT AMT WRES IWRES CWRES EVID PC6 PC7 NOPRINT
            ONEHEADER FILE=sdtabD87
;$TABLE      ID CL V KA V2 Q K12 K21 KPL6 PC6 KPL7 PC7 NOPRINT ONEHEADER

;            FILE=patabD37


NM-TRAN MESSAGES
  
 WARNINGS AND ERRORS (IF ANY) FOR PROBLEM    1
             
 (WARNING  2) NM-TRAN INFERS THAT THE DATA ARE POPULATION.
             
 (WARNING  3) THERE MAY BE AN ERROR IN THE ABBREVIATED CODE. THE FOLLOWING
 ONE OR MORE RANDOM VARIABLES ARE DEFINED WITH "IF" STATEMENTS THAT DO NOT
 PROVIDE DEFINITIONS FOR BOTH THE "THEN" AND "ELSE" CASES. IF ALL
 CONDITIONS FAIL, THE VALUES OF THESE VARIABLES WILL BE ZERO.
  
   Y

             
 (WARNING  87) WITH "LAPLACIAN" AND "INTERACTION", "NUMERICAL" AND "SLOW"
 ARE ALSO REQUIRED ON $ESTIM RECORD, AND "SLOW" IS REQUIRED ON $COV
 RECORD. NM-TRAN HAS SUPPLIED THESE OPTIONS.

License Registered to: UCSF Dept of Bioengineering Therapeutic Sciences
Expiration Date:    14 APR 2025
Current Date:        7 MAY 2024
Days until program expires : 342
1NONLINEAR MIXED EFFECTS MODEL PROGRAM (NONMEM) VERSION 7.5.0
 ORIGINALLY DEVELOPED BY STUART BEAL, LEWIS SHEINER, AND ALISON BOECKMANN
 CURRENT DEVELOPERS ARE ROBERT BAUER, ICON DEVELOPMENT SOLUTIONS,
 AND ALISON BOECKMANN. IMPLEMENTATION, EFFICIENCY, AND STANDARDIZATION
 PERFORMED BY NOUS INFOSYSTEMS.

 PROBLEM NO.:         1
 rabbit lesion spatiotemporal modeling
0DATA CHECKOUT RUN:              NO
 DATA SET LOCATED ON UNIT NO.:    2
 THIS UNIT TO BE REWOUND:        NO
 NO. OF DATA RECS IN DATA SET:     1682
 NO. OF DATA ITEMS IN DATA SET:  17
 ID DATA ITEM IS DATA ITEM NO.:   1
 DEP VARIABLE IS DATA ITEM NO.:  14
 MDV DATA ITEM IS DATA ITEM NO.: 17
0INDICES PASSED TO SUBROUTINE PRED:
   5   3   6   0   0   0   0   0   0   0   0
0LABELS FOR DATA ITEMS:
 ID WT TIME TAD EVID AMT DVN BLQ DIST CMPD DOSE_FACTOR iCL iCLm DV NDOSES HW MDV
0(NONBLANK) LABELS FOR PRED-DEFINED ITEMS:
 PC6 PC7 CP CM IPRED A6 A7 IWRES
0FORMAT FOR DATA:
 (5(3E21.0/),1E21.0,1F2.0)

 TOT. NO. OF OBS RECS:       82
 TOT. NO. OF INDIVIDUALS:       96
0LENGTH OF THETA:  18
0DEFAULT THETA BOUNDARY TEST OMITTED:    NO
0OMEGA HAS SIMPLE DIAGONAL FORM WITH DIMENSION:   2
0DEFAULT OMEGA BOUNDARY TEST OMITTED:    NO
0SIGMA HAS SIMPLE DIAGONAL FORM WITH DIMENSION:   1
0DEFAULT SIGMA BOUNDARY TEST OMITTED:    NO
0INITIAL ESTIMATE OF THETA:
 LOWER BOUND    INITIAL EST    UPPER BOUND
  0.5000E-02     0.5000E-02     0.5000E-02
  0.2254E+01     0.2254E+01     0.2254E+01
  0.2072E+03     0.2072E+03     0.2072E+03
  0.1394E+01     0.1394E+01     0.1394E+01
  0.1324E+04     0.1324E+04     0.1324E+04
  0.4043E+02     0.4043E+02     0.4043E+02
  0.1000E+01     0.1000E+01     0.1000E+01
  0.1949E+00     0.1949E+00     0.1949E+00
  0.6079E+03     0.6079E+03     0.6079E+03
  0.1434E+01     0.1434E+01     0.1434E+01
  0.2566E+01     0.2566E+01     0.2566E+01
  0.4682E+00     0.4682E+00     0.4682E+00
  0.1575E+02     0.1575E+02     0.1575E+02
  0.0000E+00     0.2422E+01     0.1000E+07
  0.0000E+00     0.3995E+00     0.1000E+02
  0.0000E+00     0.1535E+02     0.1000E+07
  0.0000E+00     0.0000E+00     0.0000E+00
  0.0000E+00     0.1213E+01     0.1000E+07
0INITIAL ESTIMATE OF OMEGA:
 0.8940E-01
 0.0000E+00   0.1232E+00
0OMEGA CONSTRAINED TO BE THIS INITIAL ESTIMATE
0INITIAL ESTIMATE OF SIGMA:
 0.1000E+01
0SIGMA CONSTRAINED TO BE THIS INITIAL ESTIMATE
0COVARIANCE STEP OMITTED:        NO
 EIGENVLS. PRINTED:              NO
 SPECIAL COMPUTATION:            NO
 COMPRESSED FORMAT:              NO
 GRADIENT METHOD USED:       SLOW
 SIGDIGITS ETAHAT (SIGLO):                  -1
 SIGDIGITS GRADIENTS (SIGL):                -1
 EXCLUDE COV FOR FOCE (NOFCOV):              NO
 Cholesky Transposition of R Matrix (CHOLROFF):0
 KNUTHSUMOFF:                                -1
 RESUME COV ANALYSIS (RESUME):               NO
 SIR SAMPLE SIZE (SIRSAMPLE):
 NON-LINEARLY TRANSFORM THETAS DURING COV (THBND): 1
 PRECONDTIONING CYCLES (PRECOND):        0
 PRECONDTIONING TYPES (PRECONDS):        TOS
 FORCED PRECONDTIONING CYCLES (PFCOND):0
 PRECONDTIONING TYPE (PRETYPE):        0
 FORCED POS. DEFINITE SETTING DURING PRECONDITIONING: (FPOSDEF):0
 SIMPLE POS. DEFINITE SETTING: (POSDEF):-1
0TABLES STEP OMITTED:    NO
 NO. OF TABLES:           1
 SEED NUMBER (SEED):    11456
 RANMETHOD:             3U
 MC SAMPLES (ESAMPLE):    300
 WRES SQUARE ROOT TYPE (WRESCHOL): EIGENVALUE
0-- TABLE   1 --
0RECORDS ONLY:    ALL
04 COLUMNS APPENDED:    YES
 PRINTED:                NO
 HEADERS:               ONE
 FILE TO BE FORWARDED:   NO
 FORMAT:                S1PE11.4
 IDFORMAT:
 LFORMAT:
 RFORMAT:
 FIXED_EFFECT_ETAS:
0USER-CHOSEN ITEMS:
 ID TIME TAD DIST CMPD DOSE_FACTOR IPRED DV CP CM A6 A7 iCL WT AMT IWRES CWRES EVID PC6 PC7
1DOUBLE PRECISION PREDPP VERSION 7.5.0

 GENERAL NONLINEAR KINETICS MODEL WITH STIFF/NONSTIFF EQUATIONS (LSODA, ADVAN13)
0MODEL SUBROUTINE USER-SUPPLIED - ID NO. 9999
0MAXIMUM NO. OF BASIC PK PARAMETERS:  15
0COMPARTMENT ATTRIBUTES
 COMPT. NO.   FUNCTION   INITIAL    ON/OFF      DOSE      DEFAULT    DEFAULT
                         STATUS     ALLOWED    ALLOWED    FOR DOSE   FOR OBS.
    1         ABS          ON         YES        YES        YES        NO
    2         CENTRAL      ON         YES        YES        NO         YES
    3         PERIPH       ON         YES        YES        NO         NO
    4         CMPD         ON         YES        YES        NO         NO
    5         TRANSIT1     ON         YES        YES        NO         NO
    6         TRANSIT2     ON         YES        YES        NO         NO
    7         PLESION      ON         YES        YES        NO         NO
    8         MLESION      ON         YES        YES        NO         NO
    9         OUTPUT       OFF        YES        NO         NO         NO
 INITIAL (BASE) TOLERANCE SETTINGS:
 NRD (RELATIVE) VALUE(S) OF TOLERANCE:   9
 ANRD (ABSOLUTE) VALUE(S) OF TOLERANCE:  12
1
 ADDITIONAL PK PARAMETERS - ASSIGNMENT OF ROWS IN GG
 COMPT. NO.                             INDICES
              SCALE      BIOAVAIL.   ZERO-ORDER  ZERO-ORDER  ABSORB
                         FRACTION    RATE        DURATION    LAG
    1            *           *           *           *           *
    2           16           *           *           *           *
    3            *           *           *           *           *
    4            *           *           *           *           *
    5            *           *           *           *           *
    6            *           *           *           *           *
    7            *           *           *           *           *
    8            *           *           *           *           *
    9            *           -           -           -           -
             - PARAMETER IS NOT ALLOWED FOR THIS MODEL
             * PARAMETER IS NOT SUPPLIED BY PK SUBROUTINE;
               WILL DEFAULT TO ONE IF APPLICABLE
0DATA ITEM INDICES USED BY PRED ARE:
   EVENT ID DATA ITEM IS DATA ITEM NO.:      5
   TIME DATA ITEM IS DATA ITEM NO.:          3
   DOSE AMOUNT DATA ITEM IS DATA ITEM NO.:   6

0PK SUBROUTINE CALLED WITH EVERY EVENT RECORD.
 PK SUBROUTINE NOT CALLED AT NONEVENT (ADDITIONAL OR LAGGED) DOSE TIMES.
0ERROR SUBROUTINE CALLED WITH EVERY EVENT RECORD.
0ERROR SUBROUTINE INDICATES THAT DERIVATIVES OF COMPARTMENT AMOUNTS ARE USED.
0DES SUBROUTINE USES COMPACT STORAGE MODE.
1


 #TBLN:      1
 #METH: Laplacian Conditional Estimation with Interaction

 ESTIMATION STEP OMITTED:                 NO
 ANALYSIS TYPE:                           POPULATION
 NUMBER OF SADDLE POINT RESET ITERATIONS:      0
 GRADIENT METHOD USED:               SLOW
 CONDITIONAL ESTIMATES USED:              YES
 CENTERED ETA:                            NO
 EPS-ETA INTERACTION:                     YES
 LAPLACIAN OBJ. FUNC.:                    YES
 NUMERICAL 2ND DERIVATIVES:               YES
 NO. OF FUNCT. EVALS. ALLOWED:            9999
 NO. OF SIG. FIGURES REQUIRED:            3
 INTERMEDIATE PRINTOUT:                   YES
 ESTIMATE OUTPUT TO MSF:                  NO
 ABORT WITH PRED EXIT CODE 1:             NO
 IND. OBJ. FUNC. VALUES SORTED:           NO
 NUMERICAL DERIVATIVE
       FILE REQUEST (NUMDER):               NONE
 MAP (ETAHAT) ESTIMATION METHOD (OPTMAP):   0
 ETA HESSIAN EVALUATION METHOD (ETADER):    0
 INITIAL ETA FOR MAP ESTIMATION (MCETA):    0
 SIGDIGITS FOR MAP ESTIMATION (SIGLO):      9
 GRADIENT SIGDIGITS OF
       FIXED EFFECTS PARAMETERS (SIGL):     9
 NOPRIOR SETTING (NOPRIOR):                 0
 NOCOV SETTING (NOCOV):                     OFF
 DERCONT SETTING (DERCONT):                 OFF
 FINAL ETA RE-EVALUATION (FNLETA):          1
 EXCLUDE NON-INFLUENTIAL (NON-INFL.) ETAS
       IN SHRINKAGE (ETASTYPE):             NO
 NON-INFL. ETA CORRECTION (NONINFETA):      0
 RAW OUTPUT FILE (FILE): psn.ext
 EXCLUDE TITLE (NOTITLE):                   NO
 EXCLUDE COLUMN LABELS (NOLABEL):           NO
 FORMAT FOR ADDITIONAL FILES (FORMAT):      S1PE12.5
 PARAMETER ORDER FOR OUTPUTS (ORDER):       TSOL
 KNUTHSUMOFF:                               0
 INCLUDE LNTWOPI:                           NO
 INCLUDE CONSTANT TERM TO PRIOR (PRIORC):   NO
 INCLUDE CONSTANT TERM TO OMEGA (ETA) (OLNTWOPI):NO
 ADDITIONAL CONVERGENCE TEST (CTYPE=4)?:    NO
 EM OR BAYESIAN METHOD USED:                 NONE

 TOLERANCES FOR ESTIMATION/EVALUATION STEP:
 NRD (RELATIVE) VALUE(S) OF TOLERANCE:   9
 ANRD (ABSOLUTE) VALUE(S) OF TOLERANCE:  12
 TOLERANCES FOR COVARIANCE STEP:
 NRD (RELATIVE) VALUE(S) OF TOLERANCE:   9
 ANRD (ABSOLUTE) VALUE(S) OF TOLERANCE:  12
 TOLERANCES FOR TABLE/SCATTER STEP:
 NRD (RELATIVE) VALUE(S) OF TOLERANCE:   9
 ANRD (ABSOLUTE) VALUE(S) OF TOLERANCE:  12

 THE FOLLOWING LABELS ARE EQUIVALENT
 PRED=PREDI
 RES=RESI
 WRES=WRESI
 IWRS=IWRESI
 IPRD=IPREDI
 IRS=IRESI

 MONITORING OF SEARCH:


0ITERATION NO.:    0    OBJECTIVE VALUE:   87.5849846231011        NO. OF FUNC. EVALS.:   5
 CUMULATIVE NO. OF FUNC. EVALS.:        5
 NPARAMETR:  2.4225E+00  3.9953E-01  1.5348E+01  1.2130E+00
 PARAMETER:  1.0000E-01  1.0000E-01  1.0000E-01  1.0000E-01
 GRADIENT:   2.8129E+02  2.0942E+02 -5.0922E+02  1.7490E+01

0ITERATION NO.:    1    OBJECTIVE VALUE:   85.3039294573789        NO. OF FUNC. EVALS.:   7
 CUMULATIVE NO. OF FUNC. EVALS.:       12
 NPARAMETR:  2.3937E+00  3.9614E-01  1.5683E+01  1.2121E+00
 PARAMETER:  8.8052E-02  9.1105E-02  1.2163E-01  9.9257E-02
 GRADIENT:  -2.7895E+02 -3.3090E+01  3.8236E+02  2.1360E+01

0ITERATION NO.:    2    OBJECTIVE VALUE:   84.9116811917649        NO. OF FUNC. EVALS.:   7
 CUMULATIVE NO. OF FUNC. EVALS.:       19
 NPARAMETR:  2.4256E+00  3.9673E-01  1.5402E+01  1.2109E+00
 PARAMETER:  1.0126E-01  9.2671E-02  1.0353E-01  9.8246E-02
 GRADIENT:   2.0262E+02  1.7015E+02 -3.7644E+02  2.2031E+01

0ITERATION NO.:    3    OBJECTIVE VALUE:   81.7766217172691        NO. OF FUNC. EVALS.:   7
 CUMULATIVE NO. OF FUNC. EVALS.:       26
 NPARAMETR:  2.5002E+00  3.7381E-01  1.5443E+01  1.1879E+00
 PARAMETER:  1.3159E-01  3.0784E-02  1.0619E-01  7.9096E-02
 GRADIENT:   1.9281E+02  7.8598E+01 -2.9500E+02  2.1985E+01

0ITERATION NO.:    4    OBJECTIVE VALUE:   76.1052149888167        NO. OF FUNC. EVALS.:   6
 CUMULATIVE NO. OF FUNC. EVALS.:       32
 NPARAMETR:  2.3583E+00  3.6139E-01  1.4739E+01  7.3906E-01
 PARAMETER:  7.3137E-02 -4.2927E-03  5.9512E-02 -3.9548E-01
 GRADIENT:   2.9920E+02  1.2444E+02 -4.5207E+02 -3.0025E-02

0ITERATION NO.:    5    OBJECTIVE VALUE:   75.9647121894623        NO. OF FUNC. EVALS.:   6
 CUMULATIVE NO. OF FUNC. EVALS.:       38
 NPARAMETR:  2.2588E+00  3.5253E-01  1.4244E+01  7.2560E-01
 PARAMETER:  3.0040E-02 -3.0049E-02  2.5348E-02 -4.1386E-01
 GRADIENT:   2.7648E+02  1.2074E+02 -4.5287E+02 -3.0263E+00

0ITERATION NO.:    6    OBJECTIVE VALUE:   73.1206650210242        NO. OF FUNC. EVALS.:   8
 CUMULATIVE NO. OF FUNC. EVALS.:       46
 NPARAMETR:  2.3020E+00  3.6106E-01  1.4692E+01  6.9127E-01
 PARAMETER:  4.8988E-02 -5.2408E-03  5.6303E-02 -4.6233E-01
 GRADIENT:   1.3024E+01  3.5578E+00 -9.3525E+00 -1.2948E+00

0ITERATION NO.:    7    OBJECTIVE VALUE:   73.0417321502863        NO. OF FUNC. EVALS.:   6
 CUMULATIVE NO. OF FUNC. EVALS.:       52
 NPARAMETR:  2.2673E+00  3.5813E-01  1.4522E+01  7.1523E-01
 PARAMETER:  3.3797E-02 -1.3693E-02  4.4669E-02 -4.2825E-01
 GRADIENT:   4.6726E+00  4.9105E+00 -6.0056E+00 -3.5328E-01

0ITERATION NO.:    8    OBJECTIVE VALUE:   73.0382724333006        NO. OF FUNC. EVALS.:   6
 CUMULATIVE NO. OF FUNC. EVALS.:       58
 NPARAMETR:  2.2461E+00  3.5461E-01  1.4398E+01  7.2942E-01
 PARAMETER:  2.4373E-02 -2.3960E-02  3.6107E-02 -4.0860E-01
 GRADIENT:   1.5771E+01  1.2160E+00  5.1642E+00  1.1936E+00

0ITERATION NO.:    9    OBJECTIVE VALUE:   73.0332197175696        NO. OF FUNC. EVALS.:   6
 CUMULATIVE NO. OF FUNC. EVALS.:       64
 NPARAMETR:  2.2236E+00  3.5212E-01  1.4281E+01  7.3502E-01
 PARAMETER:  1.4323E-02 -3.1264E-02  2.7923E-02 -4.0097E-01
 GRADIENT:   2.8542E+00 -6.0451E+00  8.8842E+00  1.5895E+00

0ITERATION NO.:   10    OBJECTIVE VALUE:   72.9860305785895        NO. OF FUNC. EVALS.:   8
 CUMULATIVE NO. OF FUNC. EVALS.:       72
 NPARAMETR:  2.2123E+00  3.5263E-01  1.4243E+01  7.1841E-01
 PARAMETER:  9.2180E-03 -2.9762E-02  2.5260E-02 -4.2382E-01
 GRADIENT:   1.6141E-01  6.5610E-01  2.6664E+00  5.6892E-01

0ITERATION NO.:   11    OBJECTIVE VALUE:   72.9792046138907        NO. OF FUNC. EVALS.:   6
 CUMULATIVE NO. OF FUNC. EVALS.:       78
 NPARAMETR:  2.2070E+00  3.5197E-01  1.4214E+01  7.0874E-01
 PARAMETER:  6.8119E-03 -3.1698E-02  2.3231E-02 -4.3737E-01
 GRADIENT:   3.1416E+00  2.9967E+00  2.8740E+00  3.9898E-01

0ITERATION NO.:   12    OBJECTIVE VALUE:   72.9781276798435        NO. OF FUNC. EVALS.:   6
 CUMULATIVE NO. OF FUNC. EVALS.:       84
 NPARAMETR:  2.2035E+00  3.5155E-01  1.4195E+01  7.0642E-01
 PARAMETER:  5.2618E-03 -3.2934E-02  2.1920E-02 -4.4065E-01
 GRADIENT:   9.6501E-01 -3.1969E+00  1.6950E+00 -1.5699E-01

0ITERATION NO.:   13    OBJECTIVE VALUE:   72.9772882982141        NO. OF FUNC. EVALS.:   6
 CUMULATIVE NO. OF FUNC. EVALS.:       90
 NPARAMETR:  2.2021E+00  3.5165E-01  1.4190E+01  7.0679E-01
 PARAMETER:  4.6255E-03 -3.2649E-02  2.1598E-02 -4.4012E-01
 GRADIENT:   7.8859E-01  5.2641E-01  1.8817E+00 -5.1445E-02

0ITERATION NO.:   14    OBJECTIVE VALUE:   72.9766783960884        NO. OF FUNC. EVALS.:   6
 CUMULATIVE NO. OF FUNC. EVALS.:       96
 NPARAMETR:  2.2003E+00  3.5167E-01  1.4183E+01  7.0770E-01
 PARAMETER:  3.7877E-03 -3.2584E-02  2.1074E-02 -4.3883E-01
 GRADIENT:  -4.0530E+00  5.2142E-01 -2.8202E+00  5.1690E-01

0ITERATION NO.:   15    OBJECTIVE VALUE:   72.9766783960884        NO. OF FUNC. EVALS.:  12
 CUMULATIVE NO. OF FUNC. EVALS.:      108
 NPARAMETR:  2.2003E+00  3.5167E-01  1.4183E+01  7.0770E-01
 PARAMETER:  3.7877E-03 -3.2584E-02  2.1074E-02 -4.3883E-01
 GRADIENT:  -4.5229E-02  1.0236E+00  3.1931E-01 -1.4512E-01

0ITERATION NO.:   16    OBJECTIVE VALUE:   72.9763877179549        NO. OF FUNC. EVALS.:  10
 CUMULATIVE NO. OF FUNC. EVALS.:      118
 NPARAMETR:  2.2007E+00  3.5162E-01  1.4184E+01  7.0950E-01
 PARAMETER:  3.9789E-03 -3.2737E-02  2.1130E-02 -4.3630E-01
 GRADIENT:   5.9016E-01  8.3160E-01 -2.1683E-01 -1.7997E-02

0ITERATION NO.:   17    OBJECTIVE VALUE:   72.9762930672400        NO. OF FUNC. EVALS.:  10
 CUMULATIVE NO. OF FUNC. EVALS.:      128
 NPARAMETR:  2.2006E+00  3.5157E-01  1.4183E+01  7.1018E-01
 PARAMETER:  3.9446E-03 -3.2867E-02  2.1098E-02 -4.3534E-01
 GRADIENT:   3.8762E-02  4.1056E-01  7.0121E-01  3.7068E-02

0ITERATION NO.:   18    OBJECTIVE VALUE:   72.9756688855457        NO. OF FUNC. EVALS.:  12
 CUMULATIVE NO. OF FUNC. EVALS.:      140
 NPARAMETR:  2.1990E+00  3.5130E-01  1.4174E+01  7.1121E-01
 PARAMETER:  3.1799E-03 -3.3670E-02  2.0454E-02 -4.3389E-01
 GRADIENT:  -1.0025E+00 -5.2487E-01  2.9227E+00  1.0542E-01

0ITERATION NO.:   19    OBJECTIVE VALUE:   72.9749291970352        NO. OF FUNC. EVALS.:  10
 CUMULATIVE NO. OF FUNC. EVALS.:      150
 NPARAMETR:  2.1958E+00  3.5085E-01  1.4157E+01  7.1222E-01
 PARAMETER:  1.7422E-03 -3.5007E-02  1.9242E-02 -4.3247E-01
 GRADIENT:  -2.0871E+00 -1.6860E+00  4.9008E+00  1.6674E-01

0ITERATION NO.:   20    OBJECTIVE VALUE:   72.9728633730334        NO. OF FUNC. EVALS.:  11
 CUMULATIVE NO. OF FUNC. EVALS.:      161
 NPARAMETR:  2.1867E+00  3.4975E-01  1.4108E+01  7.1196E-01
 PARAMETER: -2.3917E-03 -3.8262E-02  1.5770E-02 -4.3284E-01
 GRADIENT:  -1.9136E+00 -2.4637E+00  4.8731E+00  1.5478E-01

0ITERATION NO.:   21    OBJECTIVE VALUE:   72.9714594429539        NO. OF FUNC. EVALS.:  10
 CUMULATIVE NO. OF FUNC. EVALS.:      171
 NPARAMETR:  2.1743E+00  3.4850E-01  1.4042E+01  7.0836E-01
 PARAMETER: -8.0920E-03 -4.1971E-02  1.1113E-02 -4.3791E-01
 GRADIENT:  -9.4842E-02 -1.5652E+00  1.3978E+00 -9.3784E-02

0ITERATION NO.:   22    OBJECTIVE VALUE:   72.9709827036464        NO. OF FUNC. EVALS.:  10
 CUMULATIVE NO. OF FUNC. EVALS.:      181
 NPARAMETR:  2.1780E+00  3.4905E-01  1.4063E+01  7.0863E-01
 PARAMETER: -6.3750E-03 -4.0342E-02  1.2583E-02 -4.3752E-01
 GRADIENT:   6.7158E-01 -4.3184E-01 -3.7004E-01 -8.5979E-02

0ITERATION NO.:   23    OBJECTIVE VALUE:   72.9708176198868        NO. OF FUNC. EVALS.:  10
 CUMULATIVE NO. OF FUNC. EVALS.:      191
 NPARAMETR:  2.1779E+00  3.4916E-01  1.4064E+01  7.0916E-01
 PARAMETER: -6.4282E-03 -4.0007E-02  1.2634E-02 -4.3678E-01
 GRADIENT:   7.2403E-01  1.6348E-01 -9.2092E-01 -4.7406E-02

0ITERATION NO.:   24    OBJECTIVE VALUE:   72.9707317344877        NO. OF FUNC. EVALS.:  10
 CUMULATIVE NO. OF FUNC. EVALS.:      201
 NPARAMETR:  2.1758E+00  3.4899E-01  1.4054E+01  7.0951E-01
 PARAMETER: -7.3822E-03 -4.0506E-02  1.1919E-02 -4.3628E-01
 GRADIENT:   2.2799E-01  1.9946E-01 -4.0561E-01 -3.0078E-02

0ITERATION NO.:   25    OBJECTIVE VALUE:   72.9707144965174        NO. OF FUNC. EVALS.:  10
 CUMULATIVE NO. OF FUNC. EVALS.:      211
 NPARAMETR:  2.1746E+00  3.4885E-01  1.4047E+01  7.0997E-01
 PARAMETER: -7.9624E-03 -4.0936E-02  1.1450E-02 -4.3563E-01
 GRADIENT:   4.7665E-02  9.1506E-03 -8.3001E-02 -3.0582E-03

0ITERATION NO.:   26    OBJECTIVE VALUE:   72.9707020429956        NO. OF FUNC. EVALS.:  11
 CUMULATIVE NO. OF FUNC. EVALS.:      222
 NPARAMETR:  2.1752E+00  3.4892E-01  1.4051E+01  7.1007E-01
 PARAMETER: -7.6577E-03 -4.0720E-02  1.1704E-02 -4.3550E-01
 GRADIENT:  -5.9605E-02 -1.5137E-01  1.4290E-01  2.0033E-02

0ITERATION NO.:   27    OBJECTIVE VALUE:   72.9707020429956        NO. OF FUNC. EVALS.:   7
 CUMULATIVE NO. OF FUNC. EVALS.:      229
 NPARAMETR:  2.1753E+00  3.4892E-01  1.4051E+01  7.1007E-01
 PARAMETER: -7.6577E-03 -4.0720E-02  1.1704E-02 -4.3550E-01
 GRADIENT:  -5.9605E-02 -1.5137E-01  1.4290E-01  2.0033E-02

 #TERM:
0MINIMIZATION SUCCESSFUL
 HOWEVER, PROBLEMS OCCURRED WITH THE MINIMIZATION.
 REGARD THE RESULTS OF THE ESTIMATION STEP CAREFULLY, AND ACCEPT THEM ONLY
 AFTER CHECKING THAT THE COVARIANCE STEP PRODUCES REASONABLE OUTPUT.
 NO. OF FUNCTION EVALUATIONS USED:      229
 NO. OF SIG. DIGITS IN FINAL EST.:  3.6

 ETABAR IS THE ARITHMETIC MEAN OF THE ETA-ESTIMATES,
 AND THE P-VALUE IS GIVEN FOR THE NULL HYPOTHESIS THAT THE TRUE MEAN IS 0.

 ETABAR:        -6.7330E-03  4.0788E-03
 SE:             4.8482E-03  1.7020E-02
 N:                      82          82

 P VAL.:         1.6490E-01  8.1060E-01

 ETASHRINKSD(%)  8.5227E+01  5.5820E+01
 ETASHRINKVR(%)  9.7817E+01  8.0481E+01
 EBVSHRINKSD(%)  9.6964E+01  5.6253E+01
 EBVSHRINKVR(%)  9.9908E+01  8.0862E+01
 RELATIVEINF(%)  1.0000E-10  1.0000E-10
 EPSSHRINKSD(%)  1.0656E+01
 EPSSHRINKVR(%)  2.0176E+01

  
 TOTAL DATA POINTS NORMALLY DISTRIBUTED (N):           82
 N*LOG(2PI) CONSTANT TO OBJECTIVE FUNCTION:    150.70591944556631     
 OBJECTIVE FUNCTION VALUE WITHOUT CONSTANT:    72.970702042995555     
 OBJECTIVE FUNCTION VALUE WITH CONSTANT:       223.67662148856186     
 REPORTED OBJECTIVE FUNCTION DOES NOT CONTAIN CONSTANT
  
 TOTAL EFFECTIVE ETAS (NIND*NETA):                           164
  
 #TERE:
 Elapsed estimation  time in seconds:  1011.10
 Elapsed covariance  time in seconds:   175.67
 Elapsed postprocess time in seconds:     4.89
1
 
 
 
 
 
 
 
 
 
 
 
 
 
 
 
 
 
 
 
 
 ************************************************************************************************************************
 ********************                                                                                ********************
 ********************                LAPLACIAN CONDITIONAL ESTIMATION WITH INTERACTION               ********************
 #OBJT:**************                       MINIMUM VALUE OF OBJECTIVE FUNCTION                      ********************
 ********************                                                                                ********************
 ************************************************************************************************************************
 





 #OBJV:********************************************       72.971       **************************************************
1
 ************************************************************************************************************************
 ********************                                                                                ********************
 ********************                LAPLACIAN CONDITIONAL ESTIMATION WITH INTERACTION               ********************
 ********************                             FINAL PARAMETER ESTIMATE                           ********************
 ********************                                                                                ********************
 ************************************************************************************************************************
 


 THETA - VECTOR OF FIXED EFFECTS PARAMETERS   *********


         TH 1      TH 2      TH 3      TH 4      TH 5      TH 6      TH 7      TH 8      TH 9      TH10      TH11      TH12     
          TH13      TH14      TH15      TH16      TH17      TH18     
 
         5.00E-03  2.25E+00  2.07E+02  1.39E+00  1.32E+03  4.04E+01  1.00E+00  1.95E-01  6.08E+02  1.43E+00  2.57E+00  4.68E-01
          1.58E+01  2.18E+00  3.49E-01  1.41E+01  0.00E+00  7.10E-01
 


 OMEGA - COV MATRIX FOR RANDOM EFFECTS - ETAS  ********


         ETA1      ETA2     
 
 ETA1
+        8.94E-02
 
 ETA2
+        0.00E+00  1.23E-01
 


 SIGMA - COV MATRIX FOR RANDOM EFFECTS - EPSILONS  ****


         EPS1     
 
 EPS1
+        1.00E+00
 
1


 OMEGA - CORR MATRIX FOR RANDOM EFFECTS - ETAS  *******


         ETA1      ETA2     
 
 ETA1
+        2.99E-01
 
 ETA2
+        0.00E+00  3.51E-01
 


 SIGMA - CORR MATRIX FOR RANDOM EFFECTS - EPSILONS  ***


         EPS1     
 
 EPS1
+        1.00E+00
 
1
 ************************************************************************************************************************
 ********************                                                                                ********************
 ********************                LAPLACIAN CONDITIONAL ESTIMATION WITH INTERACTION               ********************
 ********************                            STANDARD ERROR OF ESTIMATE                          ********************
 ********************                                                                                ********************
 ************************************************************************************************************************
 


 THETA - VECTOR OF FIXED EFFECTS PARAMETERS   *********


         TH 1      TH 2      TH 3      TH 4      TH 5      TH 6      TH 7      TH 8      TH 9      TH10      TH11      TH12     
          TH13      TH14      TH15      TH16      TH17      TH18     
 
        ......... ......... ......... ......... ......... ......... ......... ......... ......... ......... ......... .........
         .........  2.44E-01  2.47E-02  1.22E+00 .........  1.98E-01
 


 OMEGA - COV MATRIX FOR RANDOM EFFECTS - ETAS  ********


         ETA1      ETA2     
 
 ETA1
+       .........
 
 ETA2
+       ......... .........
 


 SIGMA - COV MATRIX FOR RANDOM EFFECTS - EPSILONS  ****


         EPS1     
 
 EPS1
+       .........
 
1


 OMEGA - CORR MATRIX FOR RANDOM EFFECTS - ETAS  *******


         ETA1      ETA2     
 
 ETA1
+       .........
 
 ETA2
+       ......... .........
 


 SIGMA - CORR MATRIX FOR RANDOM EFFECTS - EPSILONS  ***


         EPS1     
 
 EPS1
+       .........
 
1
 ************************************************************************************************************************
 ********************                                                                                ********************
 ********************                LAPLACIAN CONDITIONAL ESTIMATION WITH INTERACTION               ********************
 ********************                          COVARIANCE MATRIX OF ESTIMATE                         ********************
 ********************                                                                                ********************
 ************************************************************************************************************************
 

            TH 1      TH 2      TH 3      TH 4      TH 5      TH 6      TH 7      TH 8      TH 9      TH10      TH11      TH12  
             TH13      TH14      TH15      TH16      TH17      TH18      OM11      OM12      OM22      SG11  
 
 TH 1
+       .........
 
 TH 2
+       ......... .........
 
 TH 3
+       ......... ......... .........
 
 TH 4
+       ......... ......... ......... .........
 
 TH 5
+       ......... ......... ......... ......... .........
 
 TH 6
+       ......... ......... ......... ......... ......... .........
 
 TH 7
+       ......... ......... ......... ......... ......... ......... .........
 
 TH 8
+       ......... ......... ......... ......... ......... ......... ......... .........
 
 TH 9
+       ......... ......... ......... ......... ......... ......... ......... ......... .........
 
 TH10
+       ......... ......... ......... ......... ......... ......... ......... ......... ......... .........
 
 TH11
+       ......... ......... ......... ......... ......... ......... ......... ......... ......... ......... .........
 
 TH12
+       ......... ......... ......... ......... ......... ......... ......... ......... ......... ......... ......... .........
 
 TH13
+       ......... ......... ......... ......... ......... ......... ......... ......... ......... ......... ......... .........
         .........
 
 TH14
+       ......... ......... ......... ......... ......... ......... ......... ......... ......... ......... ......... .........
         .........  5.98E-02
 
 TH15
+       ......... ......... ......... ......... ......... ......... ......... ......... ......... ......... ......... .........
         .........  5.23E-03  6.12E-04
 
 TH16
+       ......... ......... ......... ......... ......... ......... ......... ......... ......... ......... ......... .........
         .........  2.96E-01  2.79E-02  1.50E+00
 
 TH17
+       ......... ......... ......... ......... ......... ......... ......... ......... ......... ......... ......... .........
         ......... ......... ......... ......... .........
 
 TH18
+       ......... ......... ......... ......... ......... ......... ......... ......... ......... ......... ......... .........
         ......... -2.25E-02 -1.44E-03 -1.02E-01 .........  3.91E-02
 
 OM11
+       ......... ......... ......... ......... ......... ......... ......... ......... ......... ......... ......... .........
         ......... ......... ......... ......... ......... ......... .........
 
1

            TH 1      TH 2      TH 3      TH 4      TH 5      TH 6      TH 7      TH 8      TH 9      TH10      TH11      TH12  
             TH13      TH14      TH15      TH16      TH17      TH18      OM11      OM12      OM22      SG11  
 
 OM12
+       ......... ......... ......... ......... ......... ......... ......... ......... ......... ......... ......... .........
         ......... ......... ......... ......... ......... ......... ......... .........
 
 OM22
+       ......... ......... ......... ......... ......... ......... ......... ......... ......... ......... ......... .........
         ......... ......... ......... ......... ......... ......... ......... ......... .........
 
 SG11
+       ......... ......... ......... ......... ......... ......... ......... ......... ......... ......... ......... .........
         ......... ......... ......... ......... ......... ......... ......... ......... ......... .........
 
1
 ************************************************************************************************************************
 ********************                                                                                ********************
 ********************                LAPLACIAN CONDITIONAL ESTIMATION WITH INTERACTION               ********************
 ********************                          CORRELATION MATRIX OF ESTIMATE                        ********************
 ********************                                                                                ********************
 ************************************************************************************************************************
 

            TH 1      TH 2      TH 3      TH 4      TH 5      TH 6      TH 7      TH 8      TH 9      TH10      TH11      TH12  
             TH13      TH14      TH15      TH16      TH17      TH18      OM11      OM12      OM22      SG11  
 
 TH 1
+       .........
 
 TH 2
+       ......... .........
 
 TH 3
+       ......... ......... .........
 
 TH 4
+       ......... ......... ......... .........
 
 TH 5
+       ......... ......... ......... ......... .........
 
 TH 6
+       ......... ......... ......... ......... ......... .........
 
 TH 7
+       ......... ......... ......... ......... ......... ......... .........
 
 TH 8
+       ......... ......... ......... ......... ......... ......... ......... .........
 
 TH 9
+       ......... ......... ......... ......... ......... ......... ......... ......... .........
 
 TH10
+       ......... ......... ......... ......... ......... ......... ......... ......... ......... .........
 
 TH11
+       ......... ......... ......... ......... ......... ......... ......... ......... ......... ......... .........
 
 TH12
+       ......... ......... ......... ......... ......... ......... ......... ......... ......... ......... ......... .........
 
 TH13
+       ......... ......... ......... ......... ......... ......... ......... ......... ......... ......... ......... .........
         .........
 
 TH14
+       ......... ......... ......... ......... ......... ......... ......... ......... ......... ......... ......... .........
         .........  2.44E-01
 
 TH15
+       ......... ......... ......... ......... ......... ......... ......... ......... ......... ......... ......... .........
         .........  8.65E-01  2.47E-02
 
 TH16
+       ......... ......... ......... ......... ......... ......... ......... ......... ......... ......... ......... .........
         .........  9.87E-01  9.22E-01  1.22E+00
 
 TH17
+       ......... ......... ......... ......... ......... ......... ......... ......... ......... ......... ......... .........
         ......... ......... ......... ......... .........
 
 TH18
+       ......... ......... ......... ......... ......... ......... ......... ......... ......... ......... ......... .........
         ......... -4.67E-01 -2.95E-01 -4.21E-01 .........  1.98E-01
 
 OM11
+       ......... ......... ......... ......... ......... ......... ......... ......... ......... ......... ......... .........
         ......... ......... ......... ......... ......... ......... .........
 
1

            TH 1      TH 2      TH 3      TH 4      TH 5      TH 6      TH 7      TH 8      TH 9      TH10      TH11      TH12  
             TH13      TH14      TH15      TH16      TH17      TH18      OM11      OM12      OM22      SG11  
 
 OM12
+       ......... ......... ......... ......... ......... ......... ......... ......... ......... ......... ......... .........
         ......... ......... ......... ......... ......... ......... ......... .........
 
 OM22
+       ......... ......... ......... ......... ......... ......... ......... ......... ......... ......... ......... .........
         ......... ......... ......... ......... ......... ......... ......... ......... .........
 
 SG11
+       ......... ......... ......... ......... ......... ......... ......... ......... ......... ......... ......... .........
         ......... ......... ......... ......... ......... ......... ......... ......... ......... .........
 
1
 ************************************************************************************************************************
 ********************                                                                                ********************
 ********************                LAPLACIAN CONDITIONAL ESTIMATION WITH INTERACTION               ********************
 ********************                      INVERSE COVARIANCE MATRIX OF ESTIMATE                     ********************
 ********************                                                                                ********************
 ************************************************************************************************************************
 

            TH 1      TH 2      TH 3      TH 4      TH 5      TH 6      TH 7      TH 8      TH 9      TH10      TH11      TH12  
             TH13      TH14      TH15      TH16      TH17      TH18      OM11      OM12      OM22      SG11  
 
 TH 1
+       .........
 
 TH 2
+       ......... .........
 
 TH 3
+       ......... ......... .........
 
 TH 4
+       ......... ......... ......... .........
 
 TH 5
+       ......... ......... ......... ......... .........
 
 TH 6
+       ......... ......... ......... ......... ......... .........
 
 TH 7
+       ......... ......... ......... ......... ......... ......... .........
 
 TH 8
+       ......... ......... ......... ......... ......... ......... ......... .........
 
 TH 9
+       ......... ......... ......... ......... ......... ......... ......... ......... .........
 
 TH10
+       ......... ......... ......... ......... ......... ......... ......... ......... ......... .........
 
 TH11
+       ......... ......... ......... ......... ......... ......... ......... ......... ......... ......... .........
 
 TH12
+       ......... ......... ......... ......... ......... ......... ......... ......... ......... ......... ......... .........
 
 TH13
+       ......... ......... ......... ......... ......... ......... ......... ......... ......... ......... ......... .........
         .........
 
 TH14
+       ......... ......... ......... ......... ......... ......... ......... ......... ......... ......... ......... .........
         .........  1.55E+03
 
 TH15
+       ......... ......... ......... ......... ......... ......... ......... ......... ......... ......... ......... .........
         .........  4.34E+03  2.40E+04
 
 TH16
+       ......... ......... ......... ......... ......... ......... ......... ......... ......... ......... ......... .........
         ......... -3.82E+02 -1.30E+03  9.96E+01
 
 TH17
+       ......... ......... ......... ......... ......... ......... ......... ......... ......... ......... ......... .........
         ......... ......... ......... ......... .........
 
 TH18
+       ......... ......... ......... ......... ......... ......... ......... ......... ......... ......... ......... .........
         .........  5.62E+01 -1.02E+01 -8.46E+00 .........  3.56E+01
 
 OM11
+       ......... ......... ......... ......... ......... ......... ......... ......... ......... ......... ......... .........
         ......... ......... ......... ......... ......... ......... .........
 
1

            TH 1      TH 2      TH 3      TH 4      TH 5      TH 6      TH 7      TH 8      TH 9      TH10      TH11      TH12  
             TH13      TH14      TH15      TH16      TH17      TH18      OM11      OM12      OM22      SG11  
 
 OM12
+       ......... ......... ......... ......... ......... ......... ......... ......... ......... ......... ......... .........
         ......... ......... ......... ......... ......... ......... ......... .........
 
 OM22
+       ......... ......... ......... ......... ......... ......... ......... ......... ......... ......... ......... .........
         ......... ......... ......... ......... ......... ......... ......... ......... .........
 
 SG11
+       ......... ......... ......... ......... ......... ......... ......... ......... ......... ......... ......... .........
         ......... ......... ......... ......... ......... ......... ......... ......... ......... .........
 
 Elapsed finaloutput time in seconds:     0.05
 #CPUT: Total CPU Time in Seconds,     1194.766
Stop Time:
Tue May  7 15:34:53 PDT 2024
