Tue May  7 15:15:40 PDT 2024
;; 1. Based on: run59.mod (2023_04_19)
;; x1. Author: aebustion
$PROBLEM    rabbit lesion spatiotemporal modeling
$INPUT      ID OLDID=DROP WT DAT2=DROP TIME TAD EVID AMT DVN BLQ DIST
            CMPD DOSE_FACTOR iCL iCLm DV NDOSES HW
$DATA      TBAJ876_restructured_ids_distance.csv IGNORE=@
            IGNORE(CMPD.EQ.2) IGNORE(BLQ.EQ.1)
$SUBROUTINE ADVAN13 TOL=6
$MODEL      NCOMP=8 COMP=(ABS,DEFDOSE) COMP=(CENTRAL,DEFOBS)
            COMP=(PERIPH) COMP(CMPD) COMP(TRANSIT1) COMP(TRANSIT2)
            COMP=(PLESION) COMP=(MLESION)
$PK  
IF(CMPD.EQ.1) L2 = 1
IF(CMPD.EQ.2) L2 = 2

TVCL = 37.26
CL=TVCL*EXP(ETA(1))
V  = THETA(3)
KE = CL/V
KA = THETA(4)
S2 = V
V2 = THETA(5)
Q = THETA(6)
K12 = Q/V
K21 = Q/V2
Fm = THETA(7)
KM   = THETA(8)
VMAX = KM*CL

TVCLm=60.29
CLm=TVCLm*EXP(ETA(2))
Vm=THETA(9)

MTT =THETA(10)
N=2
KTR=N/MTT; transit rate constant

; not sure if I need this following block yet... 
; update: trouble with integration without it but how is 10 decided, and does NM consider '.' less than 10?
IF(DIST.LE.10) THEN 
DISTN = 10
ELSE
DISTN = DIST
ENDIF

;DISTCOV = THETA(14)
DISTCOVGAMMA = THETA(11)
TVKPL6 = THETA(12) 
KPL6 = TVKPL6
;IF(DISTN.LE.150) TVPC6 = DISTCOV
TVPC6 = EXP(THETA(13))/DISTN**DISTCOVGAMMA
PC6 = TVPC6

;DISTCOVM = THETA(18)
DISTCOVGAMMAM = THETA(14)
TVKPL7 = THETA(15) 
KPL7 = TVKPL7
;IF(DISTN.LE.150) TVPC7 = DISTCOV
TVPC7 = EXP(THETA(16))/DISTN**DISTCOVGAMMAM
PC7 = TVPC7

$DES  
DADT(1)= -KTR*A(1)
;DADT(1)=-KA*A(1)    
DADT(2)=A(6)*KA-(VMAX*A(2)/V)/(KM+A(2)/V)-A(2)*K12+A(3)*K21
DADT(3)=A(2)*K12-A(3)*K21
DADT(4) = Fm*(CL/V)*A(2) - (CLm/Vm)*A(4) 
DADT(5)=KTR*A(1)-KTR*A(5)
DADT(6)=KTR*A(5)-KA*A(6) 
DADT(7)=KPL6 * (PC6*A(2)/V - A(7))  ; dCp,site/dt = KPL(PC * Cp,plasma - Csite)
DADT(8)=KPL7 * (PC7*A(4)/Vm - A(8))

$ERROR         
CP=A(2)/V
CM=A(4)/Vm ; metabolite prediction

DEL = 1E-12
IPRED=LOG(A(7)+DEL) ; parent lesion
IF(L2.EQ.2) IPRED=LOG(A(8)+DEL) ; metabolite lesion

A6 = A(7)
A7 = A(8)

W = SQRT((THETA(1)/EXP(IPRED))**2 + THETA(2))
IF(L2.EQ.2) W = SQRT((THETA(17)/EXP(IPRED))**2 + THETA(18))
IF(W.EQ.0) W = 1

IRES=DV-IPRED 
IWRES=IRES/W 

;Y = IPRED + W*EPS(1) + EPS(2)
;IF(L2.EQ.2) Y = IPRED+W*EPS(3) + EPS(4)

;M3 method
LLOQ=LOG(1/1000)
IF(CMPD.EQ.2) LLOQ=LOG(10/1000)
DUM  = (LLOQ-IPRED)/W
CUMD = PHI(DUM)
IF (BLQ.EQ.0) THEN
  F_FLAG = 0
  Y = IPRED + W*ERR(1)
ENDIF

IF(BLQ.EQ.1) THEN
  F_FLAG = 1
  Y = CUMD
ENDIF

$THETA  0 FIX ; 1 Prop error --- went to zero
 (0,2.25373) ; 2 Add error Error.
 (0,207.2) FIX ; 3 V L
 (0,1.394) FIX ; 4 KA 1/h
 (0,1324) FIX ; 5 V2
 (0,40.43) FIX ; 6 Q
 (0,1) FIX ; 7 Fm
 (0,0.1949) FIX ; 8 KM
 (0,607.9) FIX ; 9 Vm
 (0,1.434) FIX ; 10 MTT
 (0,2.56575) ; 11 DISTCOVGAMMA
 (0,0.468236,10) ; 12 KPL6
 (0,15.7545) ; 13 MAXPC
 (0,2.81318) FIX ; 14 DISTCOVGAMMAM
 (0,0.5,10) FIX ; 15 KPL7
 (0,19.5109) FIX ; 16 MAXPC7
 0 FIX ; 17 prop error metabolite
 (0,3.965) FIX ; 17 additive error metabolite
$OMEGA  0.089401  FIX
 0.123201  FIX
$SIGMA  1  FIX
;$SIM (12345) (54321) ONLYSIM NSUB=500
$ESTIMATION METHOD=1 INTERACTION LAPLACIAN PRINT=1 NSIG=2 SIGL=6
            MAXEVAL=9999 NOABORT
$COVARIANCE UNCONDITIONAL
$TABLE      ID TIME TAD DIST CMPD DOSE_FACTOR IPRED PRED DV CP CM A6
            A7 iCL WT AMT WRES IWRES CWRES EVID PC6 PC7 NOPRINT
            ONEHEADER FILE=sdtabD86
;$TABLE      ID CL V KA V2 Q K12 K21 KPL6 PC6 KPL7 PC7 NOPRINT ONEHEADER

;            FILE=patabD37


NM-TRAN MESSAGES
  
 WARNINGS AND ERRORS (IF ANY) FOR PROBLEM    1
             
 (WARNING  2) NM-TRAN INFERS THAT THE DATA ARE POPULATION.
             
 (WARNING  3) THERE MAY BE AN ERROR IN THE ABBREVIATED CODE. THE FOLLOWING
 ONE OR MORE RANDOM VARIABLES ARE DEFINED WITH "IF" STATEMENTS THAT DO NOT
 PROVIDE DEFINITIONS FOR BOTH THE "THEN" AND "ELSE" CASES. IF ALL
 CONDITIONS FAIL, THE VALUES OF THESE VARIABLES WILL BE ZERO.
  
   Y

             
 (WARNING  87) WITH "LAPLACIAN" AND "INTERACTION", "NUMERICAL" AND "SLOW"
 ARE ALSO REQUIRED ON $ESTIM RECORD, AND "SLOW" IS REQUIRED ON $COV
 RECORD. NM-TRAN HAS SUPPLIED THESE OPTIONS.

License Registered to: UCSF Dept of Bioengineering Therapeutic Sciences
Expiration Date:    14 APR 2025
Current Date:        7 MAY 2024
Days until program expires : 342
1NONLINEAR MIXED EFFECTS MODEL PROGRAM (NONMEM) VERSION 7.5.0
 ORIGINALLY DEVELOPED BY STUART BEAL, LEWIS SHEINER, AND ALISON BOECKMANN
 CURRENT DEVELOPERS ARE ROBERT BAUER, ICON DEVELOPMENT SOLUTIONS,
 AND ALISON BOECKMANN. IMPLEMENTATION, EFFICIENCY, AND STANDARDIZATION
 PERFORMED BY NOUS INFOSYSTEMS.

 PROBLEM NO.:         1
 rabbit lesion spatiotemporal modeling
0DATA CHECKOUT RUN:              NO
 DATA SET LOCATED ON UNIT NO.:    2
 THIS UNIT TO BE REWOUND:        NO
 NO. OF DATA RECS IN DATA SET:     1683
 NO. OF DATA ITEMS IN DATA SET:  17
 ID DATA ITEM IS DATA ITEM NO.:   1
 DEP VARIABLE IS DATA ITEM NO.:  14
 MDV DATA ITEM IS DATA ITEM NO.: 17
0INDICES PASSED TO SUBROUTINE PRED:
   5   3   6   0   0   0   0   0   0   0   0
0LABELS FOR DATA ITEMS:
 ID WT TIME TAD EVID AMT DVN BLQ DIST CMPD DOSE_FACTOR iCL iCLm DV NDOSES HW MDV
0(NONBLANK) LABELS FOR PRED-DEFINED ITEMS:
 PC6 PC7 CP CM IPRED A6 A7 IWRES
0FORMAT FOR DATA:
 (5(3E21.0/),1E21.0,1F2.0)

 TOT. NO. OF OBS RECS:       83
 TOT. NO. OF INDIVIDUALS:       96
0LENGTH OF THETA:  18
0DEFAULT THETA BOUNDARY TEST OMITTED:    NO
0OMEGA HAS SIMPLE DIAGONAL FORM WITH DIMENSION:   2
0DEFAULT OMEGA BOUNDARY TEST OMITTED:    NO
0SIGMA HAS SIMPLE DIAGONAL FORM WITH DIMENSION:   1
0DEFAULT SIGMA BOUNDARY TEST OMITTED:    NO
0INITIAL ESTIMATE OF THETA:
 LOWER BOUND    INITIAL EST    UPPER BOUND
  0.0000E+00     0.0000E+00     0.0000E+00
  0.0000E+00     0.2254E+01     0.1000E+07
  0.2072E+03     0.2072E+03     0.2072E+03
  0.1394E+01     0.1394E+01     0.1394E+01
  0.1324E+04     0.1324E+04     0.1324E+04
  0.4043E+02     0.4043E+02     0.4043E+02
  0.1000E+01     0.1000E+01     0.1000E+01
  0.1949E+00     0.1949E+00     0.1949E+00
  0.6079E+03     0.6079E+03     0.6079E+03
  0.1434E+01     0.1434E+01     0.1434E+01
  0.0000E+00     0.2566E+01     0.1000E+07
  0.0000E+00     0.4682E+00     0.1000E+02
  0.0000E+00     0.1575E+02     0.1000E+07
  0.2813E+01     0.2813E+01     0.2813E+01
  0.5000E+00     0.5000E+00     0.5000E+00
  0.1951E+02     0.1951E+02     0.1951E+02
  0.0000E+00     0.0000E+00     0.0000E+00
  0.3965E+01     0.3965E+01     0.3965E+01
0INITIAL ESTIMATE OF OMEGA:
 0.8940E-01
 0.0000E+00   0.1232E+00
0OMEGA CONSTRAINED TO BE THIS INITIAL ESTIMATE
0INITIAL ESTIMATE OF SIGMA:
 0.1000E+01
0SIGMA CONSTRAINED TO BE THIS INITIAL ESTIMATE
0COVARIANCE STEP OMITTED:        NO
 EIGENVLS. PRINTED:              NO
 SPECIAL COMPUTATION:            NO
 COMPRESSED FORMAT:              NO
 GRADIENT METHOD USED:       SLOW
 SIGDIGITS ETAHAT (SIGLO):                  -1
 SIGDIGITS GRADIENTS (SIGL):                -1
 EXCLUDE COV FOR FOCE (NOFCOV):              NO
 Cholesky Transposition of R Matrix (CHOLROFF):0
 KNUTHSUMOFF:                                -1
 RESUME COV ANALYSIS (RESUME):               NO
 SIR SAMPLE SIZE (SIRSAMPLE):
 NON-LINEARLY TRANSFORM THETAS DURING COV (THBND): 1
 PRECONDTIONING CYCLES (PRECOND):        0
 PRECONDTIONING TYPES (PRECONDS):        TOS
 FORCED PRECONDTIONING CYCLES (PFCOND):0
 PRECONDTIONING TYPE (PRETYPE):        0
 FORCED POS. DEFINITE SETTING DURING PRECONDITIONING: (FPOSDEF):0
 SIMPLE POS. DEFINITE SETTING: (POSDEF):-1
0TABLES STEP OMITTED:    NO
 NO. OF TABLES:           1
 SEED NUMBER (SEED):    11456
 RANMETHOD:             3U
 MC SAMPLES (ESAMPLE):    300
 WRES SQUARE ROOT TYPE (WRESCHOL): EIGENVALUE
0-- TABLE   1 --
0RECORDS ONLY:    ALL
04 COLUMNS APPENDED:    YES
 PRINTED:                NO
 HEADERS:               ONE
 FILE TO BE FORWARDED:   NO
 FORMAT:                S1PE11.4
 IDFORMAT:
 LFORMAT:
 RFORMAT:
 FIXED_EFFECT_ETAS:
0USER-CHOSEN ITEMS:
 ID TIME TAD DIST CMPD DOSE_FACTOR IPRED DV CP CM A6 A7 iCL WT AMT IWRES CWRES EVID PC6 PC7
1DOUBLE PRECISION PREDPP VERSION 7.5.0

 GENERAL NONLINEAR KINETICS MODEL WITH STIFF/NONSTIFF EQUATIONS (LSODA, ADVAN13)
0MODEL SUBROUTINE USER-SUPPLIED - ID NO. 9999
0MAXIMUM NO. OF BASIC PK PARAMETERS:  15
0COMPARTMENT ATTRIBUTES
 COMPT. NO.   FUNCTION   INITIAL    ON/OFF      DOSE      DEFAULT    DEFAULT
                         STATUS     ALLOWED    ALLOWED    FOR DOSE   FOR OBS.
    1         ABS          ON         YES        YES        YES        NO
    2         CENTRAL      ON         YES        YES        NO         YES
    3         PERIPH       ON         YES        YES        NO         NO
    4         CMPD         ON         YES        YES        NO         NO
    5         TRANSIT1     ON         YES        YES        NO         NO
    6         TRANSIT2     ON         YES        YES        NO         NO
    7         PLESION      ON         YES        YES        NO         NO
    8         MLESION      ON         YES        YES        NO         NO
    9         OUTPUT       OFF        YES        NO         NO         NO
 INITIAL (BASE) TOLERANCE SETTINGS:
 NRD (RELATIVE) VALUE(S) OF TOLERANCE:   6
 ANRD (ABSOLUTE) VALUE(S) OF TOLERANCE:  12
1
 ADDITIONAL PK PARAMETERS - ASSIGNMENT OF ROWS IN GG
 COMPT. NO.                             INDICES
              SCALE      BIOAVAIL.   ZERO-ORDER  ZERO-ORDER  ABSORB
                         FRACTION    RATE        DURATION    LAG
    1            *           *           *           *           *
    2           16           *           *           *           *
    3            *           *           *           *           *
    4            *           *           *           *           *
    5            *           *           *           *           *
    6            *           *           *           *           *
    7            *           *           *           *           *
    8            *           *           *           *           *
    9            *           -           -           -           -
             - PARAMETER IS NOT ALLOWED FOR THIS MODEL
             * PARAMETER IS NOT SUPPLIED BY PK SUBROUTINE;
               WILL DEFAULT TO ONE IF APPLICABLE
0DATA ITEM INDICES USED BY PRED ARE:
   EVENT ID DATA ITEM IS DATA ITEM NO.:      5
   TIME DATA ITEM IS DATA ITEM NO.:          3
   DOSE AMOUNT DATA ITEM IS DATA ITEM NO.:   6

0PK SUBROUTINE CALLED WITH EVERY EVENT RECORD.
 PK SUBROUTINE NOT CALLED AT NONEVENT (ADDITIONAL OR LAGGED) DOSE TIMES.
0ERROR SUBROUTINE CALLED WITH EVERY EVENT RECORD.
0ERROR SUBROUTINE INDICATES THAT DERIVATIVES OF COMPARTMENT AMOUNTS ARE USED.
0DES SUBROUTINE USES COMPACT STORAGE MODE.
1


 #TBLN:      1
 #METH: Laplacian Conditional Estimation with Interaction

 ESTIMATION STEP OMITTED:                 NO
 ANALYSIS TYPE:                           POPULATION
 NUMBER OF SADDLE POINT RESET ITERATIONS:      0
 GRADIENT METHOD USED:               SLOW
 CONDITIONAL ESTIMATES USED:              YES
 CENTERED ETA:                            NO
 EPS-ETA INTERACTION:                     YES
 LAPLACIAN OBJ. FUNC.:                    YES
 NUMERICAL 2ND DERIVATIVES:               YES
 NO. OF FUNCT. EVALS. ALLOWED:            9999
 NO. OF SIG. FIGURES REQUIRED:            2
 INTERMEDIATE PRINTOUT:                   YES
 ESTIMATE OUTPUT TO MSF:                  NO
 ABORT WITH PRED EXIT CODE 1:             NO
 IND. OBJ. FUNC. VALUES SORTED:           NO
 NUMERICAL DERIVATIVE
       FILE REQUEST (NUMDER):               NONE
 MAP (ETAHAT) ESTIMATION METHOD (OPTMAP):   0
 ETA HESSIAN EVALUATION METHOD (ETADER):    0
 INITIAL ETA FOR MAP ESTIMATION (MCETA):    0
 SIGDIGITS FOR MAP ESTIMATION (SIGLO):      6
 GRADIENT SIGDIGITS OF
       FIXED EFFECTS PARAMETERS (SIGL):     6
 NOPRIOR SETTING (NOPRIOR):                 0
 NOCOV SETTING (NOCOV):                     OFF
 DERCONT SETTING (DERCONT):                 OFF
 FINAL ETA RE-EVALUATION (FNLETA):          1
 EXCLUDE NON-INFLUENTIAL (NON-INFL.) ETAS
       IN SHRINKAGE (ETASTYPE):             NO
 NON-INFL. ETA CORRECTION (NONINFETA):      0
 RAW OUTPUT FILE (FILE): psn.ext
 EXCLUDE TITLE (NOTITLE):                   NO
 EXCLUDE COLUMN LABELS (NOLABEL):           NO
 FORMAT FOR ADDITIONAL FILES (FORMAT):      S1PE12.5
 PARAMETER ORDER FOR OUTPUTS (ORDER):       TSOL
 KNUTHSUMOFF:                               0
 INCLUDE LNTWOPI:                           NO
 INCLUDE CONSTANT TERM TO PRIOR (PRIORC):   NO
 INCLUDE CONSTANT TERM TO OMEGA (ETA) (OLNTWOPI):NO
 ADDITIONAL CONVERGENCE TEST (CTYPE=4)?:    NO
 EM OR BAYESIAN METHOD USED:                 NONE

 TOLERANCES FOR ESTIMATION/EVALUATION STEP:
 NRD (RELATIVE) VALUE(S) OF TOLERANCE:   6
 ANRD (ABSOLUTE) VALUE(S) OF TOLERANCE:  12
 TOLERANCES FOR COVARIANCE STEP:
 NRD (RELATIVE) VALUE(S) OF TOLERANCE:   6
 ANRD (ABSOLUTE) VALUE(S) OF TOLERANCE:  12
 TOLERANCES FOR TABLE/SCATTER STEP:
 NRD (RELATIVE) VALUE(S) OF TOLERANCE:   6
 ANRD (ABSOLUTE) VALUE(S) OF TOLERANCE:  12

 THE FOLLOWING LABELS ARE EQUIVALENT
 PRED=PREDI
 RES=RESI
 WRES=WRESI
 IWRS=IWRESI
 IPRD=IPREDI
 IRS=IRESI

 MONITORING OF SEARCH:


0ITERATION NO.:    0    OBJECTIVE VALUE:   132.048303154126        NO. OF FUNC. EVALS.:   5
 CUMULATIVE NO. OF FUNC. EVALS.:        5
 NPARAMETR:  2.2537E+00  2.5657E+00  4.6824E-01  1.5754E+01
 PARAMETER:  1.0000E-01  1.0000E-01  1.0000E-01  1.0000E-01
 GRADIENT:   2.5649E+01  4.0642E+02  1.9470E+02 -5.5783E+02

0ITERATION NO.:    1    OBJECTIVE VALUE:   123.214994632265        NO. OF FUNC. EVALS.:   7
 CUMULATIVE NO. OF FUNC. EVALS.:       12
 NPARAMETR:  2.2508E+00  2.5142E+00  4.6392E-01  1.6199E+01
 PARAMETER:  9.8720E-02  7.9721E-02  9.0285E-02  1.2783E-01
 GRADIENT:   3.1271E+01 -1.6168E+02  3.6882E+01  2.0874E+02

0ITERATION NO.:    2    OBJECTIVE VALUE:   117.889988463980        NO. OF FUNC. EVALS.:   6
 CUMULATIVE NO. OF FUNC. EVALS.:       18
 NPARAMETR:  2.1380E+00  2.5675E+00  4.0756E-01  1.6006E+01
 PARAMETER:  4.7276E-02  1.0068E-01 -4.5143E-02  1.1584E-01
 GRADIENT:   3.6376E+01 -1.9450E+02 -1.0285E+02  3.3233E+02

0ITERATION NO.:    3    OBJECTIVE VALUE:   99.9977970540518        NO. OF FUNC. EVALS.:   7
 CUMULATIVE NO. OF FUNC. EVALS.:       25
 NPARAMETR:  1.2123E+00  1.9087E+00  3.4504E-01  1.2447E+01
 PARAMETER: -5.2004E-01 -1.9583E-01 -2.1817E-01 -1.3563E-01
 GRADIENT:   2.6366E+01 -1.2585E+02 -1.6277E+01  3.1116E+02

0ITERATION NO.:    4    OBJECTIVE VALUE:   99.7219241727318        NO. OF FUNC. EVALS.:   7
 CUMULATIVE NO. OF FUNC. EVALS.:       32
 NPARAMETR:  1.1806E+00  1.7796E+00  3.3290E-01  1.1730E+01
 PARAMETER: -5.4653E-01 -2.6588E-01 -2.5524E-01 -1.9500E-01
 GRADIENT:   1.0835E+01 -1.5441E+02 -5.2576E+01  2.1366E+02

0ITERATION NO.:    5    OBJECTIVE VALUE:   98.8901596705805        NO. OF FUNC. EVALS.:   7
 CUMULATIVE NO. OF FUNC. EVALS.:       39
 NPARAMETR:  9.9517E-01  1.8199E+00  3.3456E-01  1.1951E+01
 PARAMETER: -7.1743E-01 -2.4346E-01 -2.5009E-01 -1.7630E-01
 GRADIENT:   2.2619E+00 -1.9490E+02 -7.2508E+01  2.7842E+02

0ITERATION NO.:    6    OBJECTIVE VALUE:   96.7357376842805        NO. OF FUNC. EVALS.:   7
 CUMULATIVE NO. OF FUNC. EVALS.:       46
 NPARAMETR:  9.2522E-01  1.8484E+00  3.3737E-01  1.1972E+01
 PARAMETER: -7.9031E-01 -2.2792E-01 -2.4142E-01 -1.7452E-01
 GRADIENT:   3.6259E-03 -4.6521E+01 -2.9030E+01  7.0362E+01

0ITERATION NO.:    7    OBJECTIVE VALUE:   96.4707465856330        NO. OF FUNC. EVALS.:   6
 CUMULATIVE NO. OF FUNC. EVALS.:       52
 NPARAMETR:  9.0470E-01  1.8483E+00  3.4286E-01  1.1968E+01
 PARAMETER: -8.1273E-01 -2.2797E-01 -2.2470E-01 -1.7491E-01
 GRADIENT:  -9.4322E-01  4.9941E+00 -2.5723E+00 -9.2115E+00

0ITERATION NO.:    8    OBJECTIVE VALUE:   96.4484556978963        NO. OF FUNC. EVALS.:   6
 CUMULATIVE NO. OF FUNC. EVALS.:       58
 NPARAMETR:  9.2163E-01  1.8457E+00  3.4562E-01  1.1982E+01
 PARAMETER: -7.9420E-01 -2.2938E-01 -2.1641E-01 -1.7375E-01
 GRADIENT:   1.6315E-01 -4.0647E+00  5.8747E-01  1.2587E+00

0ITERATION NO.:    9    OBJECTIVE VALUE:   96.4225078623672        NO. OF FUNC. EVALS.:   6
 CUMULATIVE NO. OF FUNC. EVALS.:       64
 NPARAMETR:  9.0979E-01  1.8570E+00  3.4540E-01  1.2029E+01
 PARAMETER: -8.0713E-01 -2.2329E-01 -2.1708E-01 -1.6980E-01
 GRADIENT:  -6.1563E-01  2.3005E+00  1.0257E-02 -6.9220E+00

0ITERATION NO.:   10    OBJECTIVE VALUE:   96.3583009229944        NO. OF FUNC. EVALS.:   6
 CUMULATIVE NO. OF FUNC. EVALS.:       70
 NPARAMETR:  8.9635E-01  1.8950E+00  3.4724E-01  1.2218E+01
 PARAMETER: -8.2201E-01 -2.0304E-01 -2.1158E-01 -1.5424E-01
 GRADIENT:  -1.2854E+00  1.0659E+01 -5.5306E-01 -1.5844E+01

0ITERATION NO.:   11    OBJECTIVE VALUE:   96.2687606496564        NO. OF FUNC. EVALS.:   6
 CUMULATIVE NO. OF FUNC. EVALS.:       76
 NPARAMETR:  8.9298E-01  1.9777E+00  3.5420E-01  1.2662E+01
 PARAMETER: -8.2578E-01 -1.6031E-01 -1.9100E-01 -1.1849E-01
 GRADIENT:  -1.3254E+00  7.3774E+00 -3.0448E+00 -6.3908E+00

0ITERATION NO.:   12    OBJECTIVE VALUE:   96.2474522735731        NO. OF FUNC. EVALS.:   6
 CUMULATIVE NO. OF FUNC. EVALS.:       82
 NPARAMETR:  9.0960E-01  1.9616E+00  3.5475E-01  1.2594E+01
 PARAMETER: -8.0733E-01 -1.6847E-01 -1.8940E-01 -1.2391E-01
 GRADIENT:  -3.4097E-01  3.9546E+00  6.4449E-01 -4.6309E+00

0ITERATION NO.:   13    OBJECTIVE VALUE:   96.2474522735731        NO. OF FUNC. EVALS.:  13
 CUMULATIVE NO. OF FUNC. EVALS.:       95
 NPARAMETR:  9.0960E-01  1.9616E+00  3.5475E-01  1.2594E+01
 PARAMETER: -8.0733E-01 -1.6847E-01 -1.8940E-01 -1.2391E-01
 GRADIENT:  -3.1814E-01  3.1285E+00  1.0851E+00 -5.5935E+00

0ITERATION NO.:   14    OBJECTIVE VALUE:   96.2409744076131        NO. OF FUNC. EVALS.:  10
 CUMULATIVE NO. OF FUNC. EVALS.:      105
 NPARAMETR:  9.1211E-01  1.9869E+00  3.5675E-01  1.2730E+01
 PARAMETER: -8.0458E-01 -1.5567E-01 -1.8356E-01 -1.1317E-01
 GRADIENT:  -1.5272E-01  1.3394E-01 -4.9351E-01  2.3910E-01

0ITERATION NO.:   15    OBJECTIVE VALUE:   96.2409744076131        NO. OF FUNC. EVALS.:   0
 CUMULATIVE NO. OF FUNC. EVALS.:      105
 NPARAMETR:  9.1211E-01  1.9869E+00  3.5675E-01  1.2730E+01
 PARAMETER: -8.0458E-01 -1.5567E-01 -1.8356E-01 -1.1317E-01
 GRADIENT:  -1.5272E-01  1.3394E-01 -4.9351E-01  2.3910E-01

 #TERM:
0MINIMIZATION SUCCESSFUL
 NO. OF FUNCTION EVALUATIONS USED:      105
 NO. OF SIG. DIGITS IN FINAL EST.:  2.1

 ETABAR IS THE ARITHMETIC MEAN OF THE ETA-ESTIMATES,
 AND THE P-VALUE IS GIVEN FOR THE NULL HYPOTHESIS THAT THE TRUE MEAN IS 0.

 ETABAR:         6.8325E-04  0.0000E+00
 SE:             1.5528E-02  0.0000E+00
 N:                      83          83

 P VAL.:         9.6490E-01  1.0000E+00

 ETASHRINKSD(%)  5.2400E+01  1.0000E+02
 ETASHRINKVR(%)  7.7342E+01  1.0000E+02
 EBVSHRINKSD(%)  5.2371E+01  1.0000E+02
 EBVSHRINKVR(%)  7.7315E+01  1.0000E+02
 RELATIVEINF(%)  2.2685E+01  0.0000E+00
 EPSSHRINKSD(%)  1.2382E+01
 EPSSHRINKVR(%)  2.3231E+01

  
 TOTAL DATA POINTS NORMALLY DISTRIBUTED (N):           83
 N*LOG(2PI) CONSTANT TO OBJECTIVE FUNCTION:    152.54379651197567     
 OBJECTIVE FUNCTION VALUE WITHOUT CONSTANT:    96.240974407613123     
 OBJECTIVE FUNCTION VALUE WITH CONSTANT:       248.78477091958879     
 REPORTED OBJECTIVE FUNCTION DOES NOT CONTAIN CONSTANT
  
 TOTAL EFFECTIVE ETAS (NIND*NETA):                            83
  
 #TERE:
 Elapsed estimation  time in seconds:   171.65
 Elapsed covariance  time in seconds:    65.99
 Elapsed postprocess time in seconds:     2.66
1
 
 
 
 
 
 
 
 
 
 
 
 
 
 
 
 
 
 
 
 
 ************************************************************************************************************************
 ********************                                                                                ********************
 ********************                LAPLACIAN CONDITIONAL ESTIMATION WITH INTERACTION               ********************
 #OBJT:**************                       MINIMUM VALUE OF OBJECTIVE FUNCTION                      ********************
 ********************                                                                                ********************
 ************************************************************************************************************************
 





 #OBJV:********************************************       96.241       **************************************************
1
 ************************************************************************************************************************
 ********************                                                                                ********************
 ********************                LAPLACIAN CONDITIONAL ESTIMATION WITH INTERACTION               ********************
 ********************                             FINAL PARAMETER ESTIMATE                           ********************
 ********************                                                                                ********************
 ************************************************************************************************************************
 


 THETA - VECTOR OF FIXED EFFECTS PARAMETERS   *********


         TH 1      TH 2      TH 3      TH 4      TH 5      TH 6      TH 7      TH 8      TH 9      TH10      TH11      TH12     
          TH13      TH14      TH15      TH16      TH17      TH18     
 
         0.00E+00  9.12E-01  2.07E+02  1.39E+00  1.32E+03  4.04E+01  1.00E+00  1.95E-01  6.08E+02  1.43E+00  1.99E+00  3.57E-01
          1.27E+01  2.81E+00  5.00E-01  1.95E+01  0.00E+00  3.96E+00
 


 OMEGA - COV MATRIX FOR RANDOM EFFECTS - ETAS  ********


         ETA1      ETA2     
 
 ETA1
+        8.94E-02
 
 ETA2
+        0.00E+00  1.23E-01
 


 SIGMA - COV MATRIX FOR RANDOM EFFECTS - EPSILONS  ****


         EPS1     
 
 EPS1
+        1.00E+00
 
1


 OMEGA - CORR MATRIX FOR RANDOM EFFECTS - ETAS  *******


         ETA1      ETA2     
 
 ETA1
+        2.99E-01
 
 ETA2
+        0.00E+00  3.51E-01
 


 SIGMA - CORR MATRIX FOR RANDOM EFFECTS - EPSILONS  ***


         EPS1     
 
 EPS1
+        1.00E+00
 
1
 ************************************************************************************************************************
 ********************                                                                                ********************
 ********************                LAPLACIAN CONDITIONAL ESTIMATION WITH INTERACTION               ********************
 ********************                            STANDARD ERROR OF ESTIMATE                          ********************
 ********************                                                                                ********************
 ************************************************************************************************************************
 


 THETA - VECTOR OF FIXED EFFECTS PARAMETERS   *********


         TH 1      TH 2      TH 3      TH 4      TH 5      TH 6      TH 7      TH 8      TH 9      TH10      TH11      TH12     
          TH13      TH14      TH15      TH16      TH17      TH18     
 
        .........  1.86E-01 ......... ......... ......... ......... ......... ......... ......... .........  3.67E-01  3.69E-02
          1.95E+00 ......... ......... ......... ......... .........
 


 OMEGA - COV MATRIX FOR RANDOM EFFECTS - ETAS  ********


         ETA1      ETA2     
 
 ETA1
+       .........
 
 ETA2
+       ......... .........
 


 SIGMA - COV MATRIX FOR RANDOM EFFECTS - EPSILONS  ****


         EPS1     
 
 EPS1
+       .........
 
1


 OMEGA - CORR MATRIX FOR RANDOM EFFECTS - ETAS  *******


         ETA1      ETA2     
 
 ETA1
+       .........
 
 ETA2
+       ......... .........
 


 SIGMA - CORR MATRIX FOR RANDOM EFFECTS - EPSILONS  ***


         EPS1     
 
 EPS1
+       .........
 
1
 ************************************************************************************************************************
 ********************                                                                                ********************
 ********************                LAPLACIAN CONDITIONAL ESTIMATION WITH INTERACTION               ********************
 ********************                          COVARIANCE MATRIX OF ESTIMATE                         ********************
 ********************                                                                                ********************
 ************************************************************************************************************************
 

            TH 1      TH 2      TH 3      TH 4      TH 5      TH 6      TH 7      TH 8      TH 9      TH10      TH11      TH12  
             TH13      TH14      TH15      TH16      TH17      TH18      OM11      OM12      OM22      SG11  
 
 TH 1
+       .........
 
 TH 2
+       .........  3.47E-02
 
 TH 3
+       ......... ......... .........
 
 TH 4
+       ......... ......... ......... .........
 
 TH 5
+       ......... ......... ......... ......... .........
 
 TH 6
+       ......... ......... ......... ......... ......... .........
 
 TH 7
+       ......... ......... ......... ......... ......... ......... .........
 
 TH 8
+       ......... ......... ......... ......... ......... ......... ......... .........
 
 TH 9
+       ......... ......... ......... ......... ......... ......... ......... ......... .........
 
 TH10
+       ......... ......... ......... ......... ......... ......... ......... ......... ......... .........
 
 TH11
+       ......... -3.33E-04 ......... ......... ......... ......... ......... ......... ......... .........  1.35E-01
 
 TH12
+       .........  4.67E-04 ......... ......... ......... ......... ......... ......... ......... .........  1.16E-02  1.36E-03
 
 TH13
+       ......... -1.04E-04 ......... ......... ......... ......... ......... ......... ......... .........  7.13E-01  6.40E-02
          3.81E+00
 
 TH14
+       ......... ......... ......... ......... ......... ......... ......... ......... ......... ......... ......... .........
         ......... .........
 
 TH15
+       ......... ......... ......... ......... ......... ......... ......... ......... ......... ......... ......... .........
         ......... ......... .........
 
 TH16
+       ......... ......... ......... ......... ......... ......... ......... ......... ......... ......... ......... .........
         ......... ......... ......... .........
 
 TH17
+       ......... ......... ......... ......... ......... ......... ......... ......... ......... ......... ......... .........
         ......... ......... ......... ......... .........
 
 TH18
+       ......... ......... ......... ......... ......... ......... ......... ......... ......... ......... ......... .........
         ......... ......... ......... ......... ......... .........
 
 OM11
+       ......... ......... ......... ......... ......... ......... ......... ......... ......... ......... ......... .........
         ......... ......... ......... ......... ......... ......... .........
 
1

            TH 1      TH 2      TH 3      TH 4      TH 5      TH 6      TH 7      TH 8      TH 9      TH10      TH11      TH12  
             TH13      TH14      TH15      TH16      TH17      TH18      OM11      OM12      OM22      SG11  
 
 OM12
+       ......... ......... ......... ......... ......... ......... ......... ......... ......... ......... ......... .........
         ......... ......... ......... ......... ......... ......... ......... .........
 
 OM22
+       ......... ......... ......... ......... ......... ......... ......... ......... ......... ......... ......... .........
         ......... ......... ......... ......... ......... ......... ......... ......... .........
 
 SG11
+       ......... ......... ......... ......... ......... ......... ......... ......... ......... ......... ......... .........
         ......... ......... ......... ......... ......... ......... ......... ......... ......... .........
 
1
 ************************************************************************************************************************
 ********************                                                                                ********************
 ********************                LAPLACIAN CONDITIONAL ESTIMATION WITH INTERACTION               ********************
 ********************                          CORRELATION MATRIX OF ESTIMATE                        ********************
 ********************                                                                                ********************
 ************************************************************************************************************************
 

            TH 1      TH 2      TH 3      TH 4      TH 5      TH 6      TH 7      TH 8      TH 9      TH10      TH11      TH12  
             TH13      TH14      TH15      TH16      TH17      TH18      OM11      OM12      OM22      SG11  
 
 TH 1
+       .........
 
 TH 2
+       .........  1.86E-01
 
 TH 3
+       ......... ......... .........
 
 TH 4
+       ......... ......... ......... .........
 
 TH 5
+       ......... ......... ......... ......... .........
 
 TH 6
+       ......... ......... ......... ......... ......... .........
 
 TH 7
+       ......... ......... ......... ......... ......... ......... .........
 
 TH 8
+       ......... ......... ......... ......... ......... ......... ......... .........
 
 TH 9
+       ......... ......... ......... ......... ......... ......... ......... ......... .........
 
 TH10
+       ......... ......... ......... ......... ......... ......... ......... ......... ......... .........
 
 TH11
+       ......... -4.86E-03 ......... ......... ......... ......... ......... ......... ......... .........  3.67E-01
 
 TH12
+       .........  6.79E-02 ......... ......... ......... ......... ......... ......... ......... .........  8.56E-01  3.69E-02
 
 TH13
+       ......... -2.85E-04 ......... ......... ......... ......... ......... ......... ......... .........  9.96E-01  8.89E-01
          1.95E+00
 
 TH14
+       ......... ......... ......... ......... ......... ......... ......... ......... ......... ......... ......... .........
         ......... .........
 
 TH15
+       ......... ......... ......... ......... ......... ......... ......... ......... ......... ......... ......... .........
         ......... ......... .........
 
 TH16
+       ......... ......... ......... ......... ......... ......... ......... ......... ......... ......... ......... .........
         ......... ......... ......... .........
 
 TH17
+       ......... ......... ......... ......... ......... ......... ......... ......... ......... ......... ......... .........
         ......... ......... ......... ......... .........
 
 TH18
+       ......... ......... ......... ......... ......... ......... ......... ......... ......... ......... ......... .........
         ......... ......... ......... ......... ......... .........
 
 OM11
+       ......... ......... ......... ......... ......... ......... ......... ......... ......... ......... ......... .........
         ......... ......... ......... ......... ......... ......... .........
 
1

            TH 1      TH 2      TH 3      TH 4      TH 5      TH 6      TH 7      TH 8      TH 9      TH10      TH11      TH12  
             TH13      TH14      TH15      TH16      TH17      TH18      OM11      OM12      OM22      SG11  
 
 OM12
+       ......... ......... ......... ......... ......... ......... ......... ......... ......... ......... ......... .........
         ......... ......... ......... ......... ......... ......... ......... .........
 
 OM22
+       ......... ......... ......... ......... ......... ......... ......... ......... ......... ......... ......... .........
         ......... ......... ......... ......... ......... ......... ......... ......... .........
 
 SG11
+       ......... ......... ......... ......... ......... ......... ......... ......... ......... ......... ......... .........
         ......... ......... ......... ......... ......... ......... ......... ......... ......... .........
 
1
 ************************************************************************************************************************
 ********************                                                                                ********************
 ********************                LAPLACIAN CONDITIONAL ESTIMATION WITH INTERACTION               ********************
 ********************                      INVERSE COVARIANCE MATRIX OF ESTIMATE                     ********************
 ********************                                                                                ********************
 ************************************************************************************************************************
 

            TH 1      TH 2      TH 3      TH 4      TH 5      TH 6      TH 7      TH 8      TH 9      TH10      TH11      TH12  
             TH13      TH14      TH15      TH16      TH17      TH18      OM11      OM12      OM22      SG11  
 
 TH 1
+       .........
 
 TH 2
+       .........  2.96E+01
 
 TH 3
+       ......... ......... .........
 
 TH 4
+       ......... ......... ......... .........
 
 TH 5
+       ......... ......... ......... ......... .........
 
 TH 6
+       ......... ......... ......... ......... ......... .........
 
 TH 7
+       ......... ......... ......... ......... ......... ......... .........
 
 TH 8
+       ......... ......... ......... ......... ......... ......... ......... .........
 
 TH 9
+       ......... ......... ......... ......... ......... ......... ......... ......... .........
 
 TH10
+       ......... ......... ......... ......... ......... ......... ......... ......... ......... .........
 
 TH11
+       ......... -1.57E+01 ......... ......... ......... ......... ......... ......... ......... .........  1.64E+03
 
 TH12
+       ......... -7.00E+01 ......... ......... ......... ......... ......... ......... ......... .........  2.26E+03  6.70E+03
 
 TH13
+       .........  4.11E+00 ......... ......... ......... ......... ......... ......... ......... ......... -3.46E+02 -5.36E+02
          7.39E+01
 
 TH14
+       ......... ......... ......... ......... ......... ......... ......... ......... ......... ......... ......... .........
         ......... .........
 
 TH15
+       ......... ......... ......... ......... ......... ......... ......... ......... ......... ......... ......... .........
         ......... ......... .........
 
 TH16
+       ......... ......... ......... ......... ......... ......... ......... ......... ......... ......... ......... .........
         ......... ......... ......... .........
 
 TH17
+       ......... ......... ......... ......... ......... ......... ......... ......... ......... ......... ......... .........
         ......... ......... ......... ......... .........
 
 TH18
+       ......... ......... ......... ......... ......... ......... ......... ......... ......... ......... ......... .........
         ......... ......... ......... ......... ......... .........
 
 OM11
+       ......... ......... ......... ......... ......... ......... ......... ......... ......... ......... ......... .........
         ......... ......... ......... ......... ......... ......... .........
 
1

            TH 1      TH 2      TH 3      TH 4      TH 5      TH 6      TH 7      TH 8      TH 9      TH10      TH11      TH12  
             TH13      TH14      TH15      TH16      TH17      TH18      OM11      OM12      OM22      SG11  
 
 OM12
+       ......... ......... ......... ......... ......... ......... ......... ......... ......... ......... ......... .........
         ......... ......... ......... ......... ......... ......... ......... .........
 
 OM22
+       ......... ......... ......... ......... ......... ......... ......... ......... ......... ......... ......... .........
         ......... ......... ......... ......... ......... ......... ......... ......... .........
 
 SG11
+       ......... ......... ......... ......... ......... ......... ......... ......... ......... ......... ......... .........
         ......... ......... ......... ......... ......... ......... ......... ......... ......... .........
 
 Elapsed finaloutput time in seconds:     0.05
 #CPUT: Total CPU Time in Seconds,      241.971
Stop Time:
Tue May  7 15:19:47 PDT 2024
