Wed Dec  1 18:06:50 CST 2021
;; 1. Based on: run58
;; 2. Description: 58 final
;; x1. Author: user
$PROBLEM    rabbit PK
$INPUT      ID OLDID=DROP TIME TAD TIMED=DROP NGML DV AMT DOSE DOSEVOL
            EVID MDV II ADDL STUDY INFECTION METAB WT BLQ CMTX REGION
            SAMPLEID TISSUEWT LOC CODOSE POOLED METHOD NDOSES
            SURFACEAREA BIOPSY L2 STUDYSITE CHECKED=DROP
$DATA      BDQ_all_data_nm_v2.csv IGNORE=C IGNORE(CMTX.EQ.4)

;IGNORE(METAB.EQ.1)

;IGNORE(INFECTION.EQ.0)
$SUBROUTINE ADVAN6 TOL=5
$MODEL      NCOMP=5 COMP=(ABS,DEFDOSE) COMP=(CENTRAL) COMP=(PERIPH)
            COMP=(METAB) COMP=(TRANSIT1)
$PK
       
IF(L2.EQ.1) CMT = 2
IF(L2.EQ.2) CMT = 4

INFECTCOVCL = THETA(9)

CL = THETA(3)     
V  = THETA(4) * EXP(ETA(2))
KE = CL/V
KA = THETA(5)
S2 = V

DOSECOVF1 = THETA(8)

F1 = 1 * EXP(ETA(1))

Q = THETA(6)
V2 = THETA(7)

CLM = THETA(11)

VM = V

KM = CLM/VM

$DES      
DADT(1)=-KA*A(1)
DADT(2)= KA*A(5)-KE*A(2)-Q/V*A(2)+Q/V2*A(3)
DADT(3)= Q/V*A(2)-Q/V2*A(3)
DADT(4)= KE*A(2)-CLM*A(4)/VM
DADT(5)= KA*A(1)-KA*A(5)


$ERROR         

; Uppsala parent-metabolite error model
IPRED = 0 
IF(A(2).GT.0.AND.CMT.EQ.2) IPRED=A(2)/V
IF(A(4).GT.0.AND.CMT.EQ.4) IPRED=A(4)/VM

W = 1
IF(IPRED.GT.0.AND.CMT.EQ.2) W = THETA(1) ; residual error for parent only
IF(IPRED.GT.0.AND.CMT.EQ.4) W = THETA(2) ; residual error for metabolite only
W2 = THETA(10) ; common residual error to account for correlation

IRES=DV-IPRED
IWRES=IRES/W

IF(CMT.EQ.2) Y = IPRED+W*EPS(1) + W2*EPS(3) ;parent
IF(CMT.EQ.4) Y = IPRED+W*EPS(2) + W2*EPS(3) ;metabolite

$THETA  (0,0.276) ; 1 Parent Error
 (0,0.0388) ; 2 Metabolite Error
 (0,11.2) ; 3 CL L/h
 (0,257) ; 4 V L
 (0,0.411) ; 5 KA 1/h
 (0,26) ; 6 Q
 (0,301) ; 7 V2
 0 FIX ; 8 DOSECOVF1
 1 FIX ; 9 INFECTCOVCL
 0 FIX ; 10 W2
 (0,27.2) ; 11 CLM
$OMEGA  0.101  ;     IIV F1
 0.327  ;     IIV V2
$SIGMA  1  FIX
 1  FIX
 1  FIX
$ESTIMATION METHOD=1 INTERACTION PRINT=5 SIG=3 MAXEVAL=9999 NOABORT
$COVARIANCE UNCONDITIONAL
$TABLE      ID TIME TAD IPRED PRED DV AMT DOSE WRES IWRES CWRES EVID
            NDOSES INFECTION WT METAB CL V KA KE F1 KM DOSECOVF1
            INFECTCOVCL CMT FILE=sdtab59 NOPRINT ONEHEADER
$TABLE      ID CL V KA KE FILE=patab59 NOPRINT ONEHEADER


NM-TRAN MESSAGES
  
 WARNINGS AND ERRORS (IF ANY) FOR PROBLEM    1
             
 (WARNING  2) NM-TRAN INFERS THAT THE DATA ARE POPULATION.
             
 (WARNING  3) THERE MAY BE AN ERROR IN THE ABBREVIATED CODE. THE FOLLOWING
 ONE OR MORE RANDOM VARIABLES ARE DEFINED WITH "IF" STATEMENTS THAT DO NOT
 PROVIDE DEFINITIONS FOR BOTH THE "THEN" AND "ELSE" CASES. IF ALL
 CONDITIONS FAIL, THE VALUES OF THESE VARIABLES WILL BE ZERO.
  
   Y


License Registered to: UCSF Rada Savic
Expiration Date:    14 APR 2022
Current Date:        1 DEC 2021
Days until program expires : 138
1NONLINEAR MIXED EFFECTS MODEL PROGRAM (NONMEM) VERSION 7.4.2
 ORIGINALLY DEVELOPED BY STUART BEAL, LEWIS SHEINER, AND ALISON BOECKMANN
 CURRENT DEVELOPERS ARE ROBERT BAUER, ICON DEVELOPMENT SOLUTIONS,
 AND ALISON BOECKMANN. IMPLEMENTATION, EFFICIENCY, AND STANDARDIZATION
 PERFORMED BY NOUS INFOSYSTEMS.

 PROBLEM NO.:         1
 rabbit PK
0DATA CHECKOUT RUN:              NO
 DATA SET LOCATED ON UNIT NO.:    2
 THIS UNIT TO BE REWOUND:        NO
 NO. OF DATA RECS IN DATA SET:      525
 NO. OF DATA ITEMS IN DATA SET:  30
 ID DATA ITEM IS DATA ITEM NO.:   1
 L2 DATA ITEM IS DATA ITEM NO.:  29
 DEP VARIABLE IS DATA ITEM NO.:   5
 MDV DATA ITEM IS DATA ITEM NO.: 10
0INDICES PASSED TO SUBROUTINE PRED:
   9   2   6   0   0  11   0   0   0   0  12
0LABELS FOR DATA ITEMS:
 ID TIME TAD NGML DV AMT DOSE DOSEVOL EVID MDV II ADDL STUDY INFECTION METAB WT BLQ CMTX REGION SAMPLEID TISSUEWT LOC
 CODOSE POOLED METHOD NDOSES SURFACEAREA BIOPSY L2 STUDYSITE
0(NONBLANK) LABELS FOR PRED-DEFINED ITEMS:
 CMT INFECTCOVCL CL V KE KA DOSECOVF1 F1 KM IPRED IWRES
0FORMAT FOR DATA:
 (3(8E9.0/),6E9.0)

 TOT. NO. OF OBS RECS:      464
 TOT. NO. OF INDIVIDUALS:       55
0LENGTH OF THETA:  11
0DEFAULT THETA BOUNDARY TEST OMITTED:    NO
0OMEGA HAS SIMPLE DIAGONAL FORM WITH DIMENSION:   2
0DEFAULT OMEGA BOUNDARY TEST OMITTED:    NO
0SIGMA HAS SIMPLE DIAGONAL FORM WITH DIMENSION:   3
0DEFAULT SIGMA BOUNDARY TEST OMITTED:    NO
0INITIAL ESTIMATE OF THETA:
 LOWER BOUND    INITIAL EST    UPPER BOUND
  0.0000E+00     0.2760E+00     0.1000E+07
  0.0000E+00     0.3880E-01     0.1000E+07
  0.0000E+00     0.1120E+02     0.1000E+07
  0.0000E+00     0.2570E+03     0.1000E+07
  0.0000E+00     0.4110E+00     0.1000E+07
  0.0000E+00     0.2600E+02     0.1000E+07
  0.0000E+00     0.3010E+03     0.1000E+07
  0.0000E+00     0.0000E+00     0.0000E+00
  0.1000E+01     0.1000E+01     0.1000E+01
  0.0000E+00     0.0000E+00     0.0000E+00
  0.0000E+00     0.2720E+02     0.1000E+07
0INITIAL ESTIMATE OF OMEGA:
 0.1010E+00
 0.0000E+00   0.3270E+00
0INITIAL ESTIMATE OF SIGMA:
 0.1000E+01
 0.0000E+00   0.1000E+01
 0.0000E+00   0.0000E+00   0.1000E+01
0SIGMA CONSTRAINED TO BE THIS INITIAL ESTIMATE
0COVARIANCE STEP OMITTED:        NO
 EIGENVLS. PRINTED:              NO
 SPECIAL COMPUTATION:            NO
 COMPRESSED FORMAT:              NO
 GRADIENT METHOD USED:     NOSLOW
 SIGDIGITS ETAHAT (SIGLO):                  -1
 SIGDIGITS GRADIENTS (SIGL):                -1
 EXCLUDE COV FOR FOCE (NOFCOV):              NO
 TURN OFF Cholesky Transposition of R Matrix (CHOLROFF): NO
 KNUTHSUMOFF:                                -1
 RESUME COV ANALYSIS (RESUME):               NO
 SIR SAMPLE SIZE (SIRSAMPLE):              -1
 NON-LINEARLY TRANSFORM THETAS DURING COV (THBND): 1
 PRECONDTIONING CYCLES (PRECOND):        0
 PRECONDTIONING TYPES (PRECONDS):        TOS
 FORCED PRECONDTIONING CYCLES (PFCOND):0
 PRECONDTIONING TYPE (PRETYPE):        0
 FORCED POS. DEFINITE SETTING: (FPOSDEF):0
0TABLES STEP OMITTED:    NO
 NO. OF TABLES:           2
 SEED NUMBER (SEED):    11456
 RANMETHOD:             3U
 MC SAMPLES (ESAMPLE):    300
 WRES SQUARE ROOT TYPE (WRESCHOL): EIGENVALUE
0-- TABLE   1 --
0RECORDS ONLY:    ALL
04 COLUMNS APPENDED:    YES
 PRINTED:                NO
 HEADER:                YES
 FILE TO BE FORWARDED:   NO
 FORMAT:                S1PE11.4
 LFORMAT:
 RFORMAT:
 FIXED_EFFECT_ETAS:
0USER-CHOSEN ITEMS:
 ID TIME TAD IPRED DV AMT DOSE IWRES CWRES EVID NDOSES INFECTION WT METAB CL V KA KE F1 KM DOSECOVF1 INFECTCOVCL CMT
0-- TABLE   2 --
0RECORDS ONLY:    ALL
04 COLUMNS APPENDED:    YES
 PRINTED:                NO
 HEADER:                YES
 FILE TO BE FORWARDED:   NO
 FORMAT:                S1PE11.4
 LFORMAT:
 RFORMAT:
 FIXED_EFFECT_ETAS:
0USER-CHOSEN ITEMS:
 ID CL V KA KE
1DOUBLE PRECISION PREDPP VERSION 7.4.2

 GENERAL NONLINEAR KINETICS MODEL (DVERK1, ADVAN6)
0MODEL SUBROUTINE USER-SUPPLIED - ID NO. 9999
0MAXIMUM NO. OF BASIC PK PARAMETERS:   7
0COMPARTMENT ATTRIBUTES
 COMPT. NO.   FUNCTION   INITIAL    ON/OFF      DOSE      DEFAULT    DEFAULT
                         STATUS     ALLOWED    ALLOWED    FOR DOSE   FOR OBS.
    1         ABS          ON         YES        YES        YES        NO
    2         CENTRAL      ON         YES        YES        NO         YES
    3         PERIPH       ON         YES        YES        NO         NO
    4         METAB        ON         YES        YES        NO         NO
    5         TRANSIT1     ON         YES        YES        NO         NO
    6         OUTPUT       OFF        YES        NO         NO         NO
 INITIAL (BASE) TOLERANCE SETTINGS:
 NRD (RELATIVE) VALUE OF TOLERANCE:   5
 ANRD (ABSOLUTE) VALUE OF TOLERANCE:  12
1
 ADDITIONAL PK PARAMETERS - ASSIGNMENT OF ROWS IN GG
 COMPT. NO.                             INDICES
              SCALE      BIOAVAIL.   ZERO-ORDER  ZERO-ORDER  ABSORB
                         FRACTION    RATE        DURATION    LAG
    1            *           9           *           *           *
    2            8           *           *           *           *
    3            *           *           *           *           *
    4            *           *           *           *           *
    5            *           *           *           *           *
    6            *           -           -           -           -
             - PARAMETER IS NOT ALLOWED FOR THIS MODEL
             * PARAMETER IS NOT SUPPLIED BY PK SUBROUTINE;
               WILL DEFAULT TO ONE IF APPLICABLE
0DATA ITEM INDICES USED BY PRED ARE:
   EVENT ID DATA ITEM IS DATA ITEM NO.:      9
   TIME DATA ITEM IS DATA ITEM NO.:          2
   DOSE AMOUNT DATA ITEM IS DATA ITEM NO.:   6
   INTERVAL DATA ITEM IS DATA ITEM NO.:     11
   ADDL. DOSES DATA ITEM IS DATA ITEM NO.:  12

0PK SUBROUTINE CALLED WITH EVERY EVENT RECORD.
 PK SUBROUTINE NOT CALLED AT NONEVENT (ADDITIONAL OR LAGGED) DOSE TIMES.
0ERROR SUBROUTINE CALLED WITH EVERY EVENT RECORD.
0ERROR SUBROUTINE INDICATES THAT DERIVATIVES OF COMPARTMENT AMOUNTS ARE USED.
0DES SUBROUTINE USES COMPACT STORAGE MODE.
1


 #TBLN:      1
 #METH: First Order Conditional Estimation with Interaction

 ESTIMATION STEP OMITTED:                 NO
 ANALYSIS TYPE:                           POPULATION
 NUMBER OF SADDLE POINT RESET ITERATIONS:      0
 GRADIENT METHOD USED:               NOSLOW
 CONDITIONAL ESTIMATES USED:              YES
 CENTERED ETA:                            NO
 EPS-ETA INTERACTION:                     YES
 LAPLACIAN OBJ. FUNC.:                    NO
 NO. OF FUNCT. EVALS. ALLOWED:            9999
 NO. OF SIG. FIGURES REQUIRED:            3
 INTERMEDIATE PRINTOUT:                   YES
 ESTIMATE OUTPUT TO MSF:                  NO
 ABORT WITH PRED EXIT CODE 1:             NO
 IND. OBJ. FUNC. VALUES SORTED:           NO
 NUMERICAL DERIVATIVE
       FILE REQUEST (NUMDER):               NONE
 MAP (ETAHAT) ESTIMATION METHOD (OPTMAP):   0
 ETA HESSIAN EVALUATION METHOD (ETADER):    0
 INITIAL ETA FOR MAP ESTIMATION (MCETA):    0
 SIGDIGITS FOR MAP ESTIMATION (SIGLO):      100
 GRADIENT SIGDIGITS OF
       FIXED EFFECTS PARAMETERS (SIGL):     100
 NOPRIOR SETTING (NOPRIOR):                 OFF
 NOCOV SETTING (NOCOV):                     OFF
 DERCONT SETTING (DERCONT):                 OFF
 FINAL ETA RE-EVALUATION (FNLETA):          ON
 EXCLUDE NON-INFLUENTIAL (NON-INFL.) ETAS
       IN SHRINKAGE (ETASTYPE):             NO
 NON-INFL. ETA CORRECTION (NONINFETA):      OFF
 RAW OUTPUT FILE (FILE): psn.ext
 EXCLUDE TITLE (NOTITLE):                   NO
 EXCLUDE COLUMN LABELS (NOLABEL):           NO
 FORMAT FOR ADDITIONAL FILES (FORMAT):      S1PE12.5
 PARAMETER ORDER FOR OUTPUTS (ORDER):       TSOL
 WISHART PRIOR DF INTERPRETATION (WISHTYPE):0
 KNUTHSUMOFF:                               0
 INCLUDE LNTWOPI:                           NO
 INCLUDE CONSTANT TERM TO PRIOR (PRIORC):   NO
 INCLUDE CONSTANT TERM TO OMEGA (ETA) (OLNTWOPI):NO
 ADDITIONAL CONVERGENCE TEST (CTYPE=4)?:    NO
 EM OR BAYESIAN METHOD USED:                 NONE

 TOLERANCES FOR ESTIMATION/EVALUATION STEP:
 NRD (RELATIVE) VALUE OF TOLERANCE:   5
 ANRD (ABSOLUTE) VALUE OF TOLERANCE:  12
 TOLERANCES FOR COVARIANCE STEP:
 NRD (RELATIVE) VALUE OF TOLERANCE:   5
 ANRD (ABSOLUTE) VALUE OF TOLERANCE:  12
 TOLERANCES FOR TABLE/SCATTER STEP:
 NRD (RELATIVE) VALUE OF TOLERANCE:   5
 ANRD (ABSOLUTE) VALUE OF TOLERANCE:  12

 THE FOLLOWING LABELS ARE EQUIVALENT
 PRED=PREDI
 RES=RESI
 WRES=WRESI
 IWRS=IWRESI
 IPRD=IPREDI
 IRS=IRESI

 MONITORING OF SEARCH:


0ITERATION NO.:    0    OBJECTIVE VALUE:  -1470.93292248198        NO. OF FUNC. EVALS.:  10
 CUMULATIVE NO. OF FUNC. EVALS.:       10
 NPARAMETR:  2.7600E-01  3.8800E-02  1.1200E+01  2.5700E+02  4.1100E-01  2.6000E+01  3.0100E+02  2.7200E+01  1.0100E-01  3.2700E-01

 PARAMETER:  1.0000E-01  1.0000E-01  1.0000E-01  1.0000E-01  1.0000E-01  1.0000E-01  1.0000E-01  1.0000E-01  1.0000E-01  1.0000E-01

 GRADIENT:   7.3693E-01 -3.6850E-01  5.3758E+00 -1.5214E-01 -6.1797E-01 -5.1768E-02 -6.1224E-01 -3.5352E+00 -1.1806E-01 -7.2115E-03


0ITERATION NO.:    5    OBJECTIVE VALUE:  -1470.93854171635        NO. OF FUNC. EVALS.: 111
 CUMULATIVE NO. OF FUNC. EVALS.:      121
 NPARAMETR:  2.7581E-01  3.8823E-02  1.1182E+01  2.5725E+02  4.1046E-01  2.6006E+01  3.0130E+02  2.7218E+01  1.0111E-01  3.2689E-01

 PARAMETER:  9.9317E-02  1.0059E-01  9.8371E-02  1.0096E-01  9.8684E-02  1.0022E-01  1.0101E-01  1.0066E-01  1.0052E-01  9.9827E-02

 GRADIENT:  -7.3312E-02  7.1409E-03 -3.4595E-01  6.9323E-03 -4.3536E-02 -1.1711E-02 -3.3993E-02  3.4691E-01 -2.5921E-02 -8.1715E-04


0ITERATION NO.:   10    OBJECTIVE VALUE:  -1470.93859864951        NO. OF FUNC. EVALS.: 133
 CUMULATIVE NO. OF FUNC. EVALS.:      254
 NPARAMETR:  2.7584E-01  3.8821E-02  1.1185E+01  2.5731E+02  4.1057E-01  2.6042E+01  3.0149E+02  2.7222E+01  1.0119E-01  3.2714E-01

 PARAMETER:  9.9422E-02  1.0053E-01  9.8669E-02  1.0119E-01  9.8942E-02  1.0161E-01  1.0163E-01  1.0082E-01  1.0095E-01  1.0021E-01

 GRADIENT:  -3.5949E-02  2.2081E-02 -2.5288E-01  2.7870E-02  1.7255E-02  4.8353E-03  2.7254E-02  2.5033E-01 -6.1241E-04  1.5274E-02


0ITERATION NO.:   14    OBJECTIVE VALUE:  -1470.93861949246        NO. OF FUNC. EVALS.:  95
 CUMULATIVE NO. OF FUNC. EVALS.:      349
 NPARAMETR:  2.7585E-01  3.8819E-02  1.1185E+01  2.5726E+02  4.1063E-01  2.6032E+01  3.0145E+02  2.7219E+01  1.0120E-01  3.2691E-01

 PARAMETER:  9.9462E-02  1.0050E-01  9.8666E-02  1.0102E-01  9.9097E-02  1.0122E-01  1.0150E-01  1.0068E-01  1.0098E-01  9.9869E-02

 GRADIENT:   4.6195E-03 -2.8774E-03  3.2708E-02 -4.1974E-03 -2.3857E-03 -9.5788E-04 -3.6656E-03 -3.2347E-02  1.2872E-03 -1.4983E-03


 #TERM:
0MINIMIZATION SUCCESSFUL
 NO. OF FUNCTION EVALUATIONS USED:      349
 NO. OF SIG. DIGITS IN FINAL EST.:  3.3

 ETABAR IS THE ARITHMETIC MEAN OF THE ETA-ESTIMATES,
 AND THE P-VALUE IS GIVEN FOR THE NULL HYPOTHESIS THAT THE TRUE MEAN IS 0.

 ETABAR:         1.7762E-02  1.2286E-02
 SE:             2.8432E-02  4.4125E-02
 N:                      55          55

 P VAL.:         5.3217E-01  7.8068E-01

 ETASHRINKSD(%)  3.3105E+01  4.2239E+01
 ETASHRINKVR(%)  5.5251E+01  6.6637E+01
 EBVSHRINKSD(%)  3.3554E+01  4.4867E+01
 EBVSHRINKVR(%)  5.5849E+01  6.9603E+01
 EPSSHRINKSD(%)  3.0653E+00  1.0070E+01  1.0000E+02
 EPSSHRINKVR(%)  6.0367E+00  1.9126E+01  1.0000E+02

  
 TOTAL DATA POINTS NORMALLY DISTRIBUTED (N):          464
 N*LOG(2PI) CONSTANT TO OBJECTIVE FUNCTION:    852.77495881393622     
 OBJECTIVE FUNCTION VALUE WITHOUT CONSTANT:   -1470.9386194924571     
 OBJECTIVE FUNCTION VALUE WITH CONSTANT:      -618.16366067852084     
 REPORTED OBJECTIVE FUNCTION DOES NOT CONTAIN CONSTANT
  
 TOTAL EFFECTIVE ETAS (NIND*NETA):                           110
  
 #TERE:
 Elapsed estimation  time in seconds:    41.15
 Elapsed covariance  time in seconds:    38.94
 Elapsed postprocess time in seconds:     0.37
1
 
 
 
 
 
 
 
 
 
 
 
 
 
 
 
 
 
 
 
 
 ************************************************************************************************************************
 ********************                                                                                ********************
 ********************               FIRST ORDER CONDITIONAL ESTIMATION WITH INTERACTION              ********************
 #OBJT:**************                       MINIMUM VALUE OF OBJECTIVE FUNCTION                      ********************
 ********************                                                                                ********************
 ************************************************************************************************************************
 





 #OBJV:********************************************    -1470.939       **************************************************
1
 ************************************************************************************************************************
 ********************                                                                                ********************
 ********************               FIRST ORDER CONDITIONAL ESTIMATION WITH INTERACTION              ********************
 ********************                             FINAL PARAMETER ESTIMATE                           ********************
 ********************                                                                                ********************
 ************************************************************************************************************************
 


 THETA - VECTOR OF FIXED EFFECTS PARAMETERS   *********


         TH 1      TH 2      TH 3      TH 4      TH 5      TH 6      TH 7      TH 8      TH 9      TH10      TH11     
 
         2.76E-01  3.88E-02  1.12E+01  2.57E+02  4.11E-01  2.60E+01  3.01E+02  0.00E+00  1.00E+00  0.00E+00  2.72E+01
 


 OMEGA - COV MATRIX FOR RANDOM EFFECTS - ETAS  ********


         ETA1      ETA2     
 
 ETA1
+        1.01E-01
 
 ETA2
+        0.00E+00  3.27E-01
 


 SIGMA - COV MATRIX FOR RANDOM EFFECTS - EPSILONS  ****


         EPS1      EPS2      EPS3     
 
 EPS1
+        1.00E+00
 
 EPS2
+        0.00E+00  1.00E+00
 
 EPS3
+        0.00E+00  0.00E+00  1.00E+00
 
1


 OMEGA - CORR MATRIX FOR RANDOM EFFECTS - ETAS  *******


         ETA1      ETA2     
 
 ETA1
+        3.18E-01
 
 ETA2
+        0.00E+00  5.72E-01
 


 SIGMA - CORR MATRIX FOR RANDOM EFFECTS - EPSILONS  ***


         EPS1      EPS2      EPS3     
 
 EPS1
+        1.00E+00
 
 EPS2
+        0.00E+00  1.00E+00
 
 EPS3
+        0.00E+00  0.00E+00  1.00E+00
 
1
 ************************************************************************************************************************
 ********************                                                                                ********************
 ********************               FIRST ORDER CONDITIONAL ESTIMATION WITH INTERACTION              ********************
 ********************                            STANDARD ERROR OF ESTIMATE                          ********************
 ********************                                                                                ********************
 ************************************************************************************************************************
 


 THETA - VECTOR OF FIXED EFFECTS PARAMETERS   *********


         TH 1      TH 2      TH 3      TH 4      TH 5      TH 6      TH 7      TH 8      TH 9      TH10      TH11     
 
         2.14E-02  6.12E-03  1.10E+00  5.29E+01  7.20E-02  1.62E+01  1.03E+02 ......... ......... .........  2.88E+00
 


 OMEGA - COV MATRIX FOR RANDOM EFFECTS - ETAS  ********


         ETA1      ETA2     
 
 ETA1
+        5.10E-02
 
 ETA2
+       .........  1.05E-01
 


 SIGMA - COV MATRIX FOR RANDOM EFFECTS - EPSILONS  ****


         EPS1      EPS2      EPS3     
 
 EPS1
+       .........
 
 EPS2
+       ......... .........
 
 EPS3
+       ......... ......... .........
 
1


 OMEGA - CORR MATRIX FOR RANDOM EFFECTS - ETAS  *******


         ETA1      ETA2     
 
 ETA1
+        8.01E-02
 
 ETA2
+       .........  9.15E-02
 


 SIGMA - CORR MATRIX FOR RANDOM EFFECTS - EPSILONS  ***


         EPS1      EPS2      EPS3     
 
 EPS1
+       .........
 
 EPS2
+       ......... .........
 
 EPS3
+       ......... ......... .........
 
1
 ************************************************************************************************************************
 ********************                                                                                ********************
 ********************               FIRST ORDER CONDITIONAL ESTIMATION WITH INTERACTION              ********************
 ********************                          COVARIANCE MATRIX OF ESTIMATE                         ********************
 ********************                                                                                ********************
 ************************************************************************************************************************
 

            TH 1      TH 2      TH 3      TH 4      TH 5      TH 6      TH 7      TH 8      TH 9      TH10      TH11      OM11  
             OM12      OM22      SG11      SG12      SG13      SG22      SG23      SG33  
 
 TH 1
+        4.57E-04
 
 TH 2
+       -2.73E-06  3.75E-05
 
 TH 3
+       -3.72E-03 -2.62E-03  1.20E+00
 
 TH 4
+       -1.33E-01  7.20E-02  5.38E+00  2.80E+03
 
 TH 5
+       -1.07E-04 -1.60E-04  1.89E-02  7.91E-01  5.18E-03
 
 TH 6
+        3.98E-02 -4.87E-02  1.15E+01 -3.44E+02  2.54E-01  2.62E+02
 
 TH 7
+        1.41E-01  2.23E-01 -3.91E+01  2.34E+03 -2.89E+00 -1.22E+03  1.07E+04
 
 TH 8
+       ......... ......... ......... ......... ......... ......... ......... .........
 
 TH 9
+       ......... ......... ......... ......... ......... ......... ......... ......... .........
 
 TH10
+       ......... ......... ......... ......... ......... ......... ......... ......... ......... .........
 
 TH11
+       -6.41E-03 -8.39E-03  2.90E+00 -2.36E+01  2.32E-02  3.78E+01 -1.65E+02 ......... ......... .........  8.28E+00
 
 OM11
+       -2.89E-04 -1.44E-04  3.08E-02 -5.31E-01  1.44E-03  4.75E-01 -3.83E+00 ......... ......... .........  9.82E-02  2.60E-03
 
 OM12
+       ......... ......... ......... ......... ......... ......... ......... ......... ......... ......... ......... .........
         .........
 
 OM22
+       -4.87E-04 -2.13E-04  3.75E-02 -3.49E+00  1.62E-03  1.19E+00 -8.86E+00 ......... ......... .........  1.56E-01  3.39E-03
         .........  1.09E-02
 
 SG11
+       ......... ......... ......... ......... ......... ......... ......... ......... ......... ......... ......... .........
         ......... ......... .........
 
 SG12
+       ......... ......... ......... ......... ......... ......... ......... ......... ......... ......... ......... .........
         ......... ......... ......... .........
 
 SG13
+       ......... ......... ......... ......... ......... ......... ......... ......... ......... ......... ......... .........
         ......... ......... ......... ......... .........
 
 SG22
+       ......... ......... ......... ......... ......... ......... ......... ......... ......... ......... ......... .........
         ......... ......... ......... ......... ......... .........
 
 SG23
+       ......... ......... ......... ......... ......... ......... ......... ......... ......... ......... ......... .........
         ......... ......... ......... ......... ......... ......... .........
 
1

            TH 1      TH 2      TH 3      TH 4      TH 5      TH 6      TH 7      TH 8      TH 9      TH10      TH11      OM11  
             OM12      OM22      SG11      SG12      SG13      SG22      SG23      SG33  
 
 SG33
+       ......... ......... ......... ......... ......... ......... ......... ......... ......... ......... ......... .........
         ......... ......... ......... ......... ......... ......... ......... .........
 
1
 ************************************************************************************************************************
 ********************                                                                                ********************
 ********************               FIRST ORDER CONDITIONAL ESTIMATION WITH INTERACTION              ********************
 ********************                          CORRELATION MATRIX OF ESTIMATE                        ********************
 ********************                                                                                ********************
 ************************************************************************************************************************
 

            TH 1      TH 2      TH 3      TH 4      TH 5      TH 6      TH 7      TH 8      TH 9      TH10      TH11      OM11  
             OM12      OM22      SG11      SG12      SG13      SG22      SG23      SG33  
 
 TH 1
+        2.14E-02
 
 TH 2
+       -2.09E-02  6.12E-03
 
 TH 3
+       -1.59E-01 -3.90E-01  1.10E+00
 
 TH 4
+       -1.17E-01  2.22E-01  9.28E-02  5.29E+01
 
 TH 5
+       -6.93E-02 -3.62E-01  2.40E-01  2.08E-01  7.20E-02
 
 TH 6
+        1.15E-01 -4.91E-01  6.45E-01 -4.02E-01  2.18E-01  1.62E+01
 
 TH 7
+        6.39E-02  3.52E-01 -3.45E-01  4.28E-01 -3.88E-01 -7.26E-01  1.03E+02
 
 TH 8
+       ......... ......... ......... ......... ......... ......... ......... .........
 
 TH 9
+       ......... ......... ......... ......... ......... ......... ......... ......... .........
 
 TH10
+       ......... ......... ......... ......... ......... ......... ......... ......... ......... .........
 
 TH11
+       -1.04E-01 -4.76E-01  9.19E-01 -1.55E-01  1.12E-01  8.10E-01 -5.53E-01 ......... ......... .........  2.88E+00
 
 OM11
+       -2.65E-01 -4.62E-01  5.52E-01 -1.97E-01  3.94E-01  5.75E-01 -7.25E-01 ......... ......... .........  6.70E-01  5.10E-02
 
 OM12
+       ......... ......... ......... ......... ......... ......... ......... ......... ......... ......... ......... .........
         .........
 
 OM22
+       -2.18E-01 -3.33E-01  3.27E-01 -6.31E-01  2.15E-01  7.01E-01 -8.18E-01 ......... ......... .........  5.17E-01  6.35E-01
         .........  1.05E-01
 
 SG11
+       ......... ......... ......... ......... ......... ......... ......... ......... ......... ......... ......... .........
         ......... ......... .........
 
 SG12
+       ......... ......... ......... ......... ......... ......... ......... ......... ......... ......... ......... .........
         ......... ......... ......... .........
 
 SG13
+       ......... ......... ......... ......... ......... ......... ......... ......... ......... ......... ......... .........
         ......... ......... ......... ......... .........
 
 SG22
+       ......... ......... ......... ......... ......... ......... ......... ......... ......... ......... ......... .........
         ......... ......... ......... ......... ......... .........
 
 SG23
+       ......... ......... ......... ......... ......... ......... ......... ......... ......... ......... ......... .........
         ......... ......... ......... ......... ......... ......... .........
 
1

            TH 1      TH 2      TH 3      TH 4      TH 5      TH 6      TH 7      TH 8      TH 9      TH10      TH11      OM11  
             OM12      OM22      SG11      SG12      SG13      SG22      SG23      SG33  
 
 SG33
+       ......... ......... ......... ......... ......... ......... ......... ......... ......... ......... ......... .........
         ......... ......... ......... ......... ......... ......... ......... .........
 
1
 ************************************************************************************************************************
 ********************                                                                                ********************
 ********************               FIRST ORDER CONDITIONAL ESTIMATION WITH INTERACTION              ********************
 ********************                      INVERSE COVARIANCE MATRIX OF ESTIMATE                     ********************
 ********************                                                                                ********************
 ************************************************************************************************************************
 

            TH 1      TH 2      TH 3      TH 4      TH 5      TH 6      TH 7      TH 8      TH 9      TH10      TH11      OM11  
             OM12      OM22      SG11      SG12      SG13      SG22      SG23      SG33  
 
 TH 1
+        3.78E+03
 
 TH 2
+       -1.53E+02  5.43E+04
 
 TH 3
+        5.60E+00 -3.67E+02  1.96E+01
 
 TH 4
+        5.59E-01 -1.81E+00 -2.41E-02  1.11E-03
 
 TH 5
+       -5.44E+01  3.39E+03 -8.73E+01 -2.34E-01  7.95E+02
 
 TH 6
+       -4.30E+00  9.32E-01  2.00E-01  4.48E-05 -1.44E+00  3.06E-02
 
 TH 7
+        1.99E-01  2.07E+00 -6.17E-02  7.79E-05  3.69E-01  3.76E-04  6.76E-04
 
 TH 8
+       ......... ......... ......... ......... ......... ......... ......... .........
 
 TH 9
+       ......... ......... ......... ......... ......... ......... ......... ......... .........
 
 TH10
+       ......... ......... ......... ......... ......... ......... ......... ......... ......... .........
 
 TH11
+        9.07E+00  2.03E+02 -9.32E+00  3.85E-03  4.82E+01 -2.02E-01  2.67E-02 ......... ......... .........  5.13E+00
 
 OM11
+        2.38E+02  6.94E+02  4.35E+01 -6.59E-02 -3.48E+02  2.72E+00  2.21E-01 ......... ......... ......... -3.68E+01  1.55E+03
 
 OM12
+       ......... ......... ......... ......... ......... ......... ......... ......... ......... ......... ......... .........
         .........
 
 OM22
+        7.58E+02 -3.05E+02 -2.15E+01  4.84E-01  4.72E+01 -1.61E+00  2.88E-01 ......... ......... .........  1.24E+01 -1.67E+02
         .........  6.24E+02
 
 SG11
+       ......... ......... ......... ......... ......... ......... ......... ......... ......... ......... ......... .........
         ......... ......... .........
 
 SG12
+       ......... ......... ......... ......... ......... ......... ......... ......... ......... ......... ......... .........
         ......... ......... ......... .........
 
 SG13
+       ......... ......... ......... ......... ......... ......... ......... ......... ......... ......... ......... .........
         ......... ......... ......... ......... .........
 
 SG22
+       ......... ......... ......... ......... ......... ......... ......... ......... ......... ......... ......... .........
         ......... ......... ......... ......... ......... .........
 
 SG23
+       ......... ......... ......... ......... ......... ......... ......... ......... ......... ......... ......... .........
         ......... ......... ......... ......... ......... ......... .........
 
1

            TH 1      TH 2      TH 3      TH 4      TH 5      TH 6      TH 7      TH 8      TH 9      TH10      TH11      OM11  
             OM12      OM22      SG11      SG12      SG13      SG22      SG23      SG33  
 
 SG33
+       ......... ......... ......... ......... ......... ......... ......... ......... ......... ......... ......... .........
         ......... ......... ......... ......... ......... ......... ......... .........
 
 Elapsed finaloutput time in seconds:     0.05
 #CPUT: Total CPU Time in Seconds,       80.225
Stop Time:
Wed Dec  1 18:08:17 CST 2021
