Mon May  6 22:45:38 PDT 2024
;; 1. Based on: 16
$PROBLEM    rabbit PK gradient in caseum,BDQ
$INPUT      C ID LESION RABBITID OLDID=DROP TIME TAD TIMED DIST NGML
            NDV AMT DOSE FLAT_DOSE nDOSES EVID MDV II ADDL METABFL BLQ
            CMTFL CMTDONUT TISSUE SPECIES SURF_AREA_UM2 AREA SLICE_NO
            DIST_250GRP DIST_SEQGRP INFECTION WT iCL iV iKA iKE iQ iV2
            iF1 iCLM iVM iPC6 iKPL6 DV
$DATA      1_NMdata_BQDGradient_20220324_IDperDV.csv IGNORE=C
            IGNORE(DIST.GT.1500) IGNORE(BLQ.EQ.1)

;IGNORE(METABFL.EQ.1)
$SUBROUTINE ADVAN6 TOL=2
$MODEL      NCOMP=7 COMP=(ABS,DEFDOSE) COMP=(CENTRAL,DEFOBS)
            COMP=(PERIPH) COMP=(METAB) COMP=(TRANSIT1)
            COMP=(CASEUMPARENT) COMP=(CASEUMMETAB)
$PK   

;IF(METABFL.EQ.0) L2 = 1
;IF(METABFL.EQ.1) L2 = 2


CL = 11.2
V  = 257*EXP(ETA(2))
KE = CL/V
KA = 0.411
S2 = V

F1 = 1*EXP(ETA(1))

Q = 26
V2 = 301

CLM = 27.2
VM = V
KM = CLM/VM

IF(DIST.LE.10) THEN
DISTN = 10
ELSE
DISTN = DIST
ENDIF

DISTCOV = THETA(3)
DISTCOVGAMMA = THETA(7)
TVKPL6 = THETA(1) 
KPL6 = TVKPL6
;IF(DIST.LE.150) TVPC6 = DISTCOV
TVPC6 = EXP(THETA(2))/DISTN**DISTCOVGAMMA
PC6 = TVPC6

DISTCOVMETAB = THETA(6)
DISTCOVMETABGAMMA = THETA(8)
TVKPL7 = THETA(4) 
KPL7 = TVKPL7
;TVPC7 = PC_CELL_MED*(1+DISTCOVMETAB*DISTN/100)
;IF(DIST.LE.150) TVPC7 = DISTCOVMETAB
TVPC7 = EXP(THETA(5))/DISTN**DISTCOVMETABGAMMA
PC7 = TVPC7

$DES         
DADT(1)=-KA*A(1)
DADT(2)= KA*A(5)-KE*A(2)-Q/V*A(2)+Q/V2*A(3)
DADT(3)= Q/V*A(2)-Q/V2*A(3)
DADT(4)= KE*A(2)-CLM*A(4)/VM
DADT(5)= KA*A(1)-KA*A(5)
DADT(6)= KPL6 * (PC6*A(2)/V - A(6))
DADT(7)= KPL7 * (PC7*A(4)/VM - A(7))


$ERROR            

CP = A(2)/V
CM = A(4)/VM

DEL = 1E-12
IPRED = LOG(A(6)+DEL)
IF(METABFL.EQ.1) IPRED = LOG(A(7)+DEL)

W = SQRT((THETA(9)/EXP(IPRED))**2 + THETA(10)**2)
IF(METABFL.EQ.1) W = SQRT((THETA(11)/EXP(IPRED))**2 + THETA(12)**2)
IF(W.EQ.0) W = 1


IRES = DV-IPRED
IWRES = IRES/W

;Y = IPRED + W*EPS(1) + EPS(2)
;IF(L2.EQ.2) Y = IPRED + W*EPS(3) + EPS(4)


LLOQ=LOG(1/1000)
IF(METABFL.EQ.1) LLOQ=LOG(10/1000)
DUM  = (LLOQ-IPRED)/W
CUMD = PHI(DUM)
IF (BLQ.EQ.0) THEN
  F_FLAG = 0
  Y = IPRED + W*ERR(1)
ENDIF

IF(BLQ.EQ.1) THEN
  F_FLAG = 1
  Y = CUMD
ENDIF


$THETA  (0,0.00320542) ; 1 KPL7
 (0,5.08718) ; 2 PC7
 (0,462.129) FIX ; 3 DISTCOV
 (0,0.00350731) ; 4 KPL8
 (0,7.04629) ; 5 PC8
 (0,308.283) FIX ; 6 DISTCOV
 (0,0.681802) ; 7 DISTCOVGAMMA
 (0,0.753408) ; 8 DISTCOVMETABGAMMA
 (0,0.0252316) ; 9 prop Error
 (0,1.5107) ; 10 add Error
 (0,0.0572238) ; 11 metab prop Error
 (0,1.17652) ; 12 metab add Error
$OMEGA  0.10099684  FIX
 0.32695524  FIX
$SIGMA  1  FIX  ;    1 error
 1  FIX  ;    2 error
$ESTIMATION METHOD=1 INTERACTION LAPLACIAN NUMERICAL PRINT=1 SIGL=6
            NSIG=1 MAXEVAL=9999 NOABORT
$COVARIANCE UNCONDITIONAL
$TABLE      ID RABBITID LESION TIME TAD IPRED PRED DV METABFL AMT DIST
            WRES IWRES CWRES EVID F1 CL V KPL6 PC6 KPL7 PC7 WT
            FILE=sdtabD01 NOPRINT ONEHEADER


NM-TRAN MESSAGES
  
 WARNINGS AND ERRORS (IF ANY) FOR PROBLEM    1
             
 (WARNING  2) NM-TRAN INFERS THAT THE DATA ARE POPULATION.
             
 (WARNING  3) THERE MAY BE AN ERROR IN THE ABBREVIATED CODE. THE FOLLOWING
 ONE OR MORE RANDOM VARIABLES ARE DEFINED WITH "IF" STATEMENTS THAT DO NOT
 PROVIDE DEFINITIONS FOR BOTH THE "THEN" AND "ELSE" CASES. IF ALL
 CONDITIONS FAIL, THE VALUES OF THESE VARIABLES WILL BE ZERO.
  
   Y

             
 (WARNING  90) WITH "NUMERICAL", "SLOW" IS ALSO REQUIRED ON $ESTIM RECORD.
 NM-TRAN HAS SUPPLIED THIS OPTION.

License Registered to: UCSF Dept of Bioengineering Therapeutic Sciences
Expiration Date:    14 APR 2025
Current Date:        6 MAY 2024
Days until program expires : 343
1NONLINEAR MIXED EFFECTS MODEL PROGRAM (NONMEM) VERSION 7.5.0
 ORIGINALLY DEVELOPED BY STUART BEAL, LEWIS SHEINER, AND ALISON BOECKMANN
 CURRENT DEVELOPERS ARE ROBERT BAUER, ICON DEVELOPMENT SOLUTIONS,
 AND ALISON BOECKMANN. IMPLEMENTATION, EFFICIENCY, AND STANDARDIZATION
 PERFORMED BY NOUS INFOSYSTEMS.

 PROBLEM NO.:         1
 rabbit PK gradient in caseum,BDQ
0DATA CHECKOUT RUN:              NO
 DATA SET LOCATED ON UNIT NO.:    2
 THIS UNIT TO BE REWOUND:        NO
 NO. OF DATA RECS IN DATA SET:      177
 NO. OF DATA ITEMS IN DATA SET:  43
 ID DATA ITEM IS DATA ITEM NO.:   2
 DEP VARIABLE IS DATA ITEM NO.:  43
 MDV DATA ITEM IS DATA ITEM NO.: 16
0INDICES PASSED TO SUBROUTINE PRED:
  15   5  11   0   0  17   0   0   0   0  18
0LABELS FOR DATA ITEMS:
 C ID LESION RABBITID TIME TAD TIMED DIST NGML NDV AMT DOSE FLAT_DOSE nDOSES EVID MDV II ADDL METABFL BLQ CMTFL CMTDONUT
 TISSUE SPECIES SURF_AREA_UM2 AREA SLICE_NO DIST_250GRP DIST_SEQGRP INFECTION WT iCL iV iKA iKE iQ iV2 iF1 iCLM iVM iPC6
 iKPL6 DV
0(NONBLANK) LABELS FOR PRED-DEFINED ITEMS:
 CL V F1 KPL6 PC6 KPL7 PC7 IPRED IWRES
0FORMAT FOR DATA:
 (7(6E12.0/),1E12.0)

 TOT. NO. OF OBS RECS:      109
 TOT. NO. OF INDIVIDUALS:       68
0LENGTH OF THETA:  12
0DEFAULT THETA BOUNDARY TEST OMITTED:    NO
0OMEGA HAS SIMPLE DIAGONAL FORM WITH DIMENSION:   2
0DEFAULT OMEGA BOUNDARY TEST OMITTED:    NO
0SIGMA HAS SIMPLE DIAGONAL FORM WITH DIMENSION:   2
0DEFAULT SIGMA BOUNDARY TEST OMITTED:    NO
0INITIAL ESTIMATE OF THETA:
 LOWER BOUND    INITIAL EST    UPPER BOUND
  0.0000E+00     0.3205E-02     0.1000E+07
  0.0000E+00     0.5087E+01     0.1000E+07
  0.4621E+03     0.4621E+03     0.4621E+03
  0.0000E+00     0.3507E-02     0.1000E+07
  0.0000E+00     0.7046E+01     0.1000E+07
  0.3083E+03     0.3083E+03     0.3083E+03
  0.0000E+00     0.6818E+00     0.1000E+07
  0.0000E+00     0.7534E+00     0.1000E+07
  0.0000E+00     0.2523E-01     0.1000E+07
  0.0000E+00     0.1511E+01     0.1000E+07
  0.0000E+00     0.5722E-01     0.1000E+07
  0.0000E+00     0.1177E+01     0.1000E+07
0INITIAL ESTIMATE OF OMEGA:
 0.1010E+00
 0.0000E+00   0.3270E+00
0OMEGA CONSTRAINED TO BE THIS INITIAL ESTIMATE
0INITIAL ESTIMATE OF SIGMA:
 0.1000E+01
 0.0000E+00   0.1000E+01
0SIGMA CONSTRAINED TO BE THIS INITIAL ESTIMATE
0COVARIANCE STEP OMITTED:        NO
 EIGENVLS. PRINTED:              NO
 SPECIAL COMPUTATION:            NO
 COMPRESSED FORMAT:              NO
 GRADIENT METHOD USED:       SLOW
 SIGDIGITS ETAHAT (SIGLO):                  -1
 SIGDIGITS GRADIENTS (SIGL):                -1
 EXCLUDE COV FOR FOCE (NOFCOV):              NO
 Cholesky Transposition of R Matrix (CHOLROFF):0
 KNUTHSUMOFF:                                -1
 RESUME COV ANALYSIS (RESUME):               NO
 SIR SAMPLE SIZE (SIRSAMPLE):
 NON-LINEARLY TRANSFORM THETAS DURING COV (THBND): 1
 PRECONDTIONING CYCLES (PRECOND):        0
 PRECONDTIONING TYPES (PRECONDS):        TOS
 FORCED PRECONDTIONING CYCLES (PFCOND):0
 PRECONDTIONING TYPE (PRETYPE):        0
 FORCED POS. DEFINITE SETTING DURING PRECONDITIONING: (FPOSDEF):0
 SIMPLE POS. DEFINITE SETTING: (POSDEF):-1
0TABLES STEP OMITTED:    NO
 NO. OF TABLES:           1
 SEED NUMBER (SEED):    11456
 RANMETHOD:             3U
 MC SAMPLES (ESAMPLE):    300
 WRES SQUARE ROOT TYPE (WRESCHOL): EIGENVALUE
0-- TABLE   1 --
0RECORDS ONLY:    ALL
04 COLUMNS APPENDED:    YES
 PRINTED:                NO
 HEADER:                YES
 FILE TO BE FORWARDED:   NO
 FORMAT:                S1PE11.4
 IDFORMAT:
 LFORMAT:
 RFORMAT:
 FIXED_EFFECT_ETAS:
0USER-CHOSEN ITEMS:
 ID RABBITID LESION TIME TAD IPRED DV METABFL AMT DIST IWRES CWRES EVID F1 CL V KPL6 PC6 KPL7 PC7 WT
1DOUBLE PRECISION PREDPP VERSION 7.5.0

 GENERAL NONLINEAR KINETICS MODEL (DVERK1, ADVAN6)
0MODEL SUBROUTINE USER-SUPPLIED - ID NO. 9999
0MAXIMUM NO. OF BASIC PK PARAMETERS:  11
0COMPARTMENT ATTRIBUTES
 COMPT. NO.   FUNCTION                         INITIAL    ON/OFF      DOSE      DEFAULT    DEFAULT
                                               STATUS     ALLOWED    ALLOWED    FOR DOSE   FOR OBS.
    1         ABS                                ON         YES        YES        YES        NO
    2         CENTRAL                            ON         YES        YES        NO         YES
    3         PERIPH                             ON         YES        YES        NO         NO
    4         METAB                              ON         YES        YES        NO         NO
    5         TRANSIT1                           ON         YES        YES        NO         NO
    6         CASEUMPARENT                       ON         YES        YES        NO         NO
    7         CASEUMMETAB                        ON         YES        YES        NO         NO
    8         OUTPUT                             OFF        YES        NO         NO         NO
 INITIAL (BASE) TOLERANCE SETTINGS:
 NRD (RELATIVE) VALUE OF TOLERANCE:   2
 ANRD (ABSOLUTE) VALUE OF TOLERANCE:  12
1
 ADDITIONAL PK PARAMETERS - ASSIGNMENT OF ROWS IN GG
 COMPT. NO.                             INDICES
              SCALE      BIOAVAIL.   ZERO-ORDER  ZERO-ORDER  ABSORB
                         FRACTION    RATE        DURATION    LAG
    1            *          13           *           *           *
    2           12           *           *           *           *
    3            *           *           *           *           *
    4            *           *           *           *           *
    5            *           *           *           *           *
    6            *           *           *           *           *
    7            *           *           *           *           *
    8            *           -           -           -           -
             - PARAMETER IS NOT ALLOWED FOR THIS MODEL
             * PARAMETER IS NOT SUPPLIED BY PK SUBROUTINE;
               WILL DEFAULT TO ONE IF APPLICABLE
0DATA ITEM INDICES USED BY PRED ARE:
   EVENT ID DATA ITEM IS DATA ITEM NO.:     15
   TIME DATA ITEM IS DATA ITEM NO.:          5
   DOSE AMOUNT DATA ITEM IS DATA ITEM NO.:  11
   INTERVAL DATA ITEM IS DATA ITEM NO.:     17
   ADDL. DOSES DATA ITEM IS DATA ITEM NO.:  18

0PK SUBROUTINE CALLED WITH EVERY EVENT RECORD.
 PK SUBROUTINE NOT CALLED AT NONEVENT (ADDITIONAL OR LAGGED) DOSE TIMES.
0ERROR SUBROUTINE CALLED WITH EVERY EVENT RECORD.
0ERROR SUBROUTINE INDICATES THAT DERIVATIVES OF COMPARTMENT AMOUNTS ARE USED.
0DES SUBROUTINE USES COMPACT STORAGE MODE.
1


 #TBLN:      1
 #METH: Laplacian Conditional Estimation with Interaction

 ESTIMATION STEP OMITTED:                 NO
 ANALYSIS TYPE:                           POPULATION
 NUMBER OF SADDLE POINT RESET ITERATIONS:      0
 GRADIENT METHOD USED:               SLOW
 CONDITIONAL ESTIMATES USED:              YES
 CENTERED ETA:                            NO
 EPS-ETA INTERACTION:                     YES
 LAPLACIAN OBJ. FUNC.:                    YES
 NUMERICAL 2ND DERIVATIVES:               YES
 NO. OF FUNCT. EVALS. ALLOWED:            9999
 NO. OF SIG. FIGURES REQUIRED:            1
 INTERMEDIATE PRINTOUT:                   YES
 ESTIMATE OUTPUT TO MSF:                  NO
 ABORT WITH PRED EXIT CODE 1:             NO
 IND. OBJ. FUNC. VALUES SORTED:           NO
 NUMERICAL DERIVATIVE
       FILE REQUEST (NUMDER):               NONE
 MAP (ETAHAT) ESTIMATION METHOD (OPTMAP):   0
 ETA HESSIAN EVALUATION METHOD (ETADER):    0
 INITIAL ETA FOR MAP ESTIMATION (MCETA):    0
 SIGDIGITS FOR MAP ESTIMATION (SIGLO):      6
 GRADIENT SIGDIGITS OF
       FIXED EFFECTS PARAMETERS (SIGL):     6
 NOPRIOR SETTING (NOPRIOR):                 0
 NOCOV SETTING (NOCOV):                     OFF
 DERCONT SETTING (DERCONT):                 OFF
 FINAL ETA RE-EVALUATION (FNLETA):          1
 EXCLUDE NON-INFLUENTIAL (NON-INFL.) ETAS
       IN SHRINKAGE (ETASTYPE):             NO
 NON-INFL. ETA CORRECTION (NONINFETA):      0
 RAW OUTPUT FILE (FILE): psn.ext
 EXCLUDE TITLE (NOTITLE):                   NO
 EXCLUDE COLUMN LABELS (NOLABEL):           NO
 FORMAT FOR ADDITIONAL FILES (FORMAT):      S1PE12.5
 PARAMETER ORDER FOR OUTPUTS (ORDER):       TSOL
 KNUTHSUMOFF:                               0
 INCLUDE LNTWOPI:                           NO
 INCLUDE CONSTANT TERM TO PRIOR (PRIORC):   NO
 INCLUDE CONSTANT TERM TO OMEGA (ETA) (OLNTWOPI):NO
 ADDITIONAL CONVERGENCE TEST (CTYPE=4)?:    NO
 EM OR BAYESIAN METHOD USED:                 NONE

 TOLERANCES FOR ESTIMATION/EVALUATION STEP:
 NRD (RELATIVE) VALUE OF TOLERANCE:   2
 ANRD (ABSOLUTE) VALUE OF TOLERANCE:  12
 TOLERANCES FOR COVARIANCE STEP:
 NRD (RELATIVE) VALUE OF TOLERANCE:   2
 ANRD (ABSOLUTE) VALUE OF TOLERANCE:  12
 TOLERANCES FOR TABLE/SCATTER STEP:
 NRD (RELATIVE) VALUE OF TOLERANCE:   2
 ANRD (ABSOLUTE) VALUE OF TOLERANCE:  12

 THE FOLLOWING LABELS ARE EQUIVALENT
 PRED=PREDI
 RES=RESI
 WRES=WRESI
 IWRS=IWRESI
 IPRD=IPREDI
 IRS=IRESI

 MONITORING OF SEARCH:


0ITERATION NO.:    0    OBJECTIVE VALUE:   210.569624844259        NO. OF FUNC. EVALS.:  11
 CUMULATIVE NO. OF FUNC. EVALS.:       11
 NPARAMETR:  3.2054E-03  5.0872E+00  3.5073E-03  7.0463E+00  6.8180E-01  7.5341E-01  2.5232E-02  1.5107E+00  5.7224E-02  1.1765E+00

 PARAMETER:  1.0000E-01  1.0000E-01  1.0000E-01  1.0000E-01  1.0000E-01  1.0000E-01  1.0000E-01  1.0000E-01  1.0000E-01  1.0000E-01

 GRADIENT:  -1.0532E+01 -7.4335E+01 -2.0740E+01 -1.9729E+02  1.4012E+01  4.6120E+01  4.5873E-01 -2.2827E+00  1.1648E-01 -2.3436E+01


0ITERATION NO.:    1    OBJECTIVE VALUE:   203.534551933778        NO. OF FUNC. EVALS.:  13
 CUMULATIVE NO. OF FUNC. EVALS.:       24
 NPARAMETR:  3.2153E-03  5.1992E+00  3.5287E-03  7.4657E+00  6.7901E-01  7.4329E-01  2.5228E-02  1.5117E+00  5.7222E-02  1.1846E+00

 PARAMETER:  1.0309E-01  1.2179E-01  1.0608E-01  1.5782E-01  9.5893E-02  8.6483E-02  9.9866E-02  1.0067E-01  9.9966E-02  1.0687E-01

 GRADIENT:  -7.7874E+00 -5.5257E+01 -9.9970E-01  1.3535E+01  1.7338E-01 -6.6798E+01  2.6328E-01 -3.5270E-01 -2.3198E-01 -1.2758E+01


0ITERATION NO.:    2    OBJECTIVE VALUE:   201.110182720738        NO. OF FUNC. EVALS.:  13
 CUMULATIVE NO. OF FUNC. EVALS.:       37
 NPARAMETR:  3.2312E-03  5.3835E+00  3.5309E-03  7.4023E+00  6.7893E-01  7.7526E-01  2.5224E-02  1.5120E+00  5.7230E-02  1.1942E+00

 PARAMETER:  1.0800E-01  1.5662E-01  1.0671E-01  1.4929E-01  9.5784E-02  1.2859E-01  9.9700E-02  1.0089E-01  1.0011E-01  1.1491E-01

 GRADIENT:  -1.4971E+00 -8.7623E+00 -1.0551E+01 -9.5352E+01 -3.0741E+01 -5.6995E+00  1.0528E-01 -8.1723E-01  6.1054E-02 -9.3975E+00


0ITERATION NO.:    3    OBJECTIVE VALUE:   195.866504322678        NO. OF FUNC. EVALS.:  13
 CUMULATIVE NO. OF FUNC. EVALS.:       50
 NPARAMETR:  3.2686E-03  5.8309E+00  3.5727E-03  7.9974E+00  6.9984E-01  8.4966E-01  2.5213E-02  1.5140E+00  5.7244E-02  1.2254E+00

 PARAMETER:  1.1951E-01  2.3644E-01  1.1848E-01  2.2661E-01  1.2611E-01  2.2022E-01  9.9256E-02  1.0216E-01  1.0035E-01  1.4067E-01

 GRADIENT:   8.9473E+00  7.7017E+01 -1.3099E+00  1.5129E+00 -8.1934E+01 -4.5560E+01  1.4029E-01 -5.3300E+00 -2.3054E-03  5.1453E+00


0ITERATION NO.:    4    OBJECTIVE VALUE:   183.486532559800        NO. OF FUNC. EVALS.:  12
 CUMULATIVE NO. OF FUNC. EVALS.:       62
 NPARAMETR:  3.3147E-03  6.2822E+00  3.6682E-03  9.2454E+00  8.4556E-01  1.1438E+00  2.5181E-02  1.5309E+00  5.7280E-02  1.2904E+00

 PARAMETER:  1.3352E-01  3.1100E-01  1.4486E-01  3.7162E-01  3.1526E-01  5.1750E-01  9.7980E-02  1.1326E-01  1.0098E-01  1.9242E-01

 GRADIENT:   1.4955E+00  1.0740E+01 -6.2551E+00 -9.6050E+01 -3.4284E+01  7.0016E+01  3.4751E-01  1.1267E+01  7.0548E-01  2.1266E+01


0ITERATION NO.:    5    OBJECTIVE VALUE:   178.410401208818        NO. OF FUNC. EVALS.:  13
 CUMULATIVE NO. OF FUNC. EVALS.:       75
 NPARAMETR:  3.3869E-03  7.2151E+00  3.6373E-03  9.4160E+00  1.0449E+00  1.1864E+00  2.5078E-02  1.4213E+00  5.7107E-02  1.1380E+00

 PARAMETER:  1.5507E-01  4.4945E-01  1.3639E-01  3.8991E-01  5.2694E-01  5.5410E-01  9.3885E-02  3.8967E-02  9.7953E-02  6.6729E-02

 GRADIENT:   1.9376E+00  3.0847E+00 -9.4469E+00 -1.4821E+02 -6.6546E+00  1.1652E+02  6.9131E-01  9.3898E+00  6.7308E-01  2.5864E+00


0ITERATION NO.:    6    OBJECTIVE VALUE:   178.136417833964        NO. OF FUNC. EVALS.:  13
 CUMULATIVE NO. OF FUNC. EVALS.:       88
 NPARAMETR:  3.3833E-03  7.3439E+00  3.6002E-03  9.3417E+00  1.0807E+00  1.1696E+00  2.4981E-02  1.4057E+00  5.7081E-02  1.1747E+00

 PARAMETER:  1.5400E-01  4.6714E-01  1.2615E-01  3.8199E-01  5.6059E-01  5.3981E-01  9.0036E-02  2.7964E-02  9.7501E-02  9.8459E-02

 GRADIENT:   4.3356E-01 -1.5451E+01 -9.0293E+00 -1.3713E+02  1.3567E+01  1.0238E+02  9.1513E-01  8.1374E+00  7.1373E-01  8.1470E+00


0ITERATION NO.:    7    OBJECTIVE VALUE:   176.513416805217        NO. OF FUNC. EVALS.:  12
 CUMULATIVE NO. OF FUNC. EVALS.:      100
 NPARAMETR:  2.5910E-03  7.6368E+00  2.6989E-03  9.6792E+00  1.0944E+00  1.1822E+00  2.0997E-02  1.3113E+00  5.5301E-02  1.1512E+00

 PARAMETER: -1.1280E-01  5.0626E-01 -1.6199E-01  4.1747E-01  5.7319E-01  5.5050E-01 -8.3702E-02 -4.1551E-02  6.5825E-02  7.8215E-02

 GRADIENT:   1.8383E+00  5.0908E+00 -8.1770E+00 -1.0216E+02 -1.9043E+00  8.1393E+01 -7.9873E-01 -4.3523E+00  7.7785E-01  7.6408E+00


0ITERATION NO.:    8    OBJECTIVE VALUE:   176.031491379690        NO. OF FUNC. EVALS.:  12
 CUMULATIVE NO. OF FUNC. EVALS.:      112
 NPARAMETR:  2.1855E-03  8.0076E+00  2.2667E-03  9.8036E+00  1.1282E+00  1.1658E+00  1.9032E-02  1.4177E+00  5.3959E-02  1.1213E+00

 PARAMETER: -2.8300E-01  5.5367E-01 -3.3654E-01  4.3025E-01  6.0361E-01  5.3657E-01 -1.8199E-01  3.6487E-02  4.1255E-02  5.1951E-02

 GRADIENT:   3.2319E+00  2.6583E+01 -5.4612E+00 -5.5704E+01 -1.0485E+01  4.5718E+01 -8.2261E-01  9.7851E+00  5.5872E-01  3.4317E+00


0ITERATION NO.:    9    OBJECTIVE VALUE:   174.776282218508        NO. OF FUNC. EVALS.:  13
 CUMULATIVE NO. OF FUNC. EVALS.:      125
 NPARAMETR:  2.0090E-03  7.9659E+00  2.8026E-03  9.5330E+00  1.1087E+00  1.1317E+00  2.2901E-02  1.3490E+00  4.7884E-02  1.0866E+00

 PARAMETER: -3.6722E-01  5.4844E-01 -1.2429E-01  4.0226E-01  5.8622E-01  5.0688E-01  3.0898E-03 -1.3234E-02 -7.8185E-02  2.0488E-02

 GRADIENT:   2.6576E+00  2.2976E+01 -1.8539E+00 -1.6607E+01 -1.0695E+01  1.4261E+01  1.9613E-01  3.6869E+00 -1.4914E-01  1.5128E-01


0ITERATION NO.:   10    OBJECTIVE VALUE:   174.636231119280        NO. OF FUNC. EVALS.:  14
 CUMULATIVE NO. OF FUNC. EVALS.:      139
 NPARAMETR:  2.0397E-03  7.8876E+00  3.0391E-03  9.4378E+00  1.0999E+00  1.1221E+00  2.1264E-02  1.3431E+00  5.0392E-02  1.0812E+00

 PARAMETER: -3.5203E-01  5.3857E-01 -4.3275E-02  3.9222E-01  5.7824E-01  4.9838E-01 -7.1066E-02 -1.7567E-02 -2.7134E-02  1.5543E-02

 GRADIENT:   1.9039E+00  1.4822E+01 -1.0223E+00 -9.5526E+00 -7.1306E+00  8.1758E+00 -4.2131E-01  2.7746E+00 -7.3188E-02 -3.7027E-01


0ITERATION NO.:   11    OBJECTIVE VALUE:   174.516365692158        NO. OF FUNC. EVALS.:  12
 CUMULATIVE NO. OF FUNC. EVALS.:      151
 NPARAMETR:  1.8187E-03  7.8911E+00  3.2429E-03  9.3585E+00  1.0877E+00  1.1133E+00  2.3290E-02  1.3194E+00  5.7892E-02  1.0800E+00

 PARAMETER: -4.6671E-01  5.3901E-01  2.1610E-02  3.8378E-01  5.6707E-01  4.9047E-01  1.9909E-02 -3.5429E-02  1.1162E-01  1.4402E-02

 GRADIENT:   3.7645E-01  2.7823E+00 -3.5855E-01 -3.8545E+00 -1.2977E+00  3.3812E+00  2.5263E-01  8.7630E-01  2.6706E-01  8.3040E-02


0ITERATION NO.:   12    OBJECTIVE VALUE:   174.500853631558        NO. OF FUNC. EVALS.:  12
 CUMULATIVE NO. OF FUNC. EVALS.:      163
 NPARAMETR:  1.7233E-03  7.9309E+00  3.3497E-03  9.3146E+00  1.0881E+00  1.1099E+00  2.2746E-02  1.3132E+00  5.3424E-02  1.0829E+00

 PARAMETER: -5.2061E-01  5.4404E-01  5.4024E-02  3.7908E-01  5.6743E-01  4.8737E-01 -3.6893E-03 -4.0113E-02  3.1282E-02  1.7113E-02

 GRADIENT:   1.4041E-01  1.3693E+00 -2.7613E-01 -5.8160E+00 -5.9696E-01  3.6233E+00  6.7602E-02  3.8643E-02  1.6223E-02  4.3542E-01


0ITERATION NO.:   13    OBJECTIVE VALUE:   174.500846523266        NO. OF FUNC. EVALS.:  12
 CUMULATIVE NO. OF FUNC. EVALS.:      175
 NPARAMETR:  1.7591E-03  7.8833E+00  3.2387E-03  9.3586E+00  1.0840E+00  1.1121E+00  2.2725E-02  1.3136E+00  5.1565E-02  1.0806E+00

 PARAMETER: -5.0002E-01  5.3803E-01  2.0320E-02  3.8379E-01  5.6372E-01  4.8938E-01 -4.6305E-03 -3.9771E-02 -4.1283E-03  1.4926E-02

 GRADIENT:  -3.5572E-01 -3.7931E+00  1.3013E-01  2.0122E+00  2.1511E+00 -6.5987E-01  6.1139E-02  1.6977E-01 -7.9333E-02  3.6661E-02


0ITERATION NO.:   14    OBJECTIVE VALUE:   174.494543765761        NO. OF FUNC. EVALS.:  14
 CUMULATIVE NO. OF FUNC. EVALS.:      189
 NPARAMETR:  1.7336E-03  7.9127E+00  3.2644E-03  9.3429E+00  1.0863E+00  1.1103E+00  2.2575E-02  1.3126E+00  5.2897E-02  1.0796E+00

 PARAMETER: -5.1466E-01  5.4174E-01  2.8233E-02  3.8212E-01  5.6578E-01  4.8774E-01 -1.1233E-02 -4.0540E-02  2.1379E-02  1.4021E-02

 GRADIENT:  -5.6784E-02 -7.1466E-01  4.8836E-02  6.3720E-01  4.2947E-01 -3.0610E-01 -1.0841E-03 -1.2761E-02 -1.4505E-02 -4.1305E-02


0ITERATION NO.:   15    OBJECTIVE VALUE:   174.494543765761        NO. OF FUNC. EVALS.:  20
 CUMULATIVE NO. OF FUNC. EVALS.:      209
 NPARAMETR:  1.7336E-03  7.9127E+00  3.2644E-03  9.3429E+00  1.0863E+00  1.1103E+00  2.2575E-02  1.3126E+00  5.2897E-02  1.0796E+00

 PARAMETER: -5.1466E-01  5.4174E-01  2.8233E-02  3.8212E-01  5.6578E-01  4.8774E-01 -1.1233E-02 -4.0540E-02  2.1379E-02  1.4021E-02

 GRADIENT:  -6.7048E-02 -1.6291E+00  4.6846E-02 -5.4741E-01 -8.2411E-02 -9.0900E-01 -1.5144E-03 -2.2080E-02 -1.4640E-02 -4.9074E-02


0ITERATION NO.:   16    OBJECTIVE VALUE:   174.484779969225        NO. OF FUNC. EVALS.:  22
 CUMULATIVE NO. OF FUNC. EVALS.:      231
 NPARAMETR:  1.6852E-03  7.9617E+00  3.2373E-03  9.3644E+00  1.0913E+00  1.1132E+00  2.2486E-02  1.3116E+00  5.2895E-02  1.0799E+00

 PARAMETER: -5.4294E-01  5.4792E-01  1.9895E-02  3.8442E-01  5.7040E-01  4.9039E-01 -1.5224E-02 -4.1296E-02  2.1342E-02  1.4328E-02

 GRADIENT:  -4.6954E-02 -1.1392E+00  7.6508E-02  1.3578E-01  4.4566E-01 -6.0020E-01  5.5034E-04 -9.0479E-02 -5.9040E-03  6.4901E-03


0ITERATION NO.:   17    OBJECTIVE VALUE:   174.480904623759        NO. OF FUNC. EVALS.:  22
 CUMULATIVE NO. OF FUNC. EVALS.:      253
 NPARAMETR:  1.6216E-03  8.0110E+00  3.1852E-03  9.3869E+00  1.0943E+00  1.1156E+00  2.2405E-02  1.3118E+00  5.2771E-02  1.0806E+00

 PARAMETER: -5.8141E-01  5.5409E-01  3.6662E-03  3.8682E-01  5.7313E-01  4.9250E-01 -1.8808E-02 -4.1136E-02  1.8987E-02  1.4991E-02

 GRADIENT:   4.5327E-02  2.7613E-01 -1.0505E-02 -1.7056E-01 -9.7588E-02  8.2605E-02  1.1691E-04 -4.0066E-02  1.7368E-03  1.0619E-01


0ITERATION NO.:   18    OBJECTIVE VALUE:   174.480904623759        NO. OF FUNC. EVALS.:   0
 CUMULATIVE NO. OF FUNC. EVALS.:      253
 NPARAMETR:  1.6216E-03  8.0110E+00  3.1852E-03  9.3869E+00  1.0943E+00  1.1156E+00  2.2405E-02  1.3118E+00  5.2771E-02  1.0806E+00

 PARAMETER: -5.8141E-01  5.5409E-01  3.6662E-03  3.8682E-01  5.7313E-01  4.9250E-01 -1.8808E-02 -4.1136E-02  1.8987E-02  1.4991E-02

 GRADIENT:   4.5327E-02  2.7613E-01 -1.0505E-02 -1.7056E-01 -9.7588E-02  8.2605E-02  1.1691E-04 -4.0066E-02  1.7368E-03  1.0619E-01


 #TERM:
0MINIMIZATION SUCCESSFUL
 NO. OF FUNCTION EVALUATIONS USED:      253
 NO. OF SIG. DIGITS IN FINAL EST.:  1.9

 ETABAR IS THE ARITHMETIC MEAN OF THE ETA-ESTIMATES,
 AND THE P-VALUE IS GIVEN FOR THE NULL HYPOTHESIS THAT THE TRUE MEAN IS 0.

 ETABAR:        -4.1431E-03  8.6949E-03
 SE:             1.8028E-02  1.7837E-02
 N:                      60          60

 P VAL.:         8.1824E-01  6.2594E-01

 ETASHRINKSD(%)  5.5687E+01  7.5632E+01
 ETASHRINKVR(%)  8.0364E+01  9.4062E+01
 EBVSHRINKSD(%)  6.7642E+01  8.7116E+01
 EBVSHRINKVR(%)  8.9530E+01  9.8340E+01
 RELATIVEINF(%)  1.0000E-10  1.0000E-10
 EPSSHRINKSD(%)  2.8433E+00  1.0000E+02
 EPSSHRINKVR(%)  5.6058E+00  1.0000E+02

  
 TOTAL DATA POINTS NORMALLY DISTRIBUTED (N):          109
 N*LOG(2PI) CONSTANT TO OBJECTIVE FUNCTION:    200.32860023861863     
 OBJECTIVE FUNCTION VALUE WITHOUT CONSTANT:    174.48090462375887     
 OBJECTIVE FUNCTION VALUE WITH CONSTANT:       374.80950486237748     
 REPORTED OBJECTIVE FUNCTION DOES NOT CONTAIN CONSTANT
  
 TOTAL EFFECTIVE ETAS (NIND*NETA):                           120
  
 #TERE:
 Elapsed estimation  time in seconds:    36.69
 Elapsed covariance  time in seconds:    32.20
 Elapsed postprocess time in seconds:     0.18
1
 
 
 
 
 
 
 
 
 
 
 
 
 
 
 
 
 
 
 
 
 ************************************************************************************************************************
 ********************                                                                                ********************
 ********************                LAPLACIAN CONDITIONAL ESTIMATION WITH INTERACTION               ********************
 #OBJT:**************                       MINIMUM VALUE OF OBJECTIVE FUNCTION                      ********************
 ********************                                                                                ********************
 ************************************************************************************************************************
 





 #OBJV:********************************************      174.481       **************************************************
1
 ************************************************************************************************************************
 ********************                                                                                ********************
 ********************                LAPLACIAN CONDITIONAL ESTIMATION WITH INTERACTION               ********************
 ********************                             FINAL PARAMETER ESTIMATE                           ********************
 ********************                                                                                ********************
 ************************************************************************************************************************
 


 THETA - VECTOR OF FIXED EFFECTS PARAMETERS   *********


         TH 1      TH 2      TH 3      TH 4      TH 5      TH 6      TH 7      TH 8      TH 9      TH10      TH11      TH12     

 
         1.62E-03  8.01E+00  4.62E+02  3.19E-03  9.39E+00  3.08E+02  1.09E+00  1.12E+00  2.24E-02  1.31E+00  5.28E-02  1.08E+00
 


 OMEGA - COV MATRIX FOR RANDOM EFFECTS - ETAS  ********


         ETA1      ETA2     
 
 ETA1
+        1.01E-01
 
 ETA2
+        0.00E+00  3.27E-01
 


 SIGMA - COV MATRIX FOR RANDOM EFFECTS - EPSILONS  ****


         EPS1      EPS2     
 
 EPS1
+        1.00E+00
 
 EPS2
+        0.00E+00  1.00E+00
 
1


 OMEGA - CORR MATRIX FOR RANDOM EFFECTS - ETAS  *******


         ETA1      ETA2     
 
 ETA1
+        3.18E-01
 
 ETA2
+        0.00E+00  5.72E-01
 


 SIGMA - CORR MATRIX FOR RANDOM EFFECTS - EPSILONS  ***


         EPS1      EPS2     
 
 EPS1
+        1.00E+00
 
 EPS2
+        0.00E+00  1.00E+00
 
1
 ************************************************************************************************************************
 ********************                                                                                ********************
 ********************                LAPLACIAN CONDITIONAL ESTIMATION WITH INTERACTION               ********************
 ********************                            STANDARD ERROR OF ESTIMATE                          ********************
 ********************                                                                                ********************
 ************************************************************************************************************************
 


 THETA - VECTOR OF FIXED EFFECTS PARAMETERS   *********


         TH 1      TH 2      TH 3      TH 4      TH 5      TH 6      TH 7      TH 8      TH 9      TH10      TH11      TH12     

 
         2.40E-03  1.76E+00 .........  2.50E-03  1.02E+00 .........  1.36E-01  1.12E-01  6.87E-03  1.67E-01  1.29E-02  1.71E-01
 


 OMEGA - COV MATRIX FOR RANDOM EFFECTS - ETAS  ********


         ETA1      ETA2     
 
 ETA1
+       .........
 
 ETA2
+       ......... .........
 


 SIGMA - COV MATRIX FOR RANDOM EFFECTS - EPSILONS  ****


         EPS1      EPS2     
 
 EPS1
+       .........
 
 EPS2
+       ......... .........
 
1


 OMEGA - CORR MATRIX FOR RANDOM EFFECTS - ETAS  *******


         ETA1      ETA2     
 
 ETA1
+       .........
 
 ETA2
+       ......... .........
 


 SIGMA - CORR MATRIX FOR RANDOM EFFECTS - EPSILONS  ***


         EPS1      EPS2     
 
 EPS1
+       .........
 
 EPS2
+       ......... .........
 
1
 ************************************************************************************************************************
 ********************                                                                                ********************
 ********************                LAPLACIAN CONDITIONAL ESTIMATION WITH INTERACTION               ********************
 ********************                          COVARIANCE MATRIX OF ESTIMATE                         ********************
 ********************                                                                                ********************
 ************************************************************************************************************************
 

            TH 1      TH 2      TH 3      TH 4      TH 5      TH 6      TH 7      TH 8      TH 9      TH10      TH11      TH12  
             OM11      OM12      OM22      SG11      SG12      SG22  
 
 TH 1
+        5.75E-06
 
 TH 2
+       -4.06E-03  3.11E+00
 
 TH 3
+       ......... ......... .........
 
 TH 4
+        5.01E-06 -3.57E-03 .........  6.27E-06
 
 TH 5
+       -1.98E-03  1.60E+00 ......... -2.22E-03  1.05E+00
 
 TH 6
+       ......... ......... ......... ......... ......... .........
 
 TH 7
+       -2.41E-04  2.12E-01 ......... -2.07E-04  1.14E-01 .........  1.86E-02
 
 TH 8
+       -1.65E-04  1.51E-01 ......... -1.55E-04  9.99E-02 .........  1.33E-02  1.26E-02
 
 TH 9
+        5.69E-06 -4.10E-03 .........  4.21E-06 -1.54E-03 ......... -3.58E-04 -1.95E-04  4.71E-05
 
 TH10
+        1.96E-04 -1.57E-01 .........  1.91E-04 -9.93E-02 ......... -9.18E-03 -8.32E-03 -1.97E-04  2.78E-02
 
 TH11
+        1.50E-05 -1.07E-02 .........  1.65E-05 -5.74E-03 ......... -8.40E-04 -6.03E-04  4.56E-05 -1.74E-04  1.67E-04
 
 TH12
+        2.29E-04 -1.83E-01 .........  2.21E-04 -1.11E-01 ......... -1.12E-02 -1.01E-02 -9.97E-05  2.41E-02 -2.15E-05  2.93E-02
 
 OM11
+       ......... ......... ......... ......... ......... ......... ......... ......... ......... ......... ......... .........
         .........
 
 OM12
+       ......... ......... ......... ......... ......... ......... ......... ......... ......... ......... ......... .........
         ......... .........
 
 OM22
+       ......... ......... ......... ......... ......... ......... ......... ......... ......... ......... ......... .........
         ......... ......... .........
 
 SG11
+       ......... ......... ......... ......... ......... ......... ......... ......... ......... ......... ......... .........
         ......... ......... ......... .........
 
 SG12
+       ......... ......... ......... ......... ......... ......... ......... ......... ......... ......... ......... .........
         ......... ......... ......... ......... .........
 
 SG22
+       ......... ......... ......... ......... ......... ......... ......... ......... ......... ......... ......... .........
         ......... ......... ......... ......... ......... .........
 
1
 ************************************************************************************************************************
 ********************                                                                                ********************
 ********************                LAPLACIAN CONDITIONAL ESTIMATION WITH INTERACTION               ********************
 ********************                          CORRELATION MATRIX OF ESTIMATE                        ********************
 ********************                                                                                ********************
 ************************************************************************************************************************
 

            TH 1      TH 2      TH 3      TH 4      TH 5      TH 6      TH 7      TH 8      TH 9      TH10      TH11      TH12  
             OM11      OM12      OM22      SG11      SG12      SG22  
 
 TH 1
+        2.40E-03
 
 TH 2
+       -9.60E-01  1.76E+00
 
 TH 3
+       ......... ......... .........
 
 TH 4
+        8.34E-01 -8.08E-01 .........  2.50E-03
 
 TH 5
+       -8.06E-01  8.88E-01 ......... -8.68E-01  1.02E+00
 
 TH 6
+       ......... ......... ......... ......... ......... .........
 
 TH 7
+       -7.36E-01  8.81E-01 ......... -6.06E-01  8.21E-01 .........  1.36E-01
 
 TH 8
+       -6.14E-01  7.62E-01 ......... -5.53E-01  8.70E-01 .........  8.67E-01  1.12E-01
 
 TH 9
+        3.46E-01 -3.38E-01 .........  2.45E-01 -2.19E-01 ......... -3.83E-01 -2.53E-01  6.87E-03
 
 TH10
+        4.90E-01 -5.33E-01 .........  4.57E-01 -5.82E-01 ......... -4.04E-01 -4.45E-01 -1.72E-01  1.67E-01
 
 TH11
+        4.85E-01 -4.69E-01 .........  5.12E-01 -4.35E-01 ......... -4.78E-01 -4.17E-01  5.14E-01 -8.06E-02  1.29E-02
 
 TH12
+        5.59E-01 -6.05E-01 .........  5.16E-01 -6.33E-01 ......... -4.81E-01 -5.25E-01 -8.49E-02  8.42E-01 -9.74E-03  1.71E-01
 
 OM11
+       ......... ......... ......... ......... ......... ......... ......... ......... ......... ......... ......... .........
         .........
 
 OM12
+       ......... ......... ......... ......... ......... ......... ......... ......... ......... ......... ......... .........
         ......... .........
 
 OM22
+       ......... ......... ......... ......... ......... ......... ......... ......... ......... ......... ......... .........
         ......... ......... .........
 
 SG11
+       ......... ......... ......... ......... ......... ......... ......... ......... ......... ......... ......... .........
         ......... ......... ......... .........
 
 SG12
+       ......... ......... ......... ......... ......... ......... ......... ......... ......... ......... ......... .........
         ......... ......... ......... ......... .........
 
 SG22
+       ......... ......... ......... ......... ......... ......... ......... ......... ......... ......... ......... .........
         ......... ......... ......... ......... ......... .........
 
1
 ************************************************************************************************************************
 ********************                                                                                ********************
 ********************                LAPLACIAN CONDITIONAL ESTIMATION WITH INTERACTION               ********************
 ********************                      INVERSE COVARIANCE MATRIX OF ESTIMATE                     ********************
 ********************                                                                                ********************
 ************************************************************************************************************************
 

            TH 1      TH 2      TH 3      TH 4      TH 5      TH 6      TH 7      TH 8      TH 9      TH10      TH11      TH12  
             OM11      OM12      OM22      SG11      SG12      SG22  
 
 TH 1
+        1.89E+07
 
 TH 2
+        3.70E+04  7.58E+01
 
 TH 3
+       ......... ......... .........
 
 TH 4
+       -6.66E+06 -1.24E+04 .........  6.26E+06
 
 TH 5
+       -2.98E+04 -5.97E+01 .........  2.48E+04  1.09E+02
 
 TH 6
+       ......... ......... ......... ......... ......... .........
 
 TH 7
+       -1.59E+05 -3.41E+02 .........  5.00E+04  2.53E+02 .........  1.86E+03
 
 TH 8
+        1.24E+05  2.57E+02 ......... -1.16E+05 -5.14E+02 ......... -1.34E+03  2.80E+03
 
 TH 9
+       -1.42E+05 -2.29E+02 .........  2.76E+04  7.12E+01 .........  1.68E+03 -5.44E+02  3.51E+04
 
 TH10
+       -1.04E+04 -1.85E+01 .........  1.09E+04  4.94E+01 .........  7.64E+01 -2.28E+02  3.73E+02  1.59E+02
 
 TH11
+       -2.68E+04 -5.02E+01 ......... -1.24E+05 -3.92E+02 .........  3.98E+02  2.33E+03 -4.91E+03 -2.28E+01  1.58E+04
 
 TH12
+        9.47E+03  2.23E+01 ......... -7.94E+03 -3.24E+01 ......... -1.04E+02  1.90E+02  6.86E+00 -1.08E+02  3.15E+02  1.50E+02
 
 OM11
+       ......... ......... ......... ......... ......... ......... ......... ......... ......... ......... ......... .........
         .........
 
 OM12
+       ......... ......... ......... ......... ......... ......... ......... ......... ......... ......... ......... .........
         ......... .........
 
 OM22
+       ......... ......... ......... ......... ......... ......... ......... ......... ......... ......... ......... .........
         ......... ......... .........
 
 SG11
+       ......... ......... ......... ......... ......... ......... ......... ......... ......... ......... ......... .........
         ......... ......... ......... .........
 
 SG12
+       ......... ......... ......... ......... ......... ......... ......... ......... ......... ......... ......... .........
         ......... ......... ......... ......... .........
 
 SG22
+       ......... ......... ......... ......... ......... ......... ......... ......... ......... ......... ......... .........
         ......... ......... ......... ......... ......... .........
 
 Elapsed finaloutput time in seconds:     0.01
 #CPUT: Total CPU Time in Seconds,       69.245
Stop Time:
Mon May  6 22:46:51 PDT 2024
